#
# A fatal error has been detected by the Java Runtime Environment:
#
#  EXCEPTION_ACCESS_VIOLATION (0xc0000005) at pc=0x00007ffc5c1c8f50, pid=4804, tid=19868
#
# JRE version: OpenJDK Runtime Environment Temurin-17.0.5+8 (17.0.5+8) (build 17.0.5+8)
# Java VM: OpenJDK 64-Bit Server VM Temurin-17.0.5+8 (17.0.5+8, mixed mode, tiered, compressed oops, compressed class ptrs, parallel gc, windows-amd64)
# Problematic frame:
# V  [jvm.dll+0x9b8f50]
#
# No core dump will be written. Minidumps are not enabled by default on client versions of Windows
#
# If you would like to submit a bug report, please visit:
#   https://github.com/adoptium/adoptium-support/issues
#

---------------  S U M M A R Y ------------

Command Line: --add-modules=ALL-SYSTEM --add-opens=java.base/java.util=ALL-UNNAMED --add-opens=java.base/java.lang=ALL-UNNAMED --add-opens=java.base/sun.nio.fs=ALL-UNNAMED -Declipse.application=org.eclipse.jdt.ls.core.id1 -Dosgi.bundles.defaultStartLevel=4 -Declipse.product=org.eclipse.jdt.ls.core.product -Djava.import.generatesMetadataFilesAtProjectRoot=false -Dfile.encoding=utf8 -XX:+UseParallelGC -XX:GCTimeRatio=4 -XX:AdaptiveSizePolicyWeight=90 -Dsun.zip.disableMemoryMapping=true -Xmx1G -Xms100m -Xlog:disable -javaagent:c:\Users\Roman\.vscode\extensions\redhat.java-1.14.0-win32-x64\lombok\lombok-1.18.24.jar -XX:+HeapDumpOnOutOfMemoryError -XX:HeapDumpPath=c:\Users\Roman\AppData\Roaming\Code\User\workspaceStorage\f6142260ced35fe5b497dea90f6949b9\redhat.java c:\Users\Roman\.vscode\extensions\redhat.java-1.14.0-win32-x64\server\plugins\org.eclipse.equinox.launcher_1.6.400.v20210924-0641.jar -configuration c:\Users\Roman\AppData\Roaming\Code\User\globalStorage\redhat.java\1.14.0\config_win -data c:\Users\Roman\AppData\Roaming\Code\User\workspaceStorage\f6142260ced35fe5b497dea90f6949b9\redhat.java\jdt_ws

Host: AMD Ryzen 5 4600H with Radeon Graphics         , 12 cores, 15G,  Windows 11 , 64 bit Build 22621 (10.0.22621.1194)
Time: Sun Feb 19 14:29:27 2023 Mitteleuropäische Zeit elapsed time: 1.393300 seconds (0d 0h 0m 1s)

---------------  T H R E A D  ---------------

Current thread (0x0000022ebfbac470):  GCTaskThread "GC Thread#4" [stack: 0x000000c748000000,0x000000c748100000] [id=19868]

Stack: [0x000000c748000000,0x000000c748100000],  sp=0x000000c7480ffaa8,  free space=1022k
Native frames: (J=compiled Java code, j=interpreted, Vv=VM code, C=native code)
V  [jvm.dll+0x9b8f50]


siginfo: EXCEPTION_ACCESS_VIOLATION (0xc0000005), data execution prevention violation at address 0x00007ffc5c1c8f50


Register to memory mapping:

RIP=0x00007ffc5c1c8f50 jvm.dll
RAX=0x000000000000022e is an unknown value
RBX=0x0000000000000009 is an unknown value
RCX=0x000000c7480ffad0 points into unknown readable memory: 0x00007ffc5c1bc1b0 | b0 c1 1b 5c fc 7f 00 00
RDX=0x00000000ecabb690 points into unknown readable memory: 0x00000000ecabb693 | 93 b6 ab ec 00 00 00 00
RSP=0x000000c7480ffaa8 points into unknown readable memory: 0x00007ffc5beb61e2 | e2 61 eb 5b fc 7f 00 00
RBP=0x000000c7480ffb78 points into unknown readable memory: 0x000000000000000c | 0c 00 00 00 00 00 00 00
RSI=0x00007ffc5c152de8 jvm.dll
RDI=0x0 is NULL
R8 =0x000000010008c1a8 is pointing into metadata
R9 =0x00007ffc5c3206d0 jvm.dll
R10=0x0 is NULL
R11=0x0000022ebc3b0f80 points into unknown readable memory: 0x00007ffc5c1bcfb8 | b8 cf 1b 5c fc 7f 00 00
R12=0x0 is NULL
R13=0xffffffffecabb738 is an unknown value
R14=0x00000000ecabb690 points into unknown readable memory: 0x00000000ecabb693 | 93 b6 ab ec 00 00 00 00
R15=0x0000022ebc3b0f80 points into unknown readable memory: 0x00007ffc5c1bcfb8 | b8 cf 1b 5c fc 7f 00 00


Registers:
RAX=0x000000000000022e, RBX=0x0000000000000009, RCX=0x000000c7480ffad0, RDX=0x00000000ecabb690
RSP=0x000000c7480ffaa8, RBP=0x000000c7480ffb78, RSI=0x00007ffc5c152de8, RDI=0x0000000000000000
R8 =0x000000010008c1a8, R9 =0x00007ffc5c3206d0, R10=0x0000000000000000, R11=0x0000022ebc3b0f80
R12=0x0000000000000000, R13=0xffffffffecabb738, R14=0x00000000ecabb690, R15=0x0000022ebc3b0f80
RIP=0x00007ffc5c1c8f50, EFLAGS=0x0000000000010202

Top of Stack: (sp=0x000000c7480ffaa8)
0x000000c7480ffaa8:   00007ffc5beb61e2 0000022ea853c6d0
0x000000c7480ffab8:   fffffffffd9576e7 0000022ea6340af0
0x000000c7480ffac8:   00007ffc5be91ad6 00007ffc5c1bc1b0
0x000000c7480ffad8:   0000022ea85585c0 0000022ebc3b0f80
0x000000c7480ffae8:   0000000000000000 0000000000000000
0x000000c7480ffaf8:   00007ffc5bec39dc 0000000000000009
0x000000c7480ffb08:   fffffffffd9576e7 0000000000000000
0x000000c7480ffb18:   0000000000000000 00007ffd124092d0
0x000000c7480ffb28:   0000022ebfb92bc0 0000000000000009
0x000000c7480ffb38:   00007ffd1492d87a 0000022ec0e8c352
0x000000c7480ffb48:   0000000000001000 0000022ebfac46f0
0x000000c7480ffb58:   0000000000000000 0000000000000011
0x000000c7480ffb68:   0000000000001000 0000000000000010
0x000000c7480ffb78:   000000000000000c 0000000000000038
0x000000c7480ffb88:   0000000000000000 00000000ec5ef98c
0x000000c7480ffb98:   0000000000000009 0000000000000000 

Instructions: (pc=0x00007ffc5c1c8f50)
0x00007ffc5c1c8e50:   4c 44 73 00 00 00 00 00 20 20 20 20 44 4d 3a 20
0x00007ffc5c1c8e60:   57 65 61 6b 20 52 65 66 65 72 65 6e 63 65 73 00
0x00007ffc5c1c8e70:   20 20 20 20 44 4d 3a 20 50 61 72 61 6c 6c 65 6c
0x00007ffc5c1c8e80:   20 4d 61 72 6b 00 00 00 20 20 20 20 53 79 73 74
0x00007ffc5c1c8e90:   65 6d 20 50 75 72 67 65 00 00 00 00 00 00 00 00
0x00007ffc5c1c8ea0:   20 20 20 20 20 20 57 65 61 6b 20 52 65 66 65 72
0x00007ffc5c1c8eb0:   65 6e 63 65 73 00 00 00 20 20 20 20 20 20 20 20
0x00007ffc5c1c8ec0:   57 52 50 3a 20 3c 74 6f 74 61 6c 3e 00 00 00 00
0x00007ffc5c1c8ed0:   20 20 20 20 20 20 20 20 57 52 50 3a 20 54 68 72
0x00007ffc5c1c8ee0:   65 61 64 20 52 6f 6f 74 73 00 00 00 00 00 00 00
0x00007ffc5c1c8ef0:   20 20 20 20 20 20 20 20 57 52 50 3a 20 43 6f 64
0x00007ffc5c1c8f00:   65 20 43 61 63 68 65 20 52 6f 6f 74 73 00 00 00
0x00007ffc5c1c8f10:   20 20 20 20 20 20 20 20 57 52 50 3a 20 56 4d 20
0x00007ffc5c1c8f20:   53 74 72 6f 6e 67 20 52 6f 6f 74 73 00 00 00 00
0x00007ffc5c1c8f30:   20 20 20 20 20 20 20 20 57 52 50 3a 20 56 4d 20
0x00007ffc5c1c8f40:   57 65 61 6b 20 52 6f 6f 74 73 00 00 00 00 00 00
0x00007ffc5c1c8f50:   20 20 20 20 20 20 20 20 57 52 50 3a 20 43 4c 44
0x00007ffc5c1c8f60:   47 20 52 6f 6f 74 73 00 20 20 20 20 20 20 20 20
0x00007ffc5c1c8f70:   57 52 50 3a 20 55 6e 6c 6f 61 64 20 43 6f 64 65
0x00007ffc5c1c8f80:   20 43 61 63 68 65 73 00 20 20 20 20 20 20 20 20
0x00007ffc5c1c8f90:   57 52 50 3a 20 55 6e 6c 69 6e 6b 20 43 4c 44 73
0x00007ffc5c1c8fa0:   00 00 00 00 00 00 00 00 20 20 20 20 20 20 20 20
0x00007ffc5c1c8fb0:   57 52 50 3a 20 57 65 61 6b 20 52 65 66 65 72 65
0x00007ffc5c1c8fc0:   6e 63 65 73 00 00 00 00 20 20 20 20 20 20 20 20
0x00007ffc5c1c8fd0:   57 52 50 3a 20 50 61 72 61 6c 6c 65 6c 20 4d 61
0x00007ffc5c1c8fe0:   72 6b 00 00 00 00 00 00 20 20 20 20 20 20 55 6e
0x00007ffc5c1c8ff0:   6c 6f 61 64 20 43 6c 61 73 73 65 73 00 00 00 00
0x00007ffc5c1c9000:   20 20 20 20 20 20 20 20 44 43 55 3a 20 3c 74 6f
0x00007ffc5c1c9010:   74 61 6c 3e 00 00 00 00 20 20 20 20 20 20 20 20
0x00007ffc5c1c9020:   44 43 55 3a 20 54 68 72 65 61 64 20 52 6f 6f 74
0x00007ffc5c1c9030:   73 00 00 00 00 00 00 00 20 20 20 20 20 20 20 20
0x00007ffc5c1c9040:   44 43 55 3a 20 43 6f 64 65 20 43 61 63 68 65 20 


Stack slot to memory mapping:
stack at sp + 0 slots: 0x00007ffc5beb61e2 jvm.dll
stack at sp + 1 slots: 0x0000022ea853c6d0 points into unknown readable memory: 0x0000000000000000 | 00 00 00 00 00 00 00 00
stack at sp + 2 slots: 0xfffffffffd9576e7 is an unknown value
stack at sp + 3 slots: 0x0000022ea6340af0 points into unknown readable memory: 0x00007ffc5c1bc698 | 98 c6 1b 5c fc 7f 00 00
stack at sp + 4 slots: 0x00007ffc5be91ad6 jvm.dll
stack at sp + 5 slots: 0x00007ffc5c1bc1b0 jvm.dll
stack at sp + 6 slots: 0x0000022ea85585c0 points into unknown readable memory: 0x00007ffc5c1bdd20 | 20 dd 1b 5c fc 7f 00 00
stack at sp + 7 slots: 0x0000022ebc3b0f80 points into unknown readable memory: 0x00007ffc5c1bcfb8 | b8 cf 1b 5c fc 7f 00 00


---------------  P R O C E S S  ---------------

Threads class SMR info:
_java_thread_list=0x0000022ec09d7f80, length=19, elements={
0x0000022ea8541a40, 0x0000022ebc3b8aa0, 0x0000022ebc3b9910, 0x0000022ea85fdf80,
0x0000022ea85fea40, 0x0000022ebdecbba0, 0x0000022ebdecc550, 0x0000022ebded0180,
0x0000022ebded1310, 0x0000022ebded59a0, 0x0000022ea85a4f20, 0x0000022ebe1ac0e0,
0x0000022ebe1ab410, 0x0000022ec0b0e050, 0x0000022ec0c7e720, 0x0000022ec0a498f0,
0x0000022ec0fef330, 0x0000022ec0bb7100, 0x0000022ec0abede0
}

Java Threads: ( => current thread )
  0x0000022ea8541a40 JavaThread "main" [_thread_blocked, id=16376, stack(0x000000c746c00000,0x000000c746d00000)]
  0x0000022ebc3b8aa0 JavaThread "Reference Handler" daemon [_thread_blocked, id=7620, stack(0x000000c746f00000,0x000000c747000000)]
  0x0000022ebc3b9910 JavaThread "Finalizer" daemon [_thread_blocked, id=14448, stack(0x000000c747000000,0x000000c747100000)]
  0x0000022ea85fdf80 JavaThread "Signal Dispatcher" daemon [_thread_blocked, id=10996, stack(0x000000c747100000,0x000000c747200000)]
  0x0000022ea85fea40 JavaThread "Attach Listener" daemon [_thread_blocked, id=23484, stack(0x000000c747200000,0x000000c747300000)]
  0x0000022ebdecbba0 JavaThread "Service Thread" daemon [_thread_blocked, id=19756, stack(0x000000c747300000,0x000000c747400000)]
  0x0000022ebdecc550 JavaThread "Monitor Deflation Thread" daemon [_thread_blocked, id=15608, stack(0x000000c747400000,0x000000c747500000)]
  0x0000022ebded0180 JavaThread "C2 CompilerThread0" daemon [_thread_blocked, id=10100, stack(0x000000c747500000,0x000000c747600000)]
  0x0000022ebded1310 JavaThread "C1 CompilerThread0" daemon [_thread_blocked, id=7684, stack(0x000000c747600000,0x000000c747700000)]
  0x0000022ebded59a0 JavaThread "Sweeper thread" daemon [_thread_blocked, id=4528, stack(0x000000c747700000,0x000000c747800000)]
  0x0000022ea85a4f20 JavaThread "Common-Cleaner" daemon [_thread_blocked, id=8768, stack(0x000000c747800000,0x000000c747900000)]
  0x0000022ebe1ac0e0 JavaThread "Notification Thread" daemon [_thread_blocked, id=10164, stack(0x000000c747900000,0x000000c747a00000)]
  0x0000022ebe1ab410 JavaThread "C2 CompilerThread1" daemon [_thread_blocked, id=22828, stack(0x000000c747b00000,0x000000c747c00000)]
  0x0000022ec0b0e050 JavaThread "Active Thread: Equinox Container: ce9e6c31-8e97-4b04-a7cf-11b02d872ba3" [_thread_blocked, id=22568, stack(0x000000c748300000,0x000000c748400000)]
  0x0000022ec0c7e720 JavaThread "Framework Event Dispatcher: Equinox Container: ce9e6c31-8e97-4b04-a7cf-11b02d872ba3" daemon [_thread_blocked, id=9372, stack(0x000000c748400000,0x000000c748500000)]
  0x0000022ec0a498f0 JavaThread "Start Level: Equinox Container: ce9e6c31-8e97-4b04-a7cf-11b02d872ba3" daemon [_thread_blocked, id=20336, stack(0x000000c748500000,0x000000c748600000)]
  0x0000022ec0fef330 JavaThread "SCR Component Actor" daemon [_thread_blocked, id=12860, stack(0x000000c748600000,0x000000c748700000)]
  0x0000022ec0bb7100 JavaThread "SCR Component Registry" daemon [_thread_blocked, id=19856, stack(0x000000c748900000,0x000000c748a00000)]
  0x0000022ec0abede0 JavaThread "Worker-JM" [_thread_blocked, id=16688, stack(0x000000c747c00000,0x000000c747d00000)]

Other Threads:
  0x0000022ebde81fd0 VMThread "VM Thread" [stack: 0x000000c746e00000,0x000000c746f00000] [id=21100]
  0x0000022ebe1a0060 WatcherThread [stack: 0x000000c747a00000,0x000000c747b00000] [id=10528]
  0x0000022ea8556e20 GCTaskThread "GC Thread#0" [stack: 0x000000c746d00000,0x000000c746e00000] [id=22560]
  0x0000022ebfbac1c0 GCTaskThread "GC Thread#1" [stack: 0x000000c747d00000,0x000000c747e00000] [id=21076]
  0x0000022ebfb9c330 GCTaskThread "GC Thread#2" [stack: 0x000000c747e00000,0x000000c747f00000] [id=17644]
  0x0000022ebfb9c5e0 GCTaskThread "GC Thread#3" [stack: 0x000000c747f00000,0x000000c748000000] [id=3688]
=>0x0000022ebfbac470 GCTaskThread "GC Thread#4" [stack: 0x000000c748000000,0x000000c748100000] [id=19868]
  0x0000022ebfbac720 GCTaskThread "GC Thread#5" [stack: 0x000000c748100000,0x000000c748200000] [id=17056]
  0x0000022ebfb46290 GCTaskThread "GC Thread#6" [stack: 0x000000c748200000,0x000000c748300000] [id=13820]
  0x0000022ec0cbbb80 GCTaskThread "GC Thread#7" [stack: 0x000000c748700000,0x000000c748800000] [id=21956]
  0x0000022ebfbc0570 GCTaskThread "GC Thread#8" [stack: 0x000000c748800000,0x000000c748900000] [id=5100]

Threads with active compile tasks:
C1 CompilerThread0     1411 2148       3       org.eclipse.core.internal.registry.ReferenceMap::get (54 bytes)
C2 CompilerThread1     1411 2131       4       lombok.patcher.PatchScript::classMatches (41 bytes)

VM state: at safepoint (normal execution)

VM Mutex/Monitor currently owned by a thread:  ([mutex/lock_event])
[0x0000022ea853d920] Threads_lock - owner thread: 0x0000022ebde81fd0
[0x0000022ea853ea90] Heap_lock - owner thread: 0x0000022ec0a498f0

Heap address: 0x00000000c0000000, size: 1024 MB, Compressed Oops mode: 32-bit

CDS archive(s) not mapped
Compressed class space mapped at: 0x0000000100000000-0x0000000140000000, reserved size: 1073741824
Narrow klass base: 0x0000000000000000, Narrow klass shift: 3, Narrow klass range: 0x140000000

GC Precious Log:
 CPUs: 12 total, 12 available
 Memory: 15741M
 Large Page Support: Disabled
 NUMA Support: Disabled
 Compressed Oops: Enabled (32-bit)
 Alignments: Space 512K, Generation 512K, Heap 2M
 Heap Min Capacity: 100M
 Heap Initial Capacity: 100M
 Heap Max Capacity: 1G
 Pre-touch: Disabled
 Parallel Workers: 10

Heap:
 PSYoungGen      total 29696K, used 29687K [0x00000000eab00000, 0x00000000ecc00000, 0x0000000100000000)
  eden space 25600K, 100% used [0x00000000eab00000,0x00000000ec400000,0x00000000ec400000)
  from space 4096K, 99% used [0x00000000ec800000,0x00000000ecbfdec8,0x00000000ecc00000)
  to   space 4096K, 99% used [0x00000000ec400000,0x00000000ec7ff028,0x00000000ec800000)
 ParOldGen       total 699392K, used 3772K [0x00000000c0000000, 0x00000000eab00000, 0x00000000eab00000)
  object space 699392K, 0% used [0x00000000c0000000,0x00000000c03af0d8,0x00000000eab00000)
 Metaspace       used 19744K, committed 20160K, reserved 1073152K
  class space    used 2006K, committed 2176K, reserved 1048576K

Card table byte_map: [0x0000022ea7ee0000,0x0000022ea80f0000] _byte_map_base: 0x0000022ea78e0000

Marking Bits: (ParMarkBitMap*) 0x00007ffc5c390dd0
 Begin Bits: [0x0000022eba1c0000, 0x0000022ebb1c0000)
 End Bits:   [0x0000022ebb1c0000, 0x0000022ebc1c0000)

Polling page: 0x0000022ea6520000

Metaspace:

Usage:
  Non-class:     17.32 MB used.
      Class:      1.96 MB used.
       Both:     19.28 MB used.

Virtual space:
  Non-class space:       24.00 MB reserved,      17.56 MB ( 73%) committed,  3 nodes.
      Class space:        1.00 GB reserved,       2.12 MB ( <1%) committed,  1 nodes.
             Both:        1.02 GB reserved,      19.69 MB (  2%) committed. 

Chunk freelists:
   Non-Class:  2.22 MB
       Class:  1.86 MB
        Both:  4.08 MB

MaxMetaspaceSize: unlimited
CompressedClassSpaceSize: 1.00 GB
Initial GC threshold: 21.00 MB
Current GC threshold: 21.00 MB
CDS: off
MetaspaceReclaimPolicy: balanced
 - commit_granule_bytes: 65536.
 - commit_granule_words: 8192.
 - virtual_space_node_default_size: 1048576.
 - enlarge_chunks_in_place: 1.
 - new_chunks_are_fully_committed: 0.
 - uncommit_free_chunks: 1.
 - use_allocation_guard: 0.
 - handle_deallocations: 1.


Internal statistics:

num_allocs_failed_limit: 0.
num_arena_births: 162.
num_arena_deaths: 0.
num_vsnodes_births: 4.
num_vsnodes_deaths: 0.
num_space_committed: 315.
num_space_uncommitted: 0.
num_chunks_returned_to_freelist: 0.
num_chunks_taken_from_freelist: 573.
num_chunk_merges: 0.
num_chunk_splits: 380.
num_chunks_enlarged: 272.
num_purges: 0.
num_inconsistent_stats: 0.

CodeHeap 'non-profiled nmethods': size=120000Kb used=877Kb max_used=877Kb free=119122Kb
 bounds [0x0000022eb2c90000, 0x0000022eb2f00000, 0x0000022eba1c0000]
CodeHeap 'profiled nmethods': size=120000Kb used=4235Kb max_used=4235Kb free=115764Kb
 bounds [0x0000022eab760000, 0x0000022eabb90000, 0x0000022eb2c90000]
CodeHeap 'non-nmethods': size=5760Kb used=1186Kb max_used=1220Kb free=4573Kb
 bounds [0x0000022eab1c0000, 0x0000022eab430000, 0x0000022eab760000]
 total_blobs=2623 nmethods=2141 adapters=396
 compilation: enabled
              stopped_count=0, restarted_count=0
 full_count=0

Compilation events (20 events):
Event: 1.371 Thread 0x0000022ebded1310 nmethod 2135 0x0000022eabb80010 code [0x0000022eabb801e0, 0x0000022eabb804b8]
Event: 1.372 Thread 0x0000022ebded1310 2136       3       java.util.WeakHashMap::put (160 bytes)
Event: 1.373 Thread 0x0000022ebded1310 nmethod 2136 0x0000022eabb80590 code [0x0000022eabb80800, 0x0000022eabb81648]
Event: 1.376 Thread 0x0000022ebded1310 2137       3       java.io.DataInputStream::readInt (72 bytes)
Event: 1.377 Thread 0x0000022ebded1310 nmethod 2137 0x0000022eabb81b90 code [0x0000022eabb81d80, 0x0000022eabb822c8]
Event: 1.377 Thread 0x0000022ebded1310 2139       3       org.eclipse.core.internal.registry.BufferedRandomInputStream::read (92 bytes)
Event: 1.377 Thread 0x0000022ebded0180 2143       4       org.eclipse.core.internal.registry.BufferedRandomInputStream::read (41 bytes)
Event: 1.377 Thread 0x0000022ebded1310 nmethod 2139 0x0000022eabb82490 code [0x0000022eabb82680, 0x0000022eabb82b18]
Event: 1.377 Thread 0x0000022ebded1310 2138       1       org.eclipse.core.internal.registry.RegistryObject::getObjectId (5 bytes)
Event: 1.377 Thread 0x0000022ebded1310 nmethod 2138 0x0000022eb2d6a510 code [0x0000022eb2d6a6a0, 0x0000022eb2d6a778]
Event: 1.377 Thread 0x0000022ebded1310 2140       1       org.eclipse.core.internal.registry.RegistryObject::setObjectId (6 bytes)
Event: 1.377 Thread 0x0000022ebded1310 nmethod 2140 0x0000022eb2d6a810 code [0x0000022eb2d6a9a0, 0x0000022eb2d6aa78]
Event: 1.377 Thread 0x0000022ebded1310 2141       1       org.eclipse.core.internal.registry.RegistryObject::setRawChildren (6 bytes)
Event: 1.378 Thread 0x0000022ebded1310 nmethod 2141 0x0000022eb2d6ab10 code [0x0000022eb2d6aca0, 0x0000022eb2d6ad78]
Event: 1.378 Thread 0x0000022ebded1310 2142       1       org.eclipse.core.internal.registry.RegistryObject::getRawChildren (5 bytes)
Event: 1.378 Thread 0x0000022ebded1310 nmethod 2142 0x0000022eb2d6ae10 code [0x0000022eb2d6afa0, 0x0000022eb2d6b078]
Event: 1.378 Thread 0x0000022ebded1310 2144       1       org.eclipse.core.internal.registry.ExtensionRegistry::isMultiLanguage (5 bytes)
Event: 1.378 Thread 0x0000022ebded1310 nmethod 2144 0x0000022eb2d6b110 code [0x0000022eb2d6b2a0, 0x0000022eb2d6b378]
Event: 1.378 Thread 0x0000022ebded1310 2148       3       org.eclipse.core.internal.registry.ReferenceMap::get (54 bytes)
Event: 1.378 Thread 0x0000022ebded0180 nmethod 2143 0x0000022eb2d6b410 code [0x0000022eb2d6b5a0, 0x0000022eb2d6b6a8]

GC Heap History (5 events):
Event: 0.621 GC heap before
{Heap before GC invocations=1 (full 0):
 PSYoungGen      total 29696K, used 25600K [0x00000000eab00000, 0x00000000ecc00000, 0x0000000100000000)
  eden space 25600K, 100% used [0x00000000eab00000,0x00000000ec400000,0x00000000ec400000)
  from space 4096K, 0% used [0x00000000ec800000,0x00000000ec800000,0x00000000ecc00000)
  to   space 4096K, 0% used [0x00000000ec400000,0x00000000ec400000,0x00000000ec800000)
 ParOldGen       total 68608K, used 0K [0x00000000c0000000, 0x00000000c4300000, 0x00000000eab00000)
  object space 68608K, 0% used [0x00000000c0000000,0x00000000c0000000,0x00000000c4300000)
 Metaspace       used 10934K, committed 11072K, reserved 1064960K
  class space    used 1086K, committed 1152K, reserved 1048576K
}
Event: 0.626 GC heap after
{Heap after GC invocations=1 (full 0):
 PSYoungGen      total 29696K, used 3665K [0x00000000eab00000, 0x00000000ecc00000, 0x0000000100000000)
  eden space 25600K, 0% used [0x00000000eab00000,0x00000000eab00000,0x00000000ec400000)
  from space 4096K, 89% used [0x00000000ec400000,0x00000000ec7946a0,0x00000000ec800000)
  to   space 4096K, 0% used [0x00000000ec800000,0x00000000ec800000,0x00000000ecc00000)
 ParOldGen       total 68608K, used 16K [0x00000000c0000000, 0x00000000c4300000, 0x00000000eab00000)
  object space 68608K, 0% used [0x00000000c0000000,0x00000000c0004000,0x00000000c4300000)
 Metaspace       used 10934K, committed 11072K, reserved 1064960K
  class space    used 1086K, committed 1152K, reserved 1048576K
}
Event: 1.009 GC heap before
{Heap before GC invocations=2 (full 0):
 PSYoungGen      total 29696K, used 29265K [0x00000000eab00000, 0x00000000ecc00000, 0x0000000100000000)
  eden space 25600K, 100% used [0x00000000eab00000,0x00000000ec400000,0x00000000ec400000)
  from space 4096K, 89% used [0x00000000ec400000,0x00000000ec7946a0,0x00000000ec800000)
  to   space 4096K, 0% used [0x00000000ec800000,0x00000000ec800000,0x00000000ecc00000)
 ParOldGen       total 68608K, used 16K [0x00000000c0000000, 0x00000000c4300000, 0x00000000eab00000)
  object space 68608K, 0% used [0x00000000c0000000,0x00000000c0004000,0x00000000c4300000)
 Metaspace       used 14694K, committed 15040K, reserved 1064960K
  class space    used 1491K, committed 1664K, reserved 1048576K
}
Event: 1.014 GC heap after
{Heap after GC invocations=2 (full 0):
 PSYoungGen      total 29696K, used 4087K [0x00000000eab00000, 0x00000000ecc00000, 0x0000000100000000)
  eden space 25600K, 0% used [0x00000000eab00000,0x00000000eab00000,0x00000000ec400000)
  from space 4096K, 99% used [0x00000000ec800000,0x00000000ecbfdec8,0x00000000ecc00000)
  to   space 4096K, 0% used [0x00000000ec400000,0x00000000ec400000,0x00000000ec800000)
 ParOldGen       total 68608K, used 2014K [0x00000000c0000000, 0x00000000c4300000, 0x00000000eab00000)
  object space 68608K, 2% used [0x00000000c0000000,0x00000000c01f79e0,0x00000000c4300000)
 Metaspace       used 14694K, committed 15040K, reserved 1064960K
  class space    used 1491K, committed 1664K, reserved 1048576K
}
Event: 1.378 GC heap before
{Heap before GC invocations=3 (full 0):
 PSYoungGen      total 29696K, used 29687K [0x00000000eab00000, 0x00000000ecc00000, 0x0000000100000000)
  eden space 25600K, 100% used [0x00000000eab00000,0x00000000ec400000,0x00000000ec400000)
  from space 4096K, 99% used [0x00000000ec800000,0x00000000ecbfdec8,0x00000000ecc00000)
  to   space 4096K, 0% used [0x00000000ec400000,0x00000000ec400000,0x00000000ec800000)
 ParOldGen       total 68608K, used 2014K [0x00000000c0000000, 0x00000000c4300000, 0x00000000eab00000)
  object space 68608K, 2% used [0x00000000c0000000,0x00000000c01f79e0,0x00000000c4300000)
 Metaspace       used 19744K, committed 20160K, reserved 1073152K
  class space    used 2006K, committed 2176K, reserved 1048576K
}

Dll operation events (9 events):
Event: 0.006 Loaded shared library c:\Users\Roman\.vscode\extensions\redhat.java-1.14.0-win32-x64\jre\17.0.5-win32-x86_64\bin\java.dll
Event: 0.106 Loaded shared library c:\Users\Roman\.vscode\extensions\redhat.java-1.14.0-win32-x64\jre\17.0.5-win32-x86_64\bin\zip.dll
Event: 0.108 Loaded shared library C:\Users\Roman\.vscode\extensions\redhat.java-1.14.0-win32-x64\jre\17.0.5-win32-x86_64\bin\instrument.dll
Event: 0.119 Loaded shared library C:\Users\Roman\.vscode\extensions\redhat.java-1.14.0-win32-x64\jre\17.0.5-win32-x86_64\bin\net.dll
Event: 0.121 Loaded shared library C:\Users\Roman\.vscode\extensions\redhat.java-1.14.0-win32-x64\jre\17.0.5-win32-x86_64\bin\nio.dll
Event: 0.126 Loaded shared library C:\Users\Roman\.vscode\extensions\redhat.java-1.14.0-win32-x64\jre\17.0.5-win32-x86_64\bin\zip.dll
Event: 0.139 Loaded shared library C:\Users\Roman\.vscode\extensions\redhat.java-1.14.0-win32-x64\jre\17.0.5-win32-x86_64\bin\jimage.dll
Event: 0.177 Loaded shared library c:\Users\Roman\.vscode\extensions\redhat.java-1.14.0-win32-x64\jre\17.0.5-win32-x86_64\bin\verify.dll
Event: 0.937 Loaded shared library C:\Users\Roman\AppData\Roaming\Code\User\globalStorage\redhat.java\1.14.0\config_win\org.eclipse.equinox.launcher\org.eclipse.equinox.launcher.win32.win32.x86_64_1.2.700.v20221108-1024\eclipse_11801.dll

Deoptimization events (20 events):
Event: 1.223 Thread 0x0000022ec0a498f0 Uncommon trap: trap_request=0xffffff45 fr.pc=0x0000022eb2cda4dc relative=0x000000000000005c
Event: 1.223 Thread 0x0000022ec0a498f0 Uncommon trap: reason=unstable_if action=reinterpret pc=0x0000022eb2cda4dc method=java.lang.AbstractStringBuilder.isLatin1()Z @ 10 c2
Event: 1.223 Thread 0x0000022ec0a498f0 DEOPT PACKING pc=0x0000022eb2cda4dc sp=0x000000c7485f8dc0
Event: 1.223 Thread 0x0000022ec0a498f0 DEOPT UNPACKING pc=0x0000022eab2120a3 sp=0x000000c7485f8d50 mode 2
Event: 1.228 Thread 0x0000022ec0a498f0 Uncommon trap: trap_request=0xffffff45 fr.pc=0x0000022eb2cb5c48 relative=0x0000000000000048
Event: 1.228 Thread 0x0000022ec0a498f0 Uncommon trap: reason=unstable_if action=reinterpret pc=0x0000022eb2cb5c48 method=java.lang.CharacterData.of(I)Ljava/lang/CharacterData; @ 4 c2
Event: 1.228 Thread 0x0000022ec0a498f0 DEOPT PACKING pc=0x0000022eb2cb5c48 sp=0x000000c7485f8590
Event: 1.228 Thread 0x0000022ec0a498f0 DEOPT UNPACKING pc=0x0000022eab2120a3 sp=0x000000c7485f8528 mode 2
Event: 1.291 Thread 0x0000022ec0a498f0 Uncommon trap: trap_request=0xffffff45 fr.pc=0x0000022eb2ccd2d8 relative=0x0000000000000d98
Event: 1.291 Thread 0x0000022ec0a498f0 Uncommon trap: reason=unstable_if action=reinterpret pc=0x0000022eb2ccd2d8 method=lombok.patcher.PatchScript.classMatches(Ljava/lang/String;Ljava/util/Collection;)Z @ 25 c2
Event: 1.291 Thread 0x0000022ec0a498f0 DEOPT PACKING pc=0x0000022eb2ccd2d8 sp=0x000000c7485f70d0
Event: 1.291 Thread 0x0000022ec0a498f0 DEOPT UNPACKING pc=0x0000022eab2120a3 sp=0x000000c7485f7090 mode 2
Event: 1.353 Thread 0x0000022ec0a498f0 Uncommon trap: trap_request=0xffffff45 fr.pc=0x0000022eb2d63350 relative=0x0000000000000f10
Event: 1.353 Thread 0x0000022ec0a498f0 Uncommon trap: reason=unstable_if action=reinterpret pc=0x0000022eb2d63350 method=java.util.Properties.loadConvert([CIILjava/lang/StringBuilder;)Ljava/lang/String; @ 491 c2
Event: 1.353 Thread 0x0000022ec0a498f0 DEOPT PACKING pc=0x0000022eb2d63350 sp=0x000000c7485f7ed0
Event: 1.353 Thread 0x0000022ec0a498f0 DEOPT UNPACKING pc=0x0000022eab2120a3 sp=0x000000c7485f7ec0 mode 2
Event: 1.369 Thread 0x0000022ec0a498f0 Uncommon trap: trap_request=0xffffff45 fr.pc=0x0000022eb2d110b4 relative=0x0000000000000094
Event: 1.369 Thread 0x0000022ec0a498f0 Uncommon trap: reason=unstable_if action=reinterpret pc=0x0000022eb2d110b4 method=org.eclipse.osgi.container.ModuleRevisionBuilder.unmodifiableMap(Ljava/util/Map;)Ljava/util/Map; @ 27 c2
Event: 1.369 Thread 0x0000022ec0a498f0 DEOPT PACKING pc=0x0000022eb2d110b4 sp=0x000000c7485f9c70
Event: 1.369 Thread 0x0000022ec0a498f0 DEOPT UNPACKING pc=0x0000022eab2120a3 sp=0x000000c7485f9bf0 mode 2

Classes unloaded (0 events):
No events

Classes redefined (0 events):
No events

Internal exceptions (20 events):
Event: 0.634 Thread 0x0000022ea8541a40 Exception <a 'java/lang/NoSuchMethodError'{0x00000000eab3c970}: 'void java.lang.invoke.DirectMethodHandle$Holder.invokeStaticInit(java.lang.Object, java.lang.Object)'> (0x00000000eab3c970) 
thrown [s\src\hotspot\share\interpreter\linkResolver.cpp, line 759]
Event: 0.635 Thread 0x0000022ea8541a40 Exception <a 'java/lang/NoSuchMethodError'{0x00000000eab43f08}: 'int java.lang.invoke.DirectMethodHandle$Holder.invokeStaticInit(java.lang.Object, java.lang.Object)'> (0x00000000eab43f08) 
thrown [s\src\hotspot\share\interpreter\linkResolver.cpp, line 759]
Event: 0.661 Thread 0x0000022ea8541a40 Exception <a 'java/lang/NoSuchMethodError'{0x00000000eacc8c08}: 'void java.lang.invoke.DirectMethodHandle$Holder.invokeSpecial(java.lang.Object, java.lang.Object, java.lang.Object)'> (0x00000000eacc8c08) 
thrown [s\src\hotspot\share\interpreter\linkResolver.cpp, line 759]
Event: 0.831 Thread 0x0000022ea8541a40 Exception <a 'java/lang/NoSuchMethodError'{0x00000000eb960c58}: 'java.lang.Object java.lang.invoke.DirectMethodHandle$Holder.newInvokeSpecial(java.lang.Object, int, java.lang.Object)'> (0x00000000eb960c58) 
thrown [s\src\hotspot\share\interpreter\linkResolver.cpp, line 759]
Event: 0.935 Thread 0x0000022ea8541a40 Exception <a 'java/lang/UnsatisfiedLinkError'{0x00000000ebf1bc78}: 'void org.eclipse.equinox.launcher.JNIBridge._update_splash()'> (0x00000000ebf1bc78) 
thrown [s\src\hotspot\share\prims\nativeLookup.cpp, line 543]
Event: 0.969 Thread 0x0000022ec0a498f0 Exception <a 'java/lang/NoSuchMethodError'{0x00000000ec1bae00}: 'java.lang.Object java.lang.invoke.DirectMethodHandle$Holder.invokeStaticInit(java.lang.Object)'> (0x00000000ec1bae00) 
thrown [s\src\hotspot\share\interpreter\linkResolver.cpp, line 759]
Event: 1.106 Thread 0x0000022ec0a498f0 Exception <a 'java/io/FileNotFoundException'{0x00000000eb49eae8}> (0x00000000eb49eae8) 
thrown [s\src\hotspot\share\prims\jni.cpp, line 516]
Event: 1.115 Thread 0x0000022ec0a498f0 Exception <a 'java/lang/NullPointerException'{0x00000000eb4f4940}> (0x00000000eb4f4940) 
thrown [s\src\hotspot\share\interpreter\linkResolver.cpp, line 1350]
Event: 1.115 Thread 0x0000022ec0a498f0 Exception <a 'java/lang/NullPointerException'{0x00000000eb4f5168}> (0x00000000eb4f5168) 
thrown [s\src\hotspot\share\interpreter\linkResolver.cpp, line 1350]
Event: 1.188 Thread 0x0000022ec0a498f0 Exception <a 'java/lang/NoSuchMethodError'{0x00000000eb8290e0}: 'java.lang.Object java.lang.invoke.Invokers$Holder.invokeExact_MT(java.lang.Object, java.lang.Object, java.lang.Object, java.lang.Object, java.lang.Object, java.lang.Object)'> (0x00000000eb8290e0) 
thrown [s\src\hotspot\share\interpreter\linkResolver.cpp, line 759]
Event: 1.249 Thread 0x0000022ec0a498f0 Exception <a 'java/lang/NoSuchMethodError'{0x00000000ebc65a78}: 'void java.lang.invoke.DirectMethodHandle$Holder.invokeInterface(java.lang.Object, java.lang.Object, java.lang.Object)'> (0x00000000ebc65a78) 
thrown [s\src\hotspot\share\interpreter\linkResolver.cpp, line 759]
Event: 1.303 Thread 0x0000022ec0a498f0 Exception <a 'java/lang/NoSuchMethodError'{0x00000000ec066f18}: 'java.lang.Object java.lang.invoke.DirectMethodHandle$Holder.invokeStatic(java.lang.Object, java.lang.Object, int)'> (0x00000000ec066f18) 
thrown [s\src\hotspot\share\interpreter\linkResolver.cpp, line 759]
Event: 1.304 Thread 0x0000022ec0a498f0 Exception <a 'java/lang/NoSuchMethodError'{0x00000000ec06bac8}: 'void java.lang.invoke.DirectMethodHandle$Holder.invokeStatic(java.lang.Object, java.lang.Object, int, java.lang.Object)'> (0x00000000ec06bac8) 
thrown [s\src\hotspot\share\interpreter\linkResolver.cpp, line 759]
Event: 1.305 Thread 0x0000022ec0a498f0 Exception <a 'java/lang/NoSuchMethodError'{0x00000000ec0731f8}: 'void java.lang.invoke.DelegatingMethodHandle$Holder.delegate(java.lang.Object, java.lang.Object, int, java.lang.Object)'> (0x00000000ec0731f8) 
thrown [s\src\hotspot\share\interpreter\linkResolver.cpp, line 759]
Event: 1.306 Thread 0x0000022ec0a498f0 Exception <a 'java/lang/NoSuchMethodError'{0x00000000ec077828}: 'int java.lang.invoke.DirectMethodHandle$Holder.invokeSpecial(java.lang.Object, java.lang.Object, java.lang.Object)'> (0x00000000ec077828) 
thrown [s\src\hotspot\share\interpreter\linkResolver.cpp, line 759]
Event: 1.308 Thread 0x0000022ec0a498f0 Exception <a 'java/lang/NoSuchMethodError'{0x00000000ec088e38}: 'int java.lang.invoke.DirectMethodHandle$Holder.invokeStatic(java.lang.Object, java.lang.Object, int)'> (0x00000000ec088e38) 
thrown [s\src\hotspot\share\interpreter\linkResolver.cpp, line 759]
Event: 1.309 Thread 0x0000022ec0a498f0 Exception <a 'java/lang/NoSuchMethodError'{0x00000000ec08ce60}: 'int java.lang.invoke.DirectMethodHandle$Holder.invokeSpecial(java.lang.Object, java.lang.Object, java.lang.Object, int)'> (0x00000000ec08ce60) 
thrown [s\src\hotspot\share\interpreter\linkResolver.cpp, line 759]
Event: 1.312 Thread 0x0000022ec0a498f0 Exception <a 'java/lang/NoSuchMethodError'{0x00000000ec0a8b50}: 'java.lang.Object java.lang.invoke.DirectMethodHandle$Holder.invokeStatic(java.lang.Object, java.lang.Object, java.lang.Object, java.lang.Object, int)'> (0x00000000ec0a8b50) 
thrown [s\src\hotspot\share\interpreter\linkResolver.cpp, line 759]
Event: 1.314 Thread 0x0000022ec0a498f0 Exception <a 'java/lang/NoSuchMethodError'{0x00000000ec0b4f18}: 'java.lang.Object java.lang.invoke.DelegatingMethodHandle$Holder.reinvoke_L(java.lang.Object, java.lang.Object, java.lang.Object, java.lang.Object, int, int)'> (0x00000000ec0b4f18) 
thrown [s\src\hotspot\share\interpreter\linkResolver.cpp, line 759]
Event: 1.317 Thread 0x0000022ec0a498f0 Exception <a 'java/lang/NoSuchMethodError'{0x00000000ec0cce58}: 'java.lang.Object java.lang.invoke.Invokers$Holder.invokeExact_MT(java.lang.Object, java.lang.Object, java.lang.Object, java.lang.Object)'> (0x00000000ec0cce58) 
thrown [s\src\hotspot\share\interpreter\linkResolver.cpp, line 759]

VM Operations (20 events):
Event: 0.626 Executing VM operation: ParallelGCFailedAllocation done
Event: 0.812 Executing VM operation: HandshakeAllThreads
Event: 0.812 Executing VM operation: HandshakeAllThreads done
Event: 0.812 Executing VM operation: HandshakeAllThreads
Event: 0.812 Executing VM operation: HandshakeAllThreads done
Event: 0.817 Executing VM operation: HandshakeAllThreads
Event: 0.817 Executing VM operation: HandshakeAllThreads done
Event: 0.981 Executing VM operation: HandshakeAllThreads
Event: 0.981 Executing VM operation: HandshakeAllThreads done
Event: 1.008 Executing VM operation: ParallelGCFailedAllocation
Event: 1.014 Executing VM operation: ParallelGCFailedAllocation done
Event: 1.219 Executing VM operation: HandshakeAllThreads
Event: 1.219 Executing VM operation: HandshakeAllThreads done
Event: 1.229 Executing VM operation: HandshakeAllThreads
Event: 1.229 Executing VM operation: HandshakeAllThreads done
Event: 1.232 Executing VM operation: HandshakeAllThreads
Event: 1.232 Executing VM operation: HandshakeAllThreads done
Event: 1.303 Executing VM operation: HandshakeAllThreads
Event: 1.303 Executing VM operation: HandshakeAllThreads done
Event: 1.378 Executing VM operation: ParallelGCFailedAllocation

Events (20 events):
Event: 1.308 loading class sun/invoke/util/ValueConversions$1
Event: 1.308 loading class sun/invoke/util/ValueConversions$1 done
Event: 1.310 loading class java/lang/invoke/BoundMethodHandle$Species_LI
Event: 1.310 loading class java/lang/invoke/BoundMethodHandle$Species_LI done
Event: 1.310 loading class java/lang/invoke/ClassSpecializer$Factory$1Var
Event: 1.310 loading class java/lang/invoke/ClassSpecializer$Factory$1Var done
Event: 1.352 loading class java/lang/IllegalCallerException
Event: 1.352 loading class java/lang/IllegalCallerException done
Event: 1.354 loading class java/lang/StackWalker$Option
Event: 1.354 loading class java/lang/StackWalker$Option done
Event: 1.370 loading class java/util/stream/SortedOps
Event: 1.370 loading class java/util/stream/SortedOps done
Event: 1.370 loading class java/util/stream/SortedOps$OfRef
Event: 1.370 loading class java/util/stream/ReferencePipeline$StatefulOp
Event: 1.370 loading class java/util/stream/ReferencePipeline$StatefulOp done
Event: 1.370 loading class java/util/stream/SortedOps$OfRef done
Event: 1.371 loading class java/util/stream/SortedOps$RefSortingSink
Event: 1.371 loading class java/util/stream/SortedOps$AbstractRefSortingSink
Event: 1.371 loading class java/util/stream/SortedOps$AbstractRefSortingSink done
Event: 1.371 loading class java/util/stream/SortedOps$RefSortingSink done


Dynamic libraries:
0x00007ff796480000 - 0x00007ff79648e000 	c:\Users\Roman\.vscode\extensions\redhat.java-1.14.0-win32-x64\jre\17.0.5-win32-x86_64\bin\java.exe
0x00007ffd148f0000 - 0x00007ffd14b04000 	C:\WINDOWS\SYSTEM32\ntdll.dll
0x00007ffd133e0000 - 0x00007ffd134a3000 	C:\WINDOWS\System32\KERNEL32.DLL
0x00007ffd11f20000 - 0x00007ffd122bc000 	C:\WINDOWS\System32\KERNELBASE.dll
0x00007ffd123e0000 - 0x00007ffd124f1000 	C:\WINDOWS\System32\ucrtbase.dll
0x00007ffcfe790000 - 0x00007ffcfe7a7000 	c:\Users\Roman\.vscode\extensions\redhat.java-1.14.0-win32-x64\jre\17.0.5-win32-x86_64\bin\jli.dll
0x00007ffcf5a30000 - 0x00007ffcf5a49000 	c:\Users\Roman\.vscode\extensions\redhat.java-1.14.0-win32-x64\jre\17.0.5-win32-x86_64\bin\VCRUNTIME140.dll
0x00007ffd12bb0000 - 0x00007ffd12d5d000 	C:\WINDOWS\System32\USER32.dll
0x00007ffd10f20000 - 0x00007ffd111ae000 	C:\WINDOWS\WinSxS\amd64_microsoft.windows.common-controls_6595b64144ccf1df_6.0.22621.608_none_a9444ca7c10bb01d\COMCTL32.dll
0x00007ffd125a0000 - 0x00007ffd125c6000 	C:\WINDOWS\System32\win32u.dll
0x00007ffd14800000 - 0x00007ffd148a7000 	C:\WINDOWS\System32\msvcrt.dll
0x00007ffd139a0000 - 0x00007ffd139c9000 	C:\WINDOWS\System32\GDI32.dll
0x00007ffd122c0000 - 0x00007ffd123d2000 	C:\WINDOWS\System32\gdi32full.dll
0x00007ffd12500000 - 0x00007ffd1259a000 	C:\WINDOWS\System32\msvcp_win.dll
0x00007ffd134e0000 - 0x00007ffd13512000 	C:\WINDOWS\System32\IMM32.DLL
0x00007ffd09cf0000 - 0x00007ffd09cfc000 	c:\Users\Roman\.vscode\extensions\redhat.java-1.14.0-win32-x64\jre\17.0.5-win32-x86_64\bin\vcruntime140_1.dll
0x00007ffc63050000 - 0x00007ffc630e1000 	c:\Users\Roman\.vscode\extensions\redhat.java-1.14.0-win32-x64\jre\17.0.5-win32-x86_64\bin\msvcp140.dll
0x00007ffc5b810000 - 0x00007ffc5c454000 	c:\Users\Roman\.vscode\extensions\redhat.java-1.14.0-win32-x64\jre\17.0.5-win32-x86_64\bin\server\jvm.dll
0x00007ffd12b00000 - 0x00007ffd12bae000 	C:\WINDOWS\System32\ADVAPI32.dll
0x00007ffd12700000 - 0x00007ffd127a4000 	C:\WINDOWS\System32\sechost.dll
0x00007ffd129e0000 - 0x00007ffd12af5000 	C:\WINDOWS\System32\RPCRT4.dll
0x00007ffcfa010000 - 0x00007ffcfa019000 	C:\WINDOWS\SYSTEM32\WSOCK32.dll
0x00007ffd12e70000 - 0x00007ffd12ee1000 	C:\WINDOWS\System32\WS2_32.dll
0x00007ffd08610000 - 0x00007ffd0861a000 	C:\WINDOWS\SYSTEM32\VERSION.dll
0x00007ffd0eda0000 - 0x00007ffd0edd4000 	C:\WINDOWS\SYSTEM32\WINMM.dll
0x00007ffd104c0000 - 0x00007ffd104d8000 	C:\WINDOWS\SYSTEM32\kernel.appcore.dll
0x00007ffd096d0000 - 0x00007ffd096da000 	c:\Users\Roman\.vscode\extensions\redhat.java-1.14.0-win32-x64\jre\17.0.5-win32-x86_64\bin\jimage.dll
0x00007ffd115b0000 - 0x00007ffd117de000 	C:\WINDOWS\SYSTEM32\DBGHELP.DLL
0x00007ffd13030000 - 0x00007ffd133ba000 	C:\WINDOWS\System32\combase.dll
0x00007ffd12f50000 - 0x00007ffd13027000 	C:\WINDOWS\System32\OLEAUT32.dll
0x00007ffd11470000 - 0x00007ffd114a2000 	C:\WINDOWS\SYSTEM32\dbgcore.DLL
0x00007ffd11ea0000 - 0x00007ffd11f1b000 	C:\WINDOWS\System32\bcryptPrimitives.dll
0x00007ffd02d00000 - 0x00007ffd02d0e000 	c:\Users\Roman\.vscode\extensions\redhat.java-1.14.0-win32-x64\jre\17.0.5-win32-x86_64\bin\instrument.dll
0x00007ffcf10d0000 - 0x00007ffcf10f5000 	c:\Users\Roman\.vscode\extensions\redhat.java-1.14.0-win32-x64\jre\17.0.5-win32-x86_64\bin\java.dll
0x00007ffcf4f70000 - 0x00007ffcf4f88000 	c:\Users\Roman\.vscode\extensions\redhat.java-1.14.0-win32-x64\jre\17.0.5-win32-x86_64\bin\zip.dll
0x00007ffd13de0000 - 0x00007ffd145cf000 	C:\WINDOWS\System32\SHELL32.dll
0x00007ffd0f2e0000 - 0x00007ffd0fba8000 	C:\WINDOWS\SYSTEM32\windows.storage.dll
0x00007ffd0f1a0000 - 0x00007ffd0f2de000 	C:\WINDOWS\SYSTEM32\wintypes.dll
0x00007ffd12d60000 - 0x00007ffd12e51000 	C:\WINDOWS\System32\SHCORE.dll
0x00007ffd147a0000 - 0x00007ffd147fe000 	C:\WINDOWS\System32\shlwapi.dll
0x00007ffd11c60000 - 0x00007ffd11c81000 	C:\WINDOWS\SYSTEM32\profapi.dll
0x00007ffcf2f50000 - 0x00007ffcf2f69000 	C:\Users\Roman\.vscode\extensions\redhat.java-1.14.0-win32-x64\jre\17.0.5-win32-x86_64\bin\net.dll
0x00007ffd0b100000 - 0x00007ffd0b22f000 	C:\WINDOWS\SYSTEM32\WINHTTP.dll
0x00007ffd10970000 - 0x00007ffd109d9000 	C:\WINDOWS\system32\mswsock.dll
0x00007ffcf21d0000 - 0x00007ffcf21e5000 	C:\Users\Roman\.vscode\extensions\redhat.java-1.14.0-win32-x64\jre\17.0.5-win32-x86_64\bin\nio.dll
0x00007ffcf18b0000 - 0x00007ffcf18c0000 	c:\Users\Roman\.vscode\extensions\redhat.java-1.14.0-win32-x64\jre\17.0.5-win32-x86_64\bin\verify.dll
0x00007ffce9d00000 - 0x00007ffce9d3e000 	C:\Users\Roman\AppData\Roaming\Code\User\globalStorage\redhat.java\1.14.0\config_win\org.eclipse.equinox.launcher\org.eclipse.equinox.launcher.win32.win32.x86_64_1.2.700.v20221108-1024\eclipse_11801.dll
0x00007ffd127b0000 - 0x00007ffd1294c000 	C:\WINDOWS\System32\ole32.dll

dbghelp: loaded successfully - version: 4.0.5 - missing functions: none
symbol engine: initialized successfully - sym options: 0x614 - pdb path: .;c:\Users\Roman\.vscode\extensions\redhat.java-1.14.0-win32-x64\jre\17.0.5-win32-x86_64\bin;C:\WINDOWS\SYSTEM32;C:\WINDOWS\WinSxS\amd64_microsoft.windows.common-controls_6595b64144ccf1df_6.0.22621.608_none_a9444ca7c10bb01d;c:\Users\Roman\.vscode\extensions\redhat.java-1.14.0-win32-x64\jre\17.0.5-win32-x86_64\bin\server;C:\Users\Roman\AppData\Roaming\Code\User\globalStorage\redhat.java\1.14.0\config_win\org.eclipse.equinox.launcher\org.eclipse.equinox.launcher.win32.win32.x86_64_1.2.700.v20221108-1024

VM Arguments:
jvm_args: --add-modules=ALL-SYSTEM --add-opens=java.base/java.util=ALL-UNNAMED --add-opens=java.base/java.lang=ALL-UNNAMED --add-opens=java.base/sun.nio.fs=ALL-UNNAMED -Declipse.application=org.eclipse.jdt.ls.core.id1 -Dosgi.bundles.defaultStartLevel=4 -Declipse.product=org.eclipse.jdt.ls.core.product -Djava.import.generatesMetadataFilesAtProjectRoot=false -Dfile.encoding=utf8 -XX:+UseParallelGC -XX:GCTimeRatio=4 -XX:AdaptiveSizePolicyWeight=90 -Dsun.zip.disableMemoryMapping=true -Xmx1G -Xms100m -Xlog:disable -javaagent:c:\Users\Roman\.vscode\extensions\redhat.java-1.14.0-win32-x64\lombok\lombok-1.18.24.jar -XX:+HeapDumpOnOutOfMemoryError -XX:HeapDumpPath=c:\Users\Roman\AppData\Roaming\Code\User\workspaceStorage\f6142260ced35fe5b497dea90f6949b9\redhat.java 
java_command: c:\Users\Roman\.vscode\extensions\redhat.java-1.14.0-win32-x64\server\plugins\org.eclipse.equinox.launcher_1.6.400.v20210924-0641.jar -configuration c:\Users\Roman\AppData\Roaming\Code\User\globalStorage\redhat.java\1.14.0\config_win -data c:\Users\Roman\AppData\Roaming\Code\User\workspaceStorage\f6142260ced35fe5b497dea90f6949b9\redhat.java\jdt_ws
java_class_path (initial): c:\Users\Roman\.vscode\extensions\redhat.java-1.14.0-win32-x64\server\plugins\org.eclipse.equinox.launcher_1.6.400.v20210924-0641.jar
Launcher Type: SUN_STANDARD

[Global flags]
    uintx AdaptiveSizePolicyWeight                 = 90                                        {product} {command line}
     intx CICompilerCount                          = 4                                         {product} {ergonomic}
    uintx GCTimeRatio                              = 4                                         {product} {command line}
     bool HeapDumpOnOutOfMemoryError               = true                                   {manageable} {command line}
    ccstr HeapDumpPath                             = c:\Users\Roman\AppData\Roaming\Code\User\workspaceStorage\f6142260ced35fe5b497dea90f6949b9\redhat.java         {manageable} {command line}
   size_t InitialHeapSize                          = 104857600                                 {product} {command line}
   size_t MaxHeapSize                              = 1073741824                                {product} {command line}
   size_t MaxNewSize                               = 357564416                                 {product} {ergonomic}
   size_t MinHeapDeltaBytes                        = 524288                                    {product} {ergonomic}
   size_t MinHeapSize                              = 104857600                                 {product} {command line}
   size_t NewSize                                  = 34603008                                  {product} {ergonomic}
    uintx NonNMethodCodeHeapSize                   = 5839372                                {pd product} {ergonomic}
    uintx NonProfiledCodeHeapSize                  = 122909434                              {pd product} {ergonomic}
   size_t OldSize                                  = 70254592                                  {product} {ergonomic}
    uintx ProfiledCodeHeapSize                     = 122909434                              {pd product} {ergonomic}
    uintx ReservedCodeCacheSize                    = 251658240                              {pd product} {ergonomic}
     bool SegmentedCodeCache                       = true                                      {product} {ergonomic}
   size_t SoftMaxHeapSize                          = 1073741824                             {manageable} {ergonomic}
     bool UseCompressedClassPointers               = true                           {product lp64_product} {ergonomic}
     bool UseCompressedOops                        = true                           {product lp64_product} {ergonomic}
     bool UseLargePagesIndividualAllocation        = false                                  {pd product} {ergonomic}
     bool UseParallelGC                            = true                                      {product} {command line}

Logging:
Log output configuration:
 #0: stdout all=off uptime,level,tags
 #1: stderr all=off uptime,level,tags

Environment Variables:
JAVA_HOME=C:\Program Files\Java\jdk-17
PATH=C:\Program Files\Common Files\Oracle\Java\javapath;C:\Program Files (x86)\Common Files\Oracle\Java\javapath;C:\WINDOWS\system32;C:\WINDOWS;C:\WINDOWS\System32\Wbem;C:\WINDOWS\System32\WindowsPowerShell\v1.0\;C:\WINDOWS\System32\OpenSSH\;C:\Program Files\Java\apache-maven-3.6.3\bin;C:\Program Files\Maven\apache-maven-3.9.0\bin;C:\Program Files\Java\jdk-17\bin;C:\Program Files\Git\cmd;C:\Program Files\gradle-6.3\gradle-6.3\bin;C:\Program Files\Go\bin;C:\ProgramData\chocolatey\bin;C:\Program Files\Docker\Docker\resources\bin;C:\ProgramData\DockerDesktop\version-bin;C:\Program Files\JBOSS\wildfly-8.1.0.Final\bin;C:\Program Files\nodejs\;C:\Program Files\Protoc\bin;C:\Users\Roman\.jbang\bin;C:\Program Files\MySQL\MySQL Shell 8.0\bin\;C:\Users\Roman\AppData\Local\Microsoft\WindowsApps;C:\Users\Roman\AppData\Local\Programs\Microsoft VS Code\bin;C:\Users\Roman\go\bin;C:\Program Files\Java\jdk1.8.0_321\bin;C:\Program Files\Maven\apache-maven-3.6.3\bin;C:\Users\Roman\AppData\Local\GitHubDesktop\bin;C:\Users\Roman\AppData\Roaming\npm
USERNAME=Roman
OS=Windows_NT
PROCESSOR_IDENTIFIER=AMD64 Family 23 Model 96 Stepping 1, AuthenticAMD
TMP=C:\Users\Roman\AppData\Local\Temp
TEMP=C:\Users\Roman\AppData\Local\Temp



---------------  S Y S T E M  ---------------

OS:
 Windows 11 , 64 bit Build 22621 (10.0.22621.1194)
OS uptime: 1 days 3:04 hours
Hyper-V role detected

CPU: total 12 (initial active 12) (12 cores per cpu, 2 threads per core) family 23 model 96 stepping 1 microcode 0x0, cx8, cmov, fxsr, ht, mmx, 3dnowpref, sse, sse2, sse3, ssse3, sse4a, sse4.1, sse4.2, popcnt, lzcnt, tsc, tscinvbit, avx, avx2, aes, clmul, bmi1, bmi2, adx, sha, fma, vzeroupper, clflush, clflushopt, hv

Memory: 4k page, system-wide physical 15741M (6718M free)
TotalPageFile size 19581M (AvailPageFile size 6138M)
current process WorkingSet (physical memory assigned to process): 110M, peak: 110M
current process commit charge ("private bytes"): 845M, peak: 845M

vm_info: OpenJDK 64-Bit Server VM (17.0.5+8) for windows-amd64 JRE (17.0.5+8), built on Oct 19 2022 04:48:13 by "temurin" with MS VC++ 16.7 (VS2019)

END.
