#
# A fatal error has been detected by the Java Runtime Environment:
#
#  EXCEPTION_ILLEGAL_INSTRUCTION (0xc000001d) at pc=0x000001fd86470000, pid=8868, tid=5444
#
# JRE version: OpenJDK Runtime Environment Temurin-17.0.5+8 (17.0.5+8) (build 17.0.5+8)
# Java VM: OpenJDK 64-Bit Server VM Temurin-17.0.5+8 (17.0.5+8, mixed mode, tiered, compressed oops, compressed class ptrs, parallel gc, windows-amd64)
# Problematic frame:
# C  0x000001fd86470000
#
# No core dump will be written. Minidumps are not enabled by default on client versions of Windows
#
# If you would like to submit a bug report, please visit:
#   https://github.com/adoptium/adoptium-support/issues
#

---------------  S U M M A R Y ------------

Command Line: --add-modules=ALL-SYSTEM --add-opens=java.base/java.util=ALL-UNNAMED --add-opens=java.base/java.lang=ALL-UNNAMED --add-opens=java.base/sun.nio.fs=ALL-UNNAMED -Declipse.application=org.eclipse.jdt.ls.core.id1 -Dosgi.bundles.defaultStartLevel=4 -Declipse.product=org.eclipse.jdt.ls.core.product -Djava.import.generatesMetadataFilesAtProjectRoot=false -Dfile.encoding=utf8 -XX:+UseParallelGC -XX:GCTimeRatio=4 -XX:AdaptiveSizePolicyWeight=90 -Dsun.zip.disableMemoryMapping=true -Xmx1G -Xms100m -Xlog:disable -javaagent:c:\Users\Roman\.vscode\extensions\redhat.java-1.14.0-win32-x64\lombok\lombok-1.18.24.jar -XX:+HeapDumpOnOutOfMemoryError -XX:HeapDumpPath=c:\Users\Roman\AppData\Roaming\Code\User\workspaceStorage\f6142260ced35fe5b497dea90f6949b9\redhat.java c:\Users\Roman\.vscode\extensions\redhat.java-1.14.0-win32-x64\server\plugins\org.eclipse.equinox.launcher_1.6.400.v20210924-0641.jar -configuration c:\Users\Roman\AppData\Roaming\Code\User\globalStorage\redhat.java\1.14.0\config_win -data c:\Users\Roman\AppData\Roaming\Code\User\workspaceStorage\f6142260ced35fe5b497dea90f6949b9\redhat.java\jdt_ws

Host: AMD Ryzen 5 4600H with Radeon Graphics         , 12 cores, 15G,  Windows 11 , 64 bit Build 22621 (10.0.22621.1194)
Time: Sun Feb 19 14:29:26 2023 Mitteleuropäische Zeit elapsed time: 9.166941 seconds (0d 0h 0m 9s)

---------------  T H R E A D  ---------------

Current thread (0x000001fd991da850):  JavaThread "C1 CompilerThread0" daemon [_thread_in_native, id=5444, stack(0x0000009289600000,0x0000009289700000)]


Current CompileTask:
C1:   9166 4250       3       com.google.common.collect.AbstractMapBasedMultimap$AsMap$AsMapEntries::iterator (12 bytes)

Stack: [0x0000009289600000,0x0000009289700000],  sp=0x00000092896fed58,  free space=1019k
Native frames: (J=compiled Java code, j=interpreted, Vv=VM code, C=native code)
C  0x000001fd86470000


siginfo: EXCEPTION_ILLEGAL_INSTRUCTION (0xc000001d)


Register to memory mapping:

RIP=0x000001fd86470000 points into unknown readable memory: 0x0000000000000006 | 06 00 00 00 00 00 00 00
RAX=0x000000000000035d is an unknown value
RBX=0x00000000baadfab8 is an unknown value
RCX=0x000001fd864d5100 is at code_begin+0 in 
[CodeBlob (0x000001fd864d5090)]
Framesize: 0
BufferBlob (0x000001fd864d5090) used for C1 temporary CodeBuffer
RDX=0x000000000000000f is an unknown value
RSP=0x00000092896fed58 is pointing into the stack for thread: 0x000001fd991da850
RBP=0x00000092896ff150 is pointing into the stack for thread: 0x000001fd991da850
RSI=0x00000092896ff080 is pointing into the stack for thread: 0x000001fd991da850
RDI=0x0 is NULL
R8 =0x00000000baadfab8 is an unknown value
R9 =0x0000000000000001 is an unknown value
R10=0x000001fd9abe8056 points into unknown readable memory: 29 64
R11=0x00000092896fed70 is pointing into the stack for thread: 0x000001fd991da850
R12=0x000001fd97555480 points into unknown readable memory: 0x00007ffc5c12d2c0 | c0 d2 12 5c fc 7f 00 00
R13=0x00000092896ff560 is pointing into the stack for thread: 0x000001fd991da850
R14=0x00007ffc5c30ac40 jvm.dll
R15=0x000001fd864d5090 is at code_begin+-112 in 
[CodeBlob (0x000001fd864d5090)]
Framesize: 0
BufferBlob (0x000001fd864d5090) used for C1 temporary CodeBuffer


Registers:
RAX=0x000000000000035d, RBX=0x00000000baadfab8, RCX=0x000001fd864d5100, RDX=0x000000000000000f
RSP=0x00000092896fed58, RBP=0x00000092896ff150, RSI=0x00000092896ff080, RDI=0x0000000000000000
R8 =0x00000000baadfab8, R9 =0x0000000000000001, R10=0x000001fd9abe8056, R11=0x00000092896fed70
R12=0x000001fd97555480, R13=0x00000092896ff560, R14=0x00007ffc5c30ac40, R15=0x000001fd864d5090
RIP=0x000001fd86470000, EFLAGS=0x0000000000010216

Top of Stack: (sp=0x00000092896fed58)
0x00000092896fed58:   00007ffc5bb6ef48 00007ffcffffffff
0x00000092896fed68:   000001fd864d5300 000001fd864d5090
0x00000092896fed78:   00007ffc5c30ac40 00000092896ff080
0x00000092896fed88:   00007ffc5b944384 00000092896ff080
0x00000092896fed98:   00000092896ff080 0000000000000000
0x00000092896feda8:   00007ffc5c30ac40 000001fd9abe81a0
0x00000092896fedb8:   000001fd9abe81d0 000001fd838036c0
0x00000092896fedc8:   00000092896ff080 000001fd9f6509c0
0x00000092896fedd8:   0000000000000000 0000000000000000
0x00000092896fede8:   0000000000000000 0000000000000de9
0x00000092896fedf8:   00007ffc5b943772 0000000000000000
0x00000092896fee08:   0000000000000000 000001fd9f650b00
0x00000092896fee18:   0000000000000000 00006f9089892b99
0x00000092896fee28:   00007ffc5c30ac40 000001fd9f6509c0
0x00000092896fee38:   00007ffc5b943e3a 00000092896ff080
0x00000092896fee48:   00000092896ff080 00000092896ff080 

Instructions: (pc=0x000001fd86470000)
0x000001fd8646ff00:   ?? ?? ?? ?? ?? ?? ?? ?? ?? ?? ?? ?? ?? ?? ?? ??
0x000001fd8646ff10:   ?? ?? ?? ?? ?? ?? ?? ?? ?? ?? ?? ?? ?? ?? ?? ??
0x000001fd8646ff20:   ?? ?? ?? ?? ?? ?? ?? ?? ?? ?? ?? ?? ?? ?? ?? ??
0x000001fd8646ff30:   ?? ?? ?? ?? ?? ?? ?? ?? ?? ?? ?? ?? ?? ?? ?? ??
0x000001fd8646ff40:   ?? ?? ?? ?? ?? ?? ?? ?? ?? ?? ?? ?? ?? ?? ?? ??
0x000001fd8646ff50:   ?? ?? ?? ?? ?? ?? ?? ?? ?? ?? ?? ?? ?? ?? ?? ??
0x000001fd8646ff60:   ?? ?? ?? ?? ?? ?? ?? ?? ?? ?? ?? ?? ?? ?? ?? ??
0x000001fd8646ff70:   ?? ?? ?? ?? ?? ?? ?? ?? ?? ?? ?? ?? ?? ?? ?? ??
0x000001fd8646ff80:   ?? ?? ?? ?? ?? ?? ?? ?? ?? ?? ?? ?? ?? ?? ?? ??
0x000001fd8646ff90:   ?? ?? ?? ?? ?? ?? ?? ?? ?? ?? ?? ?? ?? ?? ?? ??
0x000001fd8646ffa0:   ?? ?? ?? ?? ?? ?? ?? ?? ?? ?? ?? ?? ?? ?? ?? ??
0x000001fd8646ffb0:   ?? ?? ?? ?? ?? ?? ?? ?? ?? ?? ?? ?? ?? ?? ?? ??
0x000001fd8646ffc0:   ?? ?? ?? ?? ?? ?? ?? ?? ?? ?? ?? ?? ?? ?? ?? ??
0x000001fd8646ffd0:   ?? ?? ?? ?? ?? ?? ?? ?? ?? ?? ?? ?? ?? ?? ?? ??
0x000001fd8646ffe0:   ?? ?? ?? ?? ?? ?? ?? ?? ?? ?? ?? ?? ?? ?? ?? ??
0x000001fd8646fff0:   ?? ?? ?? ?? ?? ?? ?? ?? ?? ?? ?? ?? ?? ?? ?? ??
0x000001fd86470000:   06 00 00 00 00 00 00 00 01 00 00 00 00 00 00 00
0x000001fd86470010:   b8 4a 14 5c fc 7f 00 00 00 00 00 00 b0 00 00 00
0x000001fd86470020:   68 00 00 00 ff ff ff ff b0 00 00 00 00 00 00 00
0x000001fd86470030:   80 00 47 86 fd 01 00 00 c0 00 47 86 fd 01 00 00
0x000001fd86470040:   80 00 47 86 fd 01 00 00 c0 00 47 86 fd 01 00 00
0x000001fd86470050:   78 00 47 86 fd 01 00 00 78 00 47 86 fd 01 00 00
0x000001fd86470060:   00 00 00 00 00 00 00 00 00 00 00 00 00 00 00 00
0x000001fd86470070:   20 e4 16 5c fc 7f 00 00 00 00 00 00 00 00 00 00
0x000001fd86470080:   85 d2 0f 84 11 00 00 00 0f ae f0 0f ae 39 48 83
0x000001fd86470090:   c1 40 ff ca 75 f5 0f ae f0 49 8b c0 c3 00 00 00
0x000001fd864700a0:   00 00 00 00 00 00 00 00 00 00 00 00 00 00 00 00
0x000001fd864700b0:   00 00 00 00 00 00 00 00 00 00 00 00 00 00 00 00
0x000001fd864700c0:   00 00 00 00 00 00 00 00 00 00 00 00 00 00 00 00
0x000001fd864700d0:   00 00 00 00 00 00 00 00 00 00 00 00 00 00 00 00
0x000001fd864700e0:   00 00 00 00 00 00 00 00 00 00 00 00 00 00 00 00
0x000001fd864700f0:   00 00 00 00 00 00 00 00 00 00 00 00 00 00 00 00 


Stack slot to memory mapping:
stack at sp + 0 slots: 0x00007ffc5bb6ef48 jvm.dll
stack at sp + 1 slots: 0x00007ffcffffffff is an unknown value
stack at sp + 2 slots: 0x000001fd864d5300 is at code_begin+512 in 
[CodeBlob (0x000001fd864d5090)]
Framesize: 0
BufferBlob (0x000001fd864d5090) used for C1 temporary CodeBuffer
stack at sp + 3 slots: 0x000001fd864d5090 is at code_begin+-112 in 
[CodeBlob (0x000001fd864d5090)]
Framesize: 0
BufferBlob (0x000001fd864d5090) used for C1 temporary CodeBuffer
stack at sp + 4 slots: 0x00007ffc5c30ac40 jvm.dll
stack at sp + 5 slots: 0x00000092896ff080 is pointing into the stack for thread: 0x000001fd991da850
stack at sp + 6 slots: 0x00007ffc5b944384 jvm.dll
stack at sp + 7 slots: 0x00000092896ff080 is pointing into the stack for thread: 0x000001fd991da850


---------------  P R O C E S S  ---------------

Threads class SMR info:
_java_thread_list=0x000001fd9f7458f0, length=27, elements={
0x000001fd837f6e00, 0x000001fd838ae990, 0x000001fd97668b80, 0x000001fd991cfa30,
0x000001fd991d02f0, 0x000001fd991d32c0, 0x000001fd991d3c70, 0x000001fd991d9e60,
0x000001fd991da850, 0x000001fd991db240, 0x000001fd992c7f90, 0x000001fd9a810bb0,
0x000001fd9ab8f3b0, 0x000001fd9baed9e0, 0x000001fd9ac0c150, 0x000001fd9b967bf0,
0x000001fd9bb1dce0, 0x000001fd9be63510, 0x000001fd9bd9c450, 0x000001fd9bd5fc80,
0x000001fd9bc304d0, 0x000001fd9acb22e0, 0x000001fd9acb0fa0, 0x000001fd9acb2c80,
0x000001fd9acb1470, 0x000001fd9acb3150, 0x000001fd9d6a7850
}

Java Threads: ( => current thread )
  0x000001fd837f6e00 JavaThread "main" [_thread_blocked, id=19136, stack(0x0000009288c00000,0x0000009288d00000)]
  0x000001fd838ae990 JavaThread "Reference Handler" daemon [_thread_blocked, id=11056, stack(0x0000009288f00000,0x0000009289000000)]
  0x000001fd97668b80 JavaThread "Finalizer" daemon [_thread_blocked, id=21836, stack(0x0000009289000000,0x0000009289100000)]
  0x000001fd991cfa30 JavaThread "Signal Dispatcher" daemon [_thread_blocked, id=14252, stack(0x0000009289100000,0x0000009289200000)]
  0x000001fd991d02f0 JavaThread "Attach Listener" daemon [_thread_blocked, id=4428, stack(0x0000009289200000,0x0000009289300000)]
  0x000001fd991d32c0 JavaThread "Service Thread" daemon [_thread_blocked, id=10896, stack(0x0000009289300000,0x0000009289400000)]
  0x000001fd991d3c70 JavaThread "Monitor Deflation Thread" daemon [_thread_blocked, id=21412, stack(0x0000009289400000,0x0000009289500000)]
  0x000001fd991d9e60 JavaThread "C2 CompilerThread0" daemon [_thread_in_vm, id=340, stack(0x0000009289500000,0x0000009289600000)]
=>0x000001fd991da850 JavaThread "C1 CompilerThread0" daemon [_thread_in_native, id=5444, stack(0x0000009289600000,0x0000009289700000)]
  0x000001fd991db240 JavaThread "Sweeper thread" daemon [_thread_blocked, id=7688, stack(0x0000009289700000,0x0000009289800000)]
  0x000001fd992c7f90 JavaThread "Common-Cleaner" daemon [_thread_blocked, id=17336, stack(0x0000009289800000,0x0000009289900000)]
  0x000001fd9a810bb0 JavaThread "Notification Thread" daemon [_thread_blocked, id=21840, stack(0x0000009289900000,0x0000009289a00000)]
  0x000001fd9ab8f3b0 JavaThread "Active Thread: Equinox Container: ac047cd1-3fd5-4a57-b7f0-1b1a04672fb2" [_thread_blocked, id=22436, stack(0x0000009289c00000,0x0000009289d00000)]
  0x000001fd9baed9e0 JavaThread "Framework Event Dispatcher: Equinox Container: ac047cd1-3fd5-4a57-b7f0-1b1a04672fb2" daemon [_thread_blocked, id=23080, stack(0x0000009289b00000,0x0000009289c00000)]
  0x000001fd9ac0c150 JavaThread "Start Level: Equinox Container: ac047cd1-3fd5-4a57-b7f0-1b1a04672fb2" daemon [_thread_blocked, id=12492, stack(0x000000928a300000,0x000000928a400000)]
  0x000001fd9b967bf0 JavaThread "SCR Component Actor" daemon [_thread_blocked, id=18188, stack(0x000000928a400000,0x000000928a500000)]
  0x000001fd9bb1dce0 JavaThread "SCR Component Registry" daemon [_thread_blocked, id=9484, stack(0x000000928a700000,0x000000928a800000)]
  0x000001fd9be63510 JavaThread "Worker-JM" [_thread_blocked, id=1620, stack(0x000000928a900000,0x000000928aa00000)]
  0x000001fd9bd9c450 JavaThread "Worker-0" [_thread_blocked, id=18544, stack(0x000000928ab00000,0x000000928ac00000)]
  0x000001fd9bd5fc80 JavaThread "Worker-1: Repository registry initialization" [_thread_in_vm, id=18036, stack(0x000000928ac00000,0x000000928ad00000)]
  0x000001fd9bc304d0 JavaThread "C2 CompilerThread1" daemon [_thread_in_native, id=14288, stack(0x000000928a800000,0x000000928a900000)]
  0x000001fd9acb22e0 JavaThread "Java indexing" daemon [_thread_blocked, id=13552, stack(0x000000928ae00000,0x000000928af00000)]
  0x000001fd9acb0fa0 JavaThread "JNA Cleaner" daemon [_thread_blocked, id=21908, stack(0x000000928af00000,0x000000928b000000)]
  0x000001fd9acb2c80 JavaThread "pool-2-thread-1" [_thread_blocked, id=19900, stack(0x000000928ad00000,0x000000928ae00000)]
  0x000001fd9acb1470 JavaThread "Worker-2" [_thread_blocked, id=10484, stack(0x000000928b000000,0x000000928b100000)]
  0x000001fd9acb3150 JavaThread "pool-1-thread-1" [_thread_in_vm, id=7268, stack(0x000000928b100000,0x000000928b200000)]
  0x000001fd9d6a7850 JavaThread "C2 CompilerThread2" daemon [_thread_in_native, id=18936, stack(0x000000928b200000,0x000000928b300000)]

Other Threads:
  0x000001fd838ad820 VMThread "VM Thread" [stack: 0x0000009288e00000,0x0000009288f00000] [id=11268]
  0x000001fd994a72d0 WatcherThread [stack: 0x0000009289a00000,0x0000009289b00000] [id=16012]
  0x000001fd8380e1e0 GCTaskThread "GC Thread#0" [stack: 0x0000009288d00000,0x0000009288e00000] [id=3272]
  0x000001fd9b984f60 GCTaskThread "GC Thread#1" [stack: 0x0000009289d00000,0x0000009289e00000] [id=13724]
  0x000001fd9ad1fbd0 GCTaskThread "GC Thread#2" [stack: 0x0000009289e00000,0x0000009289f00000] [id=21384]
  0x000001fd9ad1fe80 GCTaskThread "GC Thread#3" [stack: 0x0000009289f00000,0x000000928a000000] [id=15028]
  0x000001fd9ae7d090 GCTaskThread "GC Thread#4" [stack: 0x000000928a000000,0x000000928a100000] [id=16408]
  0x000001fd9ae7d340 GCTaskThread "GC Thread#5" [stack: 0x000000928a100000,0x000000928a200000] [id=21560]
  0x000001fd9ae7d5f0 GCTaskThread "GC Thread#6" [stack: 0x000000928a200000,0x000000928a300000] [id=11244]
  0x000001fd9b9690c0 GCTaskThread "GC Thread#7" [stack: 0x000000928a500000,0x000000928a600000] [id=11016]
  0x000001fd9bc732a0 GCTaskThread "GC Thread#8" [stack: 0x000000928a600000,0x000000928a700000] [id=23344]
  0x000001fd9bda23f0 GCTaskThread "GC Thread#9" [stack: 0x000000928aa00000,0x000000928ab00000] [id=11536]

Threads with active compile tasks:
C2 CompilerThread0     9192 4239       4       com.google.inject.TypeLiteral::<init> (43 bytes)
C1 CompilerThread0     9192 4250       3       com.google.common.collect.AbstractMapBasedMultimap$AsMap$AsMapEntries::iterator (12 bytes)
C2 CompilerThread1     9192 4140   !   4       org.eclipse.osgi.internal.loader.BundleLoader::findClass0 (466 bytes)
C2 CompilerThread2     9192 3825   !   4       org.eclipse.osgi.internal.loader.classpath.ClasspathManager::defineClass (636 bytes)

VM state: not at safepoint (normal execution)

VM Mutex/Monitor currently owned by a thread:  ([mutex/lock_event])
[0x000001fd837f2420] CodeCache_lock - owner thread: 0x000001fd991d9e60
[0x000001fd837f34c0] CompiledIC_lock - owner thread: 0x000001fd9bd5fc80
[0x000001fd837f2e90] Compile_lock - owner thread: 0x000001fd991d9e60
[0x000001fd837f4090] MethodCompileQueue_lock - owner thread: 0x000001fd991d9e60

Heap address: 0x00000000c0000000, size: 1024 MB, Compressed Oops mode: 32-bit

CDS archive(s) not mapped
Compressed class space mapped at: 0x0000000100000000-0x0000000140000000, reserved size: 1073741824
Narrow klass base: 0x0000000000000000, Narrow klass shift: 3, Narrow klass range: 0x140000000

GC Precious Log:
 CPUs: 12 total, 12 available
 Memory: 15741M
 Large Page Support: Disabled
 NUMA Support: Disabled
 Compressed Oops: Enabled (32-bit)
 Alignments: Space 512K, Generation 512K, Heap 2M
 Heap Min Capacity: 100M
 Heap Initial Capacity: 100M
 Heap Max Capacity: 1G
 Pre-touch: Disabled
 Parallel Workers: 10

Heap:
 PSYoungGen      total 23040K, used 4279K [0x00000000eab00000, 0x00000000ec600000, 0x0000000100000000)
  eden space 22016K, 14% used [0x00000000eab00000,0x00000000eae2df20,0x00000000ec080000)
  from space 1024K, 100% used [0x00000000ec500000,0x00000000ec600000,0x00000000ec600000)
  to   space 2048K, 0% used [0x00000000ec200000,0x00000000ec200000,0x00000000ec400000)
 ParOldGen       total 68608K, used 15178K [0x00000000c0000000, 0x00000000c4300000, 0x00000000eab00000)
  object space 68608K, 22% used [0x00000000c0000000,0x00000000c0ed2bb0,0x00000000c4300000)
 Metaspace       used 43183K, committed 44224K, reserved 1089536K
  class space    used 4660K, committed 5120K, reserved 1048576K

Card table byte_map: [0x000001fd83190000,0x000001fd833a0000] _byte_map_base: 0x000001fd82b90000

Marking Bits: (ParMarkBitMap*) 0x00007ffc5c390dd0
 Begin Bits: [0x000001fd95470000, 0x000001fd96470000)
 End Bits:   [0x000001fd96470000, 0x000001fd97470000)

Polling page: 0x000001fd81730000

Metaspace:

Usage:
  Non-class:     37.62 MB used.
      Class:      4.55 MB used.
       Both:     42.17 MB used.

Virtual space:
  Non-class space:       40.00 MB reserved,      38.19 MB ( 95%) committed,  5 nodes.
      Class space:        1.00 GB reserved,       5.00 MB ( <1%) committed,  1 nodes.
             Both:        1.04 GB reserved,      43.19 MB (  4%) committed. 

Chunk freelists:
   Non-Class:  1008.00 KB
       Class:  2.86 MB
        Both:  3.84 MB

MaxMetaspaceSize: unlimited
CompressedClassSpaceSize: 1.00 GB
Initial GC threshold: 21.00 MB
Current GC threshold: 58.38 MB
CDS: off
MetaspaceReclaimPolicy: balanced
 - commit_granule_bytes: 65536.
 - commit_granule_words: 8192.
 - virtual_space_node_default_size: 1048576.
 - enlarge_chunks_in_place: 1.
 - new_chunks_are_fully_committed: 0.
 - uncommit_free_chunks: 1.
 - use_allocation_guard: 0.
 - handle_deallocations: 1.


Internal statistics:

num_allocs_failed_limit: 6.
num_arena_births: 562.
num_arena_deaths: 14.
num_vsnodes_births: 6.
num_vsnodes_deaths: 0.
num_space_committed: 691.
num_space_uncommitted: 0.
num_chunks_returned_to_freelist: 20.
num_chunks_taken_from_freelist: 2128.
num_chunk_merges: 10.
num_chunk_splits: 1334.
num_chunks_enlarged: 778.
num_purges: 2.
num_inconsistent_stats: 0.

CodeHeap 'non-profiled nmethods': size=120000Kb used=2138Kb max_used=2138Kb free=117861Kb
 bounds [0x000001fd8df40000, 0x000001fd8e1b0000, 0x000001fd95470000]
CodeHeap 'profiled nmethods': size=120000Kb used=8484Kb max_used=8484Kb free=111515Kb
 bounds [0x000001fd86a10000, 0x000001fd87260000, 0x000001fd8df40000]
CodeHeap 'non-nmethods': size=5760Kb used=1281Kb max_used=1352Kb free=4478Kb
 bounds [0x000001fd86470000, 0x000001fd866e0000, 0x000001fd86a10000]
 total_blobs=4834 nmethods=4245 adapters=499
 compilation: enabled
              stopped_count=0, restarted_count=0
 full_count=0

Compilation events (20 events):
Event: 9.147 Thread 0x000001fd991da850 nmethod 4240 0x000001fd8e154d90 code [0x000001fd8e154f20, 0x000001fd8e154ff8]
Event: 9.156 Thread 0x000001fd991da850 4241       3       com.google.common.collect.LinkedHashMultimap$ValueEntry::<init> (18 bytes)
Event: 9.157 Thread 0x000001fd991da850 nmethod 4241 0x000001fd87253f90 code [0x000001fd87254140, 0x000001fd872543b8]
Event: 9.157 Thread 0x000001fd991da850 4242       3       org.eclipse.sisu.bean.BeanPropertyIterator::hasNext (126 bytes)
Event: 9.158 Thread 0x000001fd991da850 nmethod 4242 0x000001fd87254510 code [0x000001fd87254780, 0x000001fd87255768]
Event: 9.158 Thread 0x000001fd991da850 4243       3       com.google.inject.internal.CycleDetectingLock$CycleDetectingLockFactory$ReentrantCycleDetectingLock::detectPotentialLocksCycle (85 bytes)
Event: 9.158 Thread 0x000001fd991da850 nmethod 4243 0x000001fd87255a90 code [0x000001fd87255ca0, 0x000001fd87256238]
Event: 9.158 Thread 0x000001fd991da850 4246       3       com.google.common.collect.AbstractMultimap::containsValue (51 bytes)
Event: 9.159 Thread 0x000001fd991da850 nmethod 4246 0x000001fd87256490 code [0x000001fd872566a0, 0x000001fd87256e38]
Event: 9.159 Thread 0x000001fd991da850 4244       3       com.google.common.collect.AbstractMultimap$Values::contains (9 bytes)
Event: 9.159 Thread 0x000001fd991da850 nmethod 4244 0x000001fd87257010 code [0x000001fd872571c0, 0x000001fd87257388]
Event: 9.159 Thread 0x000001fd991da850 4245       3       com.google.common.collect.LinkedHashMultimap::containsValue (6 bytes)
Event: 9.160 Thread 0x000001fd991da850 nmethod 4245 0x000001fd87257490 code [0x000001fd87257620, 0x000001fd87257768]
Event: 9.160 Thread 0x000001fd991da850 4247       3       com.google.common.collect.Maps$ViewCachingAbstractMap::values (23 bytes)
Event: 9.160 Thread 0x000001fd991da850 nmethod 4247 0x000001fd87257810 code [0x000001fd872579e0, 0x000001fd87257e58]
Event: 9.160 Thread 0x000001fd991da850 4248       3       com.google.common.collect.Maps$Values::iterator (18 bytes)
Event: 9.161 Thread 0x000001fd991da850 nmethod 4248 0x000001fd87258010 code [0x000001fd87258220, 0x000001fd87258908]
Event: 9.161 Thread 0x000001fd991da850 4249       3       com.google.common.collect.Maps$ViewCachingAbstractMap::entrySet (23 bytes)
Event: 9.161 Thread 0x000001fd991da850 nmethod 4249 0x000001fd87258b90 code [0x000001fd87258d40, 0x000001fd87258fa8]
Event: 9.161 Thread 0x000001fd991da850 4250       3       com.google.common.collect.AbstractMapBasedMultimap$AsMap$AsMapEntries::iterator (12 bytes)

GC Heap History (20 events):
Event: 5.037 GC heap before
{Heap before GC invocations=5 (full 1):
 PSYoungGen      total 29696K, used 4076K [0x00000000eab00000, 0x00000000ecc00000, 0x0000000100000000)
  eden space 25600K, 0% used [0x00000000eab00000,0x00000000eab00000,0x00000000ec400000)
  from space 4096K, 99% used [0x00000000ec800000,0x00000000ecbfb018,0x00000000ecc00000)
  to   space 4096K, 0% used [0x00000000ec400000,0x00000000ec400000,0x00000000ec800000)
 ParOldGen       total 68608K, used 4162K [0x00000000c0000000, 0x00000000c4300000, 0x00000000eab00000)
  object space 68608K, 6% used [0x00000000c0000000,0x00000000c04109d8,0x00000000c4300000)
 Metaspace       used 21052K, committed 21504K, reserved 1073152K
  class space    used 2154K, committed 2368K, reserved 1048576K
}
Event: 5.057 GC heap after
{Heap after GC invocations=5 (full 1):
 PSYoungGen      total 29696K, used 0K [0x00000000eab00000, 0x00000000ecc00000, 0x0000000100000000)
  eden space 25600K, 0% used [0x00000000eab00000,0x00000000eab00000,0x00000000ec400000)
  from space 4096K, 0% used [0x00000000ec800000,0x00000000ec800000,0x00000000ecc00000)
  to   space 4096K, 0% used [0x00000000ec400000,0x00000000ec400000,0x00000000ec800000)
 ParOldGen       total 68608K, used 8038K [0x00000000c0000000, 0x00000000c4300000, 0x00000000eab00000)
  object space 68608K, 11% used [0x00000000c0000000,0x00000000c07d9990,0x00000000c4300000)
 Metaspace       used 21039K, committed 21504K, reserved 1073152K
  class space    used 2150K, committed 2368K, reserved 1048576K
}
Event: 6.874 GC heap before
{Heap before GC invocations=6 (full 1):
 PSYoungGen      total 29696K, used 25600K [0x00000000eab00000, 0x00000000ecc00000, 0x0000000100000000)
  eden space 25600K, 100% used [0x00000000eab00000,0x00000000ec400000,0x00000000ec400000)
  from space 4096K, 0% used [0x00000000ec800000,0x00000000ec800000,0x00000000ecc00000)
  to   space 4096K, 0% used [0x00000000ec400000,0x00000000ec400000,0x00000000ec800000)
 ParOldGen       total 68608K, used 8038K [0x00000000c0000000, 0x00000000c4300000, 0x00000000eab00000)
  object space 68608K, 11% used [0x00000000c0000000,0x00000000c07d9990,0x00000000c4300000)
 Metaspace       used 24089K, committed 24768K, reserved 1073152K
  class space    used 2538K, committed 2816K, reserved 1048576K
}
Event: 6.875 GC heap after
{Heap after GC invocations=6 (full 1):
 PSYoungGen      total 27648K, used 2274K [0x00000000eab00000, 0x00000000eca80000, 0x0000000100000000)
  eden space 25088K, 0% used [0x00000000eab00000,0x00000000eab00000,0x00000000ec380000)
  from space 2560K, 88% used [0x00000000ec400000,0x00000000ec638ab8,0x00000000ec680000)
  to   space 3584K, 0% used [0x00000000ec700000,0x00000000ec700000,0x00000000eca80000)
 ParOldGen       total 68608K, used 8046K [0x00000000c0000000, 0x00000000c4300000, 0x00000000eab00000)
  object space 68608K, 11% used [0x00000000c0000000,0x00000000c07db990,0x00000000c4300000)
 Metaspace       used 24089K, committed 24768K, reserved 1073152K
  class space    used 2538K, committed 2816K, reserved 1048576K
}
Event: 7.067 GC heap before
{Heap before GC invocations=7 (full 1):
 PSYoungGen      total 27648K, used 27362K [0x00000000eab00000, 0x00000000eca80000, 0x0000000100000000)
  eden space 25088K, 100% used [0x00000000eab00000,0x00000000ec380000,0x00000000ec380000)
  from space 2560K, 88% used [0x00000000ec400000,0x00000000ec638ab8,0x00000000ec680000)
  to   space 3584K, 0% used [0x00000000ec700000,0x00000000ec700000,0x00000000eca80000)
 ParOldGen       total 68608K, used 8046K [0x00000000c0000000, 0x00000000c4300000, 0x00000000eab00000)
  object space 68608K, 11% used [0x00000000c0000000,0x00000000c07db990,0x00000000c4300000)
 Metaspace       used 27536K, committed 28224K, reserved 1081344K
  class space    used 2784K, committed 3072K, reserved 1048576K
}
Event: 7.069 GC heap after
{Heap after GC invocations=7 (full 1):
 PSYoungGen      total 28160K, used 3073K [0x00000000eab00000, 0x00000000eca80000, 0x0000000100000000)
  eden space 24576K, 0% used [0x00000000eab00000,0x00000000eab00000,0x00000000ec300000)
  from space 3584K, 85% used [0x00000000ec700000,0x00000000eca00458,0x00000000eca80000)
  to   space 3584K, 0% used [0x00000000ec380000,0x00000000ec380000,0x00000000ec700000)
 ParOldGen       total 68608K, used 8054K [0x00000000c0000000, 0x00000000c4300000, 0x00000000eab00000)
  object space 68608K, 11% used [0x00000000c0000000,0x00000000c07dd990,0x00000000c4300000)
 Metaspace       used 27536K, committed 28224K, reserved 1081344K
  class space    used 2784K, committed 3072K, reserved 1048576K
}
Event: 7.285 GC heap before
{Heap before GC invocations=8 (full 1):
 PSYoungGen      total 28160K, used 27649K [0x00000000eab00000, 0x00000000eca80000, 0x0000000100000000)
  eden space 24576K, 100% used [0x00000000eab00000,0x00000000ec300000,0x00000000ec300000)
  from space 3584K, 85% used [0x00000000ec700000,0x00000000eca00458,0x00000000eca80000)
  to   space 3584K, 0% used [0x00000000ec380000,0x00000000ec380000,0x00000000ec700000)
 ParOldGen       total 68608K, used 8054K [0x00000000c0000000, 0x00000000c4300000, 0x00000000eab00000)
  object space 68608K, 11% used [0x00000000c0000000,0x00000000c07dd990,0x00000000c4300000)
 Metaspace       used 30160K, committed 30912K, reserved 1081344K
  class space    used 2997K, committed 3328K, reserved 1048576K
}
Event: 7.288 GC heap after
{Heap after GC invocations=8 (full 1):
 PSYoungGen      total 27648K, used 3558K [0x00000000eab00000, 0x00000000eca80000, 0x0000000100000000)
  eden space 24064K, 0% used [0x00000000eab00000,0x00000000eab00000,0x00000000ec280000)
  from space 3584K, 99% used [0x00000000ec380000,0x00000000ec6f9828,0x00000000ec700000)
  to   space 3584K, 0% used [0x00000000ec700000,0x00000000ec700000,0x00000000eca80000)
 ParOldGen       total 68608K, used 8254K [0x00000000c0000000, 0x00000000c4300000, 0x00000000eab00000)
  object space 68608K, 12% used [0x00000000c0000000,0x00000000c080f990,0x00000000c4300000)
 Metaspace       used 30160K, committed 30912K, reserved 1081344K
  class space    used 2997K, committed 3328K, reserved 1048576K
}
Event: 7.970 GC heap before
{Heap before GC invocations=9 (full 1):
 PSYoungGen      total 27648K, used 27622K [0x00000000eab00000, 0x00000000eca80000, 0x0000000100000000)
  eden space 24064K, 100% used [0x00000000eab00000,0x00000000ec280000,0x00000000ec280000)
  from space 3584K, 99% used [0x00000000ec380000,0x00000000ec6f9828,0x00000000ec700000)
  to   space 3584K, 0% used [0x00000000ec700000,0x00000000ec700000,0x00000000eca80000)
 ParOldGen       total 68608K, used 8254K [0x00000000c0000000, 0x00000000c4300000, 0x00000000eab00000)
  object space 68608K, 12% used [0x00000000c0000000,0x00000000c080f990,0x00000000c4300000)
 Metaspace       used 34300K, committed 35200K, reserved 1081344K
  class space    used 3474K, committed 3904K, reserved 1048576K
}
Event: 7.973 GC heap after
{Heap after GC invocations=9 (full 1):
 PSYoungGen      total 26112K, used 3576K [0x00000000eab00000, 0x00000000ece00000, 0x0000000100000000)
  eden space 22528K, 0% used [0x00000000eab00000,0x00000000eab00000,0x00000000ec100000)
  from space 3584K, 99% used [0x00000000ec700000,0x00000000eca7e3a8,0x00000000eca80000)
  to   space 6144K, 0% used [0x00000000ec100000,0x00000000ec100000,0x00000000ec700000)
 ParOldGen       total 68608K, used 10034K [0x00000000c0000000, 0x00000000c4300000, 0x00000000eab00000)
  object space 68608K, 14% used [0x00000000c0000000,0x00000000c09cc8a8,0x00000000c4300000)
 Metaspace       used 34300K, committed 35200K, reserved 1081344K
  class space    used 3474K, committed 3904K, reserved 1048576K
}
Event: 8.050 GC heap before
{Heap before GC invocations=10 (full 1):
 PSYoungGen      total 26112K, used 8558K [0x00000000eab00000, 0x00000000ece00000, 0x0000000100000000)
  eden space 22528K, 22% used [0x00000000eab00000,0x00000000eafdd5e8,0x00000000ec100000)
  from space 3584K, 99% used [0x00000000ec700000,0x00000000eca7e3a8,0x00000000eca80000)
  to   space 6144K, 0% used [0x00000000ec100000,0x00000000ec100000,0x00000000ec700000)
 ParOldGen       total 68608K, used 10034K [0x00000000c0000000, 0x00000000c4300000, 0x00000000eab00000)
  object space 68608K, 14% used [0x00000000c0000000,0x00000000c09cc8a8,0x00000000c4300000)
 Metaspace       used 35033K, committed 35840K, reserved 1081344K
  class space    used 3575K, committed 3968K, reserved 1048576K
}
Event: 8.052 GC heap after
{Heap after GC invocations=10 (full 1):
 PSYoungGen      total 24576K, used 1927K [0x00000000eab00000, 0x00000000ec900000, 0x0000000100000000)
  eden space 22528K, 0% used [0x00000000eab00000,0x00000000eab00000,0x00000000ec100000)
  from space 2048K, 94% used [0x00000000ec100000,0x00000000ec2e1f50,0x00000000ec300000)
  to   space 3584K, 0% used [0x00000000ec580000,0x00000000ec580000,0x00000000ec900000)
 ParOldGen       total 68608K, used 11998K [0x00000000c0000000, 0x00000000c4300000, 0x00000000eab00000)
  object space 68608K, 17% used [0x00000000c0000000,0x00000000c0bb7af0,0x00000000c4300000)
 Metaspace       used 35033K, committed 35840K, reserved 1081344K
  class space    used 3575K, committed 3968K, reserved 1048576K
}
Event: 8.052 GC heap before
{Heap before GC invocations=11 (full 2):
 PSYoungGen      total 24576K, used 1927K [0x00000000eab00000, 0x00000000ec900000, 0x0000000100000000)
  eden space 22528K, 0% used [0x00000000eab00000,0x00000000eab00000,0x00000000ec100000)
  from space 2048K, 94% used [0x00000000ec100000,0x00000000ec2e1f50,0x00000000ec300000)
  to   space 3584K, 0% used [0x00000000ec580000,0x00000000ec580000,0x00000000ec900000)
 ParOldGen       total 68608K, used 11998K [0x00000000c0000000, 0x00000000c4300000, 0x00000000eab00000)
  object space 68608K, 17% used [0x00000000c0000000,0x00000000c0bb7af0,0x00000000c4300000)
 Metaspace       used 35033K, committed 35840K, reserved 1081344K
  class space    used 3575K, committed 3968K, reserved 1048576K
}
Event: 8.071 GC heap after
{Heap after GC invocations=11 (full 2):
 PSYoungGen      total 24576K, used 0K [0x00000000eab00000, 0x00000000ec900000, 0x0000000100000000)
  eden space 22528K, 0% used [0x00000000eab00000,0x00000000eab00000,0x00000000ec100000)
  from space 2048K, 0% used [0x00000000ec100000,0x00000000ec100000,0x00000000ec300000)
  to   space 3584K, 0% used [0x00000000ec580000,0x00000000ec580000,0x00000000ec900000)
 ParOldGen       total 68608K, used 13542K [0x00000000c0000000, 0x00000000c4300000, 0x00000000eab00000)
  object space 68608K, 19% used [0x00000000c0000000,0x00000000c0d39ba8,0x00000000c4300000)
 Metaspace       used 35033K, committed 35840K, reserved 1081344K
  class space    used 3575K, committed 3968K, reserved 1048576K
}
Event: 8.249 GC heap before
{Heap before GC invocations=12 (full 2):
 PSYoungGen      total 24576K, used 22528K [0x00000000eab00000, 0x00000000ec900000, 0x0000000100000000)
  eden space 22528K, 100% used [0x00000000eab00000,0x00000000ec100000,0x00000000ec100000)
  from space 2048K, 0% used [0x00000000ec100000,0x00000000ec100000,0x00000000ec300000)
  to   space 3584K, 0% used [0x00000000ec580000,0x00000000ec580000,0x00000000ec900000)
 ParOldGen       total 68608K, used 13542K [0x00000000c0000000, 0x00000000c4300000, 0x00000000eab00000)
  object space 68608K, 19% used [0x00000000c0000000,0x00000000c0d39ba8,0x00000000c4300000)
 Metaspace       used 38114K, committed 39104K, reserved 1089536K
  class space    used 4014K, committed 4480K, reserved 1048576K
}
Event: 8.250 GC heap after
{Heap after GC invocations=12 (full 2):
 PSYoungGen      total 23552K, used 1072K [0x00000000eab00000, 0x00000000ec700000, 0x0000000100000000)
  eden space 22016K, 0% used [0x00000000eab00000,0x00000000eab00000,0x00000000ec080000)
  from space 1536K, 69% used [0x00000000ec580000,0x00000000ec68c010,0x00000000ec700000)
  to   space 2048K, 0% used [0x00000000ec300000,0x00000000ec300000,0x00000000ec500000)
 ParOldGen       total 68608K, used 13550K [0x00000000c0000000, 0x00000000c4300000, 0x00000000eab00000)
  object space 68608K, 19% used [0x00000000c0000000,0x00000000c0d3bba8,0x00000000c4300000)
 Metaspace       used 38114K, committed 39104K, reserved 1089536K
  class space    used 4014K, committed 4480K, reserved 1048576K
}
Event: 8.530 GC heap before
{Heap before GC invocations=13 (full 2):
 PSYoungGen      total 23552K, used 23088K [0x00000000eab00000, 0x00000000ec700000, 0x0000000100000000)
  eden space 22016K, 100% used [0x00000000eab00000,0x00000000ec080000,0x00000000ec080000)
  from space 1536K, 69% used [0x00000000ec580000,0x00000000ec68c010,0x00000000ec700000)
  to   space 2048K, 0% used [0x00000000ec300000,0x00000000ec300000,0x00000000ec500000)
 ParOldGen       total 68608K, used 13550K [0x00000000c0000000, 0x00000000c4300000, 0x00000000eab00000)
  object space 68608K, 19% used [0x00000000c0000000,0x00000000c0d3bba8,0x00000000c4300000)
 Metaspace       used 40008K, committed 40960K, reserved 1089536K
  class space    used 4246K, committed 4672K, reserved 1048576K
}
Event: 8.531 GC heap after
{Heap after GC invocations=13 (full 2):
 PSYoungGen      total 24064K, used 832K [0x00000000eab00000, 0x00000000ec600000, 0x0000000100000000)
  eden space 22016K, 0% used [0x00000000eab00000,0x00000000eab00000,0x00000000ec080000)
  from space 2048K, 40% used [0x00000000ec300000,0x00000000ec3d0000,0x00000000ec500000)
  to   space 1024K, 0% used [0x00000000ec500000,0x00000000ec500000,0x00000000ec600000)
 ParOldGen       total 68608K, used 14374K [0x00000000c0000000, 0x00000000c4300000, 0x00000000eab00000)
  object space 68608K, 20% used [0x00000000c0000000,0x00000000c0e09980,0x00000000c4300000)
 Metaspace       used 40008K, committed 40960K, reserved 1089536K
  class space    used 4246K, committed 4672K, reserved 1048576K
}
Event: 9.035 GC heap before
{Heap before GC invocations=14 (full 2):
 PSYoungGen      total 24064K, used 22848K [0x00000000eab00000, 0x00000000ec600000, 0x0000000100000000)
  eden space 22016K, 100% used [0x00000000eab00000,0x00000000ec080000,0x00000000ec080000)
  from space 2048K, 40% used [0x00000000ec300000,0x00000000ec3d0000,0x00000000ec500000)
  to   space 1024K, 0% used [0x00000000ec500000,0x00000000ec500000,0x00000000ec600000)
 ParOldGen       total 68608K, used 14374K [0x00000000c0000000, 0x00000000c4300000, 0x00000000eab00000)
  object space 68608K, 20% used [0x00000000c0000000,0x00000000c0e09980,0x00000000c4300000)
 Metaspace       used 42644K, committed 43584K, reserved 1089536K
  class space    used 4621K, committed 5056K, reserved 1048576K
}
Event: 9.037 GC heap after
{Heap after GC invocations=14 (full 2):
 PSYoungGen      total 23040K, used 1024K [0x00000000eab00000, 0x00000000ec600000, 0x0000000100000000)
  eden space 22016K, 0% used [0x00000000eab00000,0x00000000eab00000,0x00000000ec080000)
  from space 1024K, 100% used [0x00000000ec500000,0x00000000ec600000,0x00000000ec600000)
  to   space 2048K, 0% used [0x00000000ec200000,0x00000000ec200000,0x00000000ec400000)
 ParOldGen       total 68608K, used 15178K [0x00000000c0000000, 0x00000000c4300000, 0x00000000eab00000)
  object space 68608K, 22% used [0x00000000c0000000,0x00000000c0ed2bb0,0x00000000c4300000)
 Metaspace       used 42644K, committed 43584K, reserved 1089536K
  class space    used 4621K, committed 5056K, reserved 1048576K
}

Dll operation events (10 events):
Event: 0.010 Loaded shared library c:\Users\Roman\.vscode\extensions\redhat.java-1.14.0-win32-x64\jre\17.0.5-win32-x86_64\bin\java.dll
Event: 0.194 Loaded shared library c:\Users\Roman\.vscode\extensions\redhat.java-1.14.0-win32-x64\jre\17.0.5-win32-x86_64\bin\zip.dll
Event: 0.200 Loaded shared library C:\Users\Roman\.vscode\extensions\redhat.java-1.14.0-win32-x64\jre\17.0.5-win32-x86_64\bin\instrument.dll
Event: 0.274 Loaded shared library C:\Users\Roman\.vscode\extensions\redhat.java-1.14.0-win32-x64\jre\17.0.5-win32-x86_64\bin\net.dll
Event: 0.313 Loaded shared library C:\Users\Roman\.vscode\extensions\redhat.java-1.14.0-win32-x64\jre\17.0.5-win32-x86_64\bin\nio.dll
Event: 0.322 Loaded shared library C:\Users\Roman\.vscode\extensions\redhat.java-1.14.0-win32-x64\jre\17.0.5-win32-x86_64\bin\zip.dll
Event: 0.344 Loaded shared library C:\Users\Roman\.vscode\extensions\redhat.java-1.14.0-win32-x64\jre\17.0.5-win32-x86_64\bin\jimage.dll
Event: 0.425 Loaded shared library c:\Users\Roman\.vscode\extensions\redhat.java-1.14.0-win32-x64\jre\17.0.5-win32-x86_64\bin\verify.dll
Event: 4.357 Loaded shared library C:\Users\Roman\AppData\Roaming\Code\User\globalStorage\redhat.java\1.14.0\config_win\org.eclipse.equinox.launcher\org.eclipse.equinox.launcher.win32.win32.x86_64_1.2.700.v20221108-1024\eclipse_11801.dll
Event: 7.613 Loaded shared library C:\Users\Roman\AppData\Local\Temp\jna-79143389\jna2904786072246680878.dll

Deoptimization events (20 events):
Event: 8.318 Thread 0x000001fd9bd5fc80 DEOPT PACKING pc=0x000001fd8e068f88 sp=0x000000928acfe430
Event: 8.318 Thread 0x000001fd9bd5fc80 DEOPT UNPACKING pc=0x000001fd864c20a3 sp=0x000000928acfe350 mode 2
Event: 8.318 Thread 0x000001fd9bd5fc80 Uncommon trap: trap_request=0xffffff66 fr.pc=0x000001fd8e068f88 relative=0x00000000000000e8
Event: 8.318 Thread 0x000001fd9bd5fc80 Uncommon trap: reason=speculate_class_check action=maybe_recompile pc=0x000001fd8e068f88 method=java.util.regex.Pattern$CharPredicate.lambda$negate$3(I)Z @ 2 c2
Event: 8.318 Thread 0x000001fd9bd5fc80 DEOPT PACKING pc=0x000001fd8e068f88 sp=0x000000928acfe430
Event: 8.318 Thread 0x000001fd9bd5fc80 DEOPT UNPACKING pc=0x000001fd864c20a3 sp=0x000000928acfe350 mode 2
Event: 8.318 Thread 0x000001fd9bd5fc80 Uncommon trap: trap_request=0xffffff66 fr.pc=0x000001fd8e068f88 relative=0x00000000000000e8
Event: 8.318 Thread 0x000001fd9bd5fc80 Uncommon trap: reason=speculate_class_check action=maybe_recompile pc=0x000001fd8e068f88 method=java.util.regex.Pattern$CharPredicate.lambda$negate$3(I)Z @ 2 c2
Event: 8.318 Thread 0x000001fd9bd5fc80 DEOPT PACKING pc=0x000001fd8e068f88 sp=0x000000928acfe430
Event: 8.318 Thread 0x000001fd9bd5fc80 DEOPT UNPACKING pc=0x000001fd864c20a3 sp=0x000000928acfe350 mode 2
Event: 8.369 Thread 0x000001fd9bd5fc80 DEOPT PACKING pc=0x000001fd87142ad9 sp=0x000000928acfe3b0
Event: 8.369 Thread 0x000001fd9bd5fc80 DEOPT UNPACKING pc=0x000001fd864c2843 sp=0x000000928acfd808 mode 0
Event: 8.779 Thread 0x000001fd9acb3150 Uncommon trap: trap_request=0xffffff45 fr.pc=0x000001fd8e0974e4 relative=0x00000000000005a4
Event: 8.779 Thread 0x000001fd9acb3150 Uncommon trap: reason=unstable_if action=reinterpret pc=0x000001fd8e0974e4 method=java.util.TreeMap.put(Ljava/lang/Object;Ljava/lang/Object;Z)Ljava/lang/Object; @ 27 c2
Event: 8.779 Thread 0x000001fd9acb3150 DEOPT PACKING pc=0x000001fd8e0974e4 sp=0x000000928b1fd7a0
Event: 8.779 Thread 0x000001fd9acb3150 DEOPT UNPACKING pc=0x000001fd864c20a3 sp=0x000000928b1fd6b8 mode 2
Event: 9.152 Thread 0x000001fd9bd5fc80 Uncommon trap: trap_request=0xffffff45 fr.pc=0x000001fd8e050884 relative=0x0000000000000c04
Event: 9.152 Thread 0x000001fd9bd5fc80 Uncommon trap: reason=unstable_if action=reinterpret pc=0x000001fd8e050884 method=java.util.Properties$LineReader.readLine()I @ 182 c2
Event: 9.152 Thread 0x000001fd9bd5fc80 DEOPT PACKING pc=0x000001fd8e050884 sp=0x000000928acfe390
Event: 9.152 Thread 0x000001fd9bd5fc80 DEOPT UNPACKING pc=0x000001fd864c20a3 sp=0x000000928acfe328 mode 2

Classes unloaded (7 events):
Event: 5.039 Thread 0x000001fd838ad820 Unloading class 0x0000000100216400 'java/lang/invoke/LambdaForm$MH+0x0000000100216400'
Event: 5.039 Thread 0x000001fd838ad820 Unloading class 0x0000000100216000 'java/lang/invoke/LambdaForm$MH+0x0000000100216000'
Event: 5.039 Thread 0x000001fd838ad820 Unloading class 0x0000000100215c00 'java/lang/invoke/LambdaForm$MH+0x0000000100215c00'
Event: 5.039 Thread 0x000001fd838ad820 Unloading class 0x0000000100215800 'java/lang/invoke/LambdaForm$MH+0x0000000100215800'
Event: 5.039 Thread 0x000001fd838ad820 Unloading class 0x0000000100215000 'java/lang/invoke/LambdaForm$BMH+0x0000000100215000'
Event: 5.039 Thread 0x000001fd838ad820 Unloading class 0x0000000100214c00 'java/lang/invoke/LambdaForm$DMH+0x0000000100214c00'
Event: 5.039 Thread 0x000001fd838ad820 Unloading class 0x0000000100212000 'java/lang/invoke/LambdaForm$DMH+0x0000000100212000'

Classes redefined (0 events):
No events

Internal exceptions (20 events):
Event: 7.255 Thread 0x000001fd9ac0c150 Exception <a 'java/lang/ClassNotFoundException'{0x00000000ec0ccbb8}: com/sun/org/apache/xerces/internal/impl/msg/spi/XMLSerializerMessagesProvider> (0x00000000ec0ccbb8) 
thrown [s\src\hotspot\share\classfile\systemDictionary.cpp, line 256]
Event: 7.256 Thread 0x000001fd9ac0c150 Exception <a 'java/lang/ClassNotFoundException'{0x00000000ec0e5020}: com/sun/org/apache/xerces/internal/impl/msg/spi/XMLMessagesProvider> (0x00000000ec0e5020) 
thrown [s\src\hotspot\share\classfile\systemDictionary.cpp, line 256]
Event: 7.310 Thread 0x000001fd9ac0c150 Exception <a 'sun/nio/fs/WindowsException'{0x00000000eacfb8c8}> (0x00000000eacfb8c8) 
thrown [s\src\hotspot\share\prims\jni.cpp, line 516]
Event: 7.354 Thread 0x000001fd9ac0c150 Exception <a 'java/lang/NoSuchMethodError'{0x00000000eaf014f8}: 'java.lang.Object java.lang.invoke.DirectMethodHandle$Holder.invokeStaticInit(java.lang.Object, int, int, int, int)'> (0x00000000eaf014f8) 
thrown [s\src\hotspot\share\interpreter\linkResolver.cpp, line 759]
Event: 7.415 Thread 0x000001fd9ac0c150 Exception <a 'java/lang/NoSuchMethodError'{0x00000000eafd84e0}: 'java.lang.Object java.lang.invoke.DirectMethodHandle$Holder.invokeStaticInit(java.lang.Object, java.lang.Object, int, int, int, int)'> (0x00000000eafd84e0) 
thrown [s\src\hotspot\share\interpreter\linkResolver.cpp, line 759]
Event: 7.461 Thread 0x000001fd9ac0c150 Exception <a 'java/lang/ClassNotFoundException'{0x00000000eb2f9f40}: com/sun/org/apache/xml/internal/serializer/spi/XMLEntitiesProvider> (0x00000000eb2f9f40) 
thrown [s\src\hotspot\share\classfile\systemDictionary.cpp, line 256]
Event: 7.541 Thread 0x000001fd9ac0c150 Exception <a 'java/io/FileNotFoundException'{0x00000000eb66b910}> (0x00000000eb66b910) 
thrown [s\src\hotspot\share\prims\jni.cpp, line 516]
Event: 7.652 Thread 0x000001fd9ac0c150 Exception <a 'java/lang/UnsatisfiedLinkError'{0x00000000eb906da8}: Die angegebene Prozedur wurde nicht gefunden.
> (0x00000000eb906da8) 
thrown [s\src\hotspot\share\prims\jni.cpp, line 535]
Event: 7.658 Thread 0x000001fd9ac0c150 Exception <a 'java/io/FileNotFoundException'{0x00000000eb929eb0}> (0x00000000eb929eb0) 
thrown [s\src\hotspot\share\prims\jni.cpp, line 516]
Event: 7.669 Thread 0x000001fd9ac0c150 Exception <a 'java/io/FileNotFoundException'{0x00000000eb99c3d8}> (0x00000000eb99c3d8) 
thrown [s\src\hotspot\share\prims\jni.cpp, line 516]
Event: 7.680 Thread 0x000001fd9ac0c150 Exception <a 'java/lang/UnsatisfiedLinkError'{0x00000000eba26ea8}: Die angegebene Prozedur wurde nicht gefunden.
> (0x00000000eba26ea8) 
thrown [s\src\hotspot\share\prims\jni.cpp, line 535]
Event: 7.966 Thread 0x000001fd837f6e00 Exception <a 'java/lang/NoSuchMethodError'{0x00000000ec201720}: 'java.lang.Object java.lang.invoke.DirectMethodHandle$Holder.invokeStatic(java.lang.Object, java.lang.Object, long, java.lang.Object)'> (0x00000000ec201720) 
thrown [s\src\hotspot\share\interpreter\linkResolver.cpp, line 759]
Event: 7.967 Thread 0x000001fd837f6e00 Exception <a 'java/lang/NoSuchMethodError'{0x00000000ec2051b8}: 'java.lang.Object java.lang.invoke.DirectMethodHandle$Holder.invokeStaticInit(java.lang.Object, java.lang.Object, long, java.lang.Object)'> (0x00000000ec2051b8) 
thrown [s\src\hotspot\share\interpreter\linkResolver.cpp, line 759]
Event: 7.967 Thread 0x000001fd837f6e00 Exception <a 'java/lang/NoSuchMethodError'{0x00000000ec23cad0}: 'java.lang.Object java.lang.invoke.DirectMethodHandle$Holder.newInvokeSpecial(java.lang.Object, java.lang.Object, long)'> (0x00000000ec23cad0) 
thrown [s\src\hotspot\share\interpreter\linkResolver.cpp, line 759]
Event: 7.967 Thread 0x000001fd837f6e00 Exception <a 'java/lang/NoSuchMethodError'{0x00000000ec240510}: 'java.lang.Object java.lang.invoke.Invokers$Holder.linkToTargetMethod(java.lang.Object, long, java.lang.Object)'> (0x00000000ec240510) 
thrown [s\src\hotspot\share\interpreter\linkResolver.cpp, line 759]
Event: 8.023 Thread 0x000001fd837f6e00 Exception <a 'java/lang/NoSuchMethodError'{0x00000000eae41490}: 'void java.lang.invoke.DirectMethodHandle$Holder.invokeStatic(java.lang.Object, java.lang.Object, java.lang.Object, java.lang.Object)'> (0x00000000eae41490) 
thrown [s\src\hotspot\share\interpreter\linkResolver.cpp, line 759]
Event: 8.176 Thread 0x000001fd837f6e00 Exception <a 'java/lang/NoSuchMethodError'{0x00000000eb8a6210}: 'void java.lang.invoke.DirectMethodHandle$Holder.invokeSpecial(java.lang.Object, java.lang.Object, java.lang.Object, java.lang.Object, java.lang.Object, java.lang.Object)'> (0x00000000eb8a6210) 
thrown [s\src\hotspot\share\interpreter\linkResolver.cpp, line 759]
Event: 8.210 Thread 0x000001fd9bd5fc80 Exception <a 'java/lang/NoClassDefFoundError'{0x00000000ebcf3ee0}: javax/enterprise/inject/Typed> (0x00000000ebcf3ee0) 
thrown [s\src\hotspot\share\classfile\systemDictionary.cpp, line 245]
Event: 8.277 Thread 0x000001fd9acb3150 Exception <a 'java/io/FileNotFoundException'{0x00000000eaeed760}> (0x00000000eaeed760) 
thrown [s\src\hotspot\share\prims\jni.cpp, line 516]
Event: 9.047 Thread 0x000001fd9bd5fc80 Exception <a 'java/lang/NoClassDefFoundError'{0x00000000eab4aa08}: com/google/inject/servlet/ServletModuleTargetVisitor> (0x00000000eab4aa08) 
thrown [s\src\hotspot\share\classfile\systemDictionary.cpp, line 245]

VM Operations (20 events):
Event: 7.970 Executing VM operation: ParallelGCFailedAllocation
Event: 7.973 Executing VM operation: ParallelGCFailedAllocation done
Event: 8.050 Executing VM operation: CollectForMetadataAllocation
Event: 8.071 Executing VM operation: CollectForMetadataAllocation done
Event: 8.198 Executing VM operation: HandshakeAllThreads
Event: 8.198 Executing VM operation: HandshakeAllThreads done
Event: 8.249 Executing VM operation: ParallelGCFailedAllocation
Event: 8.250 Executing VM operation: ParallelGCFailedAllocation done
Event: 8.498 Executing VM operation: HandshakeAllThreads
Event: 8.498 Executing VM operation: HandshakeAllThreads done
Event: 8.530 Executing VM operation: ParallelGCFailedAllocation
Event: 8.531 Executing VM operation: ParallelGCFailedAllocation done
Event: 8.598 Executing VM operation: HandshakeAllThreads
Event: 8.598 Executing VM operation: HandshakeAllThreads done
Event: 8.894 Executing VM operation: HandshakeAllThreads
Event: 8.894 Executing VM operation: HandshakeAllThreads done
Event: 9.035 Executing VM operation: ParallelGCFailedAllocation
Event: 9.037 Executing VM operation: ParallelGCFailedAllocation done
Event: 9.098 Executing VM operation: HandshakeAllThreads
Event: 9.098 Executing VM operation: HandshakeAllThreads done

Events (20 events):
Event: 8.675 loading class java/lang/InheritableThreadLocal
Event: 8.675 loading class java/lang/InheritableThreadLocal done
Event: 8.702 loading class sun/reflect/generics/scope/ConstructorScope
Event: 8.702 loading class sun/reflect/generics/scope/ConstructorScope done
Event: 8.702 loading class sun/reflect/generics/tree/VoidDescriptor
Event: 8.702 loading class sun/reflect/generics/tree/VoidDescriptor done
Event: 8.731 loading class java/nio/channels/SocketChannel
Event: 8.732 loading class java/nio/channels/NetworkChannel
Event: 8.732 loading class java/nio/channels/NetworkChannel done
Event: 8.732 loading class java/nio/channels/spi/AbstractSelectableChannel
Event: 8.732 loading class java/nio/channels/spi/AbstractSelectableChannel done
Event: 8.732 loading class java/nio/channels/SocketChannel done
Event: 8.733 loading class java/nio/channels/ServerSocketChannel
Event: 8.733 loading class java/nio/channels/ServerSocketChannel done
Event: 8.734 loading class javax/net/ssl/SSLSocketFactory
Event: 8.735 loading class javax/net/SocketFactory
Event: 8.735 loading class javax/net/SocketFactory done
Event: 8.735 loading class javax/net/ssl/SSLSocketFactory done
Event: 9.064 loading class java/lang/ProcessEnvironment$CheckedKeySet
Event: 9.064 loading class java/lang/ProcessEnvironment$CheckedKeySet done


Dynamic libraries:
0x00007ff796480000 - 0x00007ff79648e000 	c:\Users\Roman\.vscode\extensions\redhat.java-1.14.0-win32-x64\jre\17.0.5-win32-x86_64\bin\java.exe
0x00007ffd148f0000 - 0x00007ffd14b04000 	C:\WINDOWS\SYSTEM32\ntdll.dll
0x00007ffd133e0000 - 0x00007ffd134a3000 	C:\WINDOWS\System32\KERNEL32.DLL
0x00007ffd11f20000 - 0x00007ffd122bc000 	C:\WINDOWS\System32\KERNELBASE.dll
0x00007ffd123e0000 - 0x00007ffd124f1000 	C:\WINDOWS\System32\ucrtbase.dll
0x00007ffcf5a30000 - 0x00007ffcf5a49000 	c:\Users\Roman\.vscode\extensions\redhat.java-1.14.0-win32-x64\jre\17.0.5-win32-x86_64\bin\VCRUNTIME140.dll
0x00007ffcfe790000 - 0x00007ffcfe7a7000 	c:\Users\Roman\.vscode\extensions\redhat.java-1.14.0-win32-x64\jre\17.0.5-win32-x86_64\bin\jli.dll
0x00007ffd12bb0000 - 0x00007ffd12d5d000 	C:\WINDOWS\System32\USER32.dll
0x00007ffd125a0000 - 0x00007ffd125c6000 	C:\WINDOWS\System32\win32u.dll
0x00007ffd10f20000 - 0x00007ffd111ae000 	C:\WINDOWS\WinSxS\amd64_microsoft.windows.common-controls_6595b64144ccf1df_6.0.22621.608_none_a9444ca7c10bb01d\COMCTL32.dll
0x00007ffd139a0000 - 0x00007ffd139c9000 	C:\WINDOWS\System32\GDI32.dll
0x00007ffd14800000 - 0x00007ffd148a7000 	C:\WINDOWS\System32\msvcrt.dll
0x00007ffd122c0000 - 0x00007ffd123d2000 	C:\WINDOWS\System32\gdi32full.dll
0x00007ffd12500000 - 0x00007ffd1259a000 	C:\WINDOWS\System32\msvcp_win.dll
0x00007ffd134e0000 - 0x00007ffd13512000 	C:\WINDOWS\System32\IMM32.DLL
0x00007ffd09cf0000 - 0x00007ffd09cfc000 	c:\Users\Roman\.vscode\extensions\redhat.java-1.14.0-win32-x64\jre\17.0.5-win32-x86_64\bin\vcruntime140_1.dll
0x00007ffc63050000 - 0x00007ffc630e1000 	c:\Users\Roman\.vscode\extensions\redhat.java-1.14.0-win32-x64\jre\17.0.5-win32-x86_64\bin\msvcp140.dll
0x00007ffc5b810000 - 0x00007ffc5c454000 	c:\Users\Roman\.vscode\extensions\redhat.java-1.14.0-win32-x64\jre\17.0.5-win32-x86_64\bin\server\jvm.dll
0x00007ffd12b00000 - 0x00007ffd12bae000 	C:\WINDOWS\System32\ADVAPI32.dll
0x00007ffd12700000 - 0x00007ffd127a4000 	C:\WINDOWS\System32\sechost.dll
0x00007ffd129e0000 - 0x00007ffd12af5000 	C:\WINDOWS\System32\RPCRT4.dll
0x00007ffcfa010000 - 0x00007ffcfa019000 	C:\WINDOWS\SYSTEM32\WSOCK32.dll
0x00007ffd0eda0000 - 0x00007ffd0edd4000 	C:\WINDOWS\SYSTEM32\WINMM.dll
0x00007ffd08610000 - 0x00007ffd0861a000 	C:\WINDOWS\SYSTEM32\VERSION.dll
0x00007ffd12e70000 - 0x00007ffd12ee1000 	C:\WINDOWS\System32\WS2_32.dll
0x00007ffd104c0000 - 0x00007ffd104d8000 	C:\WINDOWS\SYSTEM32\kernel.appcore.dll
0x00007ffd096d0000 - 0x00007ffd096da000 	c:\Users\Roman\.vscode\extensions\redhat.java-1.14.0-win32-x64\jre\17.0.5-win32-x86_64\bin\jimage.dll
0x00007ffd115b0000 - 0x00007ffd117de000 	C:\WINDOWS\SYSTEM32\DBGHELP.DLL
0x00007ffd13030000 - 0x00007ffd133ba000 	C:\WINDOWS\System32\combase.dll
0x00007ffd12f50000 - 0x00007ffd13027000 	C:\WINDOWS\System32\OLEAUT32.dll
0x00007ffd11470000 - 0x00007ffd114a2000 	C:\WINDOWS\SYSTEM32\dbgcore.DLL
0x00007ffd11ea0000 - 0x00007ffd11f1b000 	C:\WINDOWS\System32\bcryptPrimitives.dll
0x00007ffd02d00000 - 0x00007ffd02d0e000 	c:\Users\Roman\.vscode\extensions\redhat.java-1.14.0-win32-x64\jre\17.0.5-win32-x86_64\bin\instrument.dll
0x00007ffcf10d0000 - 0x00007ffcf10f5000 	c:\Users\Roman\.vscode\extensions\redhat.java-1.14.0-win32-x64\jre\17.0.5-win32-x86_64\bin\java.dll
0x00007ffcf4f70000 - 0x00007ffcf4f88000 	c:\Users\Roman\.vscode\extensions\redhat.java-1.14.0-win32-x64\jre\17.0.5-win32-x86_64\bin\zip.dll
0x00007ffd13de0000 - 0x00007ffd145cf000 	C:\WINDOWS\System32\SHELL32.dll
0x00007ffd0f2e0000 - 0x00007ffd0fba8000 	C:\WINDOWS\SYSTEM32\windows.storage.dll
0x00007ffd0f1a0000 - 0x00007ffd0f2de000 	C:\WINDOWS\SYSTEM32\wintypes.dll
0x00007ffd12d60000 - 0x00007ffd12e51000 	C:\WINDOWS\System32\SHCORE.dll
0x00007ffd147a0000 - 0x00007ffd147fe000 	C:\WINDOWS\System32\shlwapi.dll
0x00007ffd11c60000 - 0x00007ffd11c81000 	C:\WINDOWS\SYSTEM32\profapi.dll
0x00007ffcf2f50000 - 0x00007ffcf2f69000 	C:\Users\Roman\.vscode\extensions\redhat.java-1.14.0-win32-x64\jre\17.0.5-win32-x86_64\bin\net.dll
0x00007ffd0b100000 - 0x00007ffd0b22f000 	C:\WINDOWS\SYSTEM32\WINHTTP.dll
0x00007ffd10970000 - 0x00007ffd109d9000 	C:\WINDOWS\system32\mswsock.dll
0x00007ffcf21d0000 - 0x00007ffcf21e5000 	C:\Users\Roman\.vscode\extensions\redhat.java-1.14.0-win32-x64\jre\17.0.5-win32-x86_64\bin\nio.dll
0x00007ffcf18b0000 - 0x00007ffcf18c0000 	c:\Users\Roman\.vscode\extensions\redhat.java-1.14.0-win32-x64\jre\17.0.5-win32-x86_64\bin\verify.dll
0x00007ffce8cf0000 - 0x00007ffce8d2e000 	C:\Users\Roman\AppData\Roaming\Code\User\globalStorage\redhat.java\1.14.0\config_win\org.eclipse.equinox.launcher\org.eclipse.equinox.launcher.win32.win32.x86_64_1.2.700.v20221108-1024\eclipse_11801.dll
0x00007ffd127b0000 - 0x00007ffd1294c000 	C:\WINDOWS\System32\ole32.dll
0x00007ffd118d0000 - 0x00007ffd118eb000 	C:\WINDOWS\SYSTEM32\CRYPTSP.dll
0x00007ffd10780000 - 0x00007ffd107b5000 	C:\WINDOWS\system32\rsaenh.dll
0x00007ffd10d60000 - 0x00007ffd10d88000 	C:\WINDOWS\SYSTEM32\USERENV.dll
0x00007ffd114b0000 - 0x00007ffd114d8000 	C:\WINDOWS\SYSTEM32\bcrypt.dll
0x00007ffd10d90000 - 0x00007ffd10d9c000 	C:\WINDOWS\SYSTEM32\CRYPTBASE.dll
0x00007ffd0ffd0000 - 0x00007ffd0fffd000 	C:\WINDOWS\SYSTEM32\IPHLPAPI.DLL
0x00007ffd13ad0000 - 0x00007ffd13ad9000 	C:\WINDOWS\System32\NSI.dll
0x00007ffd0aed0000 - 0x00007ffd0aee9000 	C:\WINDOWS\SYSTEM32\dhcpcsvc6.DLL
0x00007ffd0aeb0000 - 0x00007ffd0aecf000 	C:\WINDOWS\SYSTEM32\dhcpcsvc.DLL
0x00007ffd10040000 - 0x00007ffd10133000 	C:\WINDOWS\SYSTEM32\DNSAPI.dll
0x00007ffccdd20000 - 0x00007ffccdd60000 	C:\Users\Roman\AppData\Local\Temp\jna-79143389\jna2904786072246680878.dll
0x00007ffd134d0000 - 0x00007ffd134d8000 	C:\WINDOWS\System32\PSAPI.DLL

dbghelp: loaded successfully - version: 4.0.5 - missing functions: none
symbol engine: initialized successfully - sym options: 0x614 - pdb path: .;c:\Users\Roman\.vscode\extensions\redhat.java-1.14.0-win32-x64\jre\17.0.5-win32-x86_64\bin;C:\WINDOWS\SYSTEM32;C:\WINDOWS\WinSxS\amd64_microsoft.windows.common-controls_6595b64144ccf1df_6.0.22621.608_none_a9444ca7c10bb01d;c:\Users\Roman\.vscode\extensions\redhat.java-1.14.0-win32-x64\jre\17.0.5-win32-x86_64\bin\server;C:\Users\Roman\AppData\Roaming\Code\User\globalStorage\redhat.java\1.14.0\config_win\org.eclipse.equinox.launcher\org.eclipse.equinox.launcher.win32.win32.x86_64_1.2.700.v20221108-1024;C:\Users\Roman\AppData\Local\Temp\jna-79143389

VM Arguments:
jvm_args: --add-modules=ALL-SYSTEM --add-opens=java.base/java.util=ALL-UNNAMED --add-opens=java.base/java.lang=ALL-UNNAMED --add-opens=java.base/sun.nio.fs=ALL-UNNAMED -Declipse.application=org.eclipse.jdt.ls.core.id1 -Dosgi.bundles.defaultStartLevel=4 -Declipse.product=org.eclipse.jdt.ls.core.product -Djava.import.generatesMetadataFilesAtProjectRoot=false -Dfile.encoding=utf8 -XX:+UseParallelGC -XX:GCTimeRatio=4 -XX:AdaptiveSizePolicyWeight=90 -Dsun.zip.disableMemoryMapping=true -Xmx1G -Xms100m -Xlog:disable -javaagent:c:\Users\Roman\.vscode\extensions\redhat.java-1.14.0-win32-x64\lombok\lombok-1.18.24.jar -XX:+HeapDumpOnOutOfMemoryError -XX:HeapDumpPath=c:\Users\Roman\AppData\Roaming\Code\User\workspaceStorage\f6142260ced35fe5b497dea90f6949b9\redhat.java 
java_command: c:\Users\Roman\.vscode\extensions\redhat.java-1.14.0-win32-x64\server\plugins\org.eclipse.equinox.launcher_1.6.400.v20210924-0641.jar -configuration c:\Users\Roman\AppData\Roaming\Code\User\globalStorage\redhat.java\1.14.0\config_win -data c:\Users\Roman\AppData\Roaming\Code\User\workspaceStorage\f6142260ced35fe5b497dea90f6949b9\redhat.java\jdt_ws
java_class_path (initial): c:\Users\Roman\.vscode\extensions\redhat.java-1.14.0-win32-x64\server\plugins\org.eclipse.equinox.launcher_1.6.400.v20210924-0641.jar
Launcher Type: SUN_STANDARD

[Global flags]
    uintx AdaptiveSizePolicyWeight                 = 90                                        {product} {command line}
     intx CICompilerCount                          = 4                                         {product} {ergonomic}
    uintx GCTimeRatio                              = 4                                         {product} {command line}
     bool HeapDumpOnOutOfMemoryError               = true                                   {manageable} {command line}
    ccstr HeapDumpPath                             = c:\Users\Roman\AppData\Roaming\Code\User\workspaceStorage\f6142260ced35fe5b497dea90f6949b9\redhat.java         {manageable} {command line}
   size_t InitialHeapSize                          = 104857600                                 {product} {command line}
   size_t MaxHeapSize                              = 1073741824                                {product} {command line}
   size_t MaxNewSize                               = 357564416                                 {product} {ergonomic}
   size_t MinHeapDeltaBytes                        = 524288                                    {product} {ergonomic}
   size_t MinHeapSize                              = 104857600                                 {product} {command line}
   size_t NewSize                                  = 34603008                                  {product} {ergonomic}
    uintx NonNMethodCodeHeapSize                   = 5839372                                {pd product} {ergonomic}
    uintx NonProfiledCodeHeapSize                  = 122909434                              {pd product} {ergonomic}
   size_t OldSize                                  = 70254592                                  {product} {ergonomic}
    uintx ProfiledCodeHeapSize                     = 122909434                              {pd product} {ergonomic}
    uintx ReservedCodeCacheSize                    = 251658240                              {pd product} {ergonomic}
     bool SegmentedCodeCache                       = true                                      {product} {ergonomic}
   size_t SoftMaxHeapSize                          = 1073741824                             {manageable} {ergonomic}
     bool UseCompressedClassPointers               = true                           {product lp64_product} {ergonomic}
     bool UseCompressedOops                        = true                           {product lp64_product} {ergonomic}
     bool UseLargePagesIndividualAllocation        = false                                  {pd product} {ergonomic}
     bool UseParallelGC                            = true                                      {product} {command line}

Logging:
Log output configuration:
 #0: stdout all=off uptime,level,tags
 #1: stderr all=off uptime,level,tags

Environment Variables:
JAVA_HOME=C:\Program Files\Java\jdk-17
PATH=C:\Program Files\Common Files\Oracle\Java\javapath;C:\Program Files (x86)\Common Files\Oracle\Java\javapath;C:\WINDOWS\system32;C:\WINDOWS;C:\WINDOWS\System32\Wbem;C:\WINDOWS\System32\WindowsPowerShell\v1.0\;C:\WINDOWS\System32\OpenSSH\;C:\Program Files\Java\apache-maven-3.6.3\bin;C:\Program Files\Maven\apache-maven-3.9.0\bin;C:\Program Files\Java\jdk-17\bin;C:\Program Files\Git\cmd;C:\Program Files\gradle-6.3\gradle-6.3\bin;C:\Program Files\Go\bin;C:\ProgramData\chocolatey\bin;C:\Program Files\Docker\Docker\resources\bin;C:\ProgramData\DockerDesktop\version-bin;C:\Program Files\JBOSS\wildfly-8.1.0.Final\bin;C:\Program Files\nodejs\;C:\Program Files\Protoc\bin;C:\Users\Roman\.jbang\bin;C:\Program Files\MySQL\MySQL Shell 8.0\bin\;C:\Users\Roman\AppData\Local\Microsoft\WindowsApps;C:\Users\Roman\AppData\Local\Programs\Microsoft VS Code\bin;C:\Users\Roman\go\bin;C:\Program Files\Java\jdk1.8.0_321\bin;C:\Program Files\Maven\apache-maven-3.6.3\bin;C:\Users\Roman\AppData\Local\GitHubDesktop\bin;C:\Users\Roman\AppData\Roaming\npm
USERNAME=Roman
OS=Windows_NT
PROCESSOR_IDENTIFIER=AMD64 Family 23 Model 96 Stepping 1, AuthenticAMD
TMP=C:\Users\Roman\AppData\Local\Temp
TEMP=C:\Users\Roman\AppData\Local\Temp



---------------  S Y S T E M  ---------------

OS:
 Windows 11 , 64 bit Build 22621 (10.0.22621.1194)
OS uptime: 1 days 3:04 hours
Hyper-V role detected

CPU: total 12 (initial active 12) (12 cores per cpu, 2 threads per core) family 23 model 96 stepping 1 microcode 0x0, cx8, cmov, fxsr, ht, mmx, 3dnowpref, sse, sse2, sse3, ssse3, sse4a, sse4.1, sse4.2, popcnt, lzcnt, tsc, tscinvbit, avx, avx2, aes, clmul, bmi1, bmi2, adx, sha, fma, vzeroupper, clflush, clflushopt, hv

Memory: 4k page, system-wide physical 15741M (6630M free)
TotalPageFile size 19581M (AvailPageFile size 6670M)
current process WorkingSet (physical memory assigned to process): 205M, peak: 206M
current process commit charge ("private bytes"): 309M, peak: 310M

vm_info: OpenJDK 64-Bit Server VM (17.0.5+8) for windows-amd64 JRE (17.0.5+8), built on Oct 19 2022 04:48:13 by "temurin" with MS VC++ 16.7 (VS2019)

END.
