#
# A fatal error has been detected by the Java Runtime Environment:
#
#  EXCEPTION_ACCESS_VIOLATION (0xc0000005) at pc=0x00007ffc8f73c8e8, pid=9688, tid=7180
#
# JRE version: OpenJDK Runtime Environment Temurin-17.0.5+8 (17.0.5+8) (build 17.0.5+8)
# Java VM: OpenJDK 64-Bit Server VM Temurin-17.0.5+8 (17.0.5+8, mixed mode, tiered, compressed oops, compressed class ptrs, parallel gc, windows-amd64)
# Problematic frame:
# V  [jvm.dll+0xc8e8]
#
# No core dump will be written. Minidumps are not enabled by default on client versions of Windows
#
# If you would like to submit a bug report, please visit:
#   https://github.com/adoptium/adoptium-support/issues
#

---------------  S U M M A R Y ------------

Command Line: --add-modules=ALL-SYSTEM --add-opens=java.base/java.util=ALL-UNNAMED --add-opens=java.base/java.lang=ALL-UNNAMED --add-opens=java.base/sun.nio.fs=ALL-UNNAMED -Declipse.application=org.eclipse.jdt.ls.core.id1 -Dosgi.bundles.defaultStartLevel=4 -Declipse.product=org.eclipse.jdt.ls.core.product -Djava.import.generatesMetadataFilesAtProjectRoot=false -Dfile.encoding=utf8 -XX:+UseParallelGC -XX:GCTimeRatio=4 -XX:AdaptiveSizePolicyWeight=90 -Dsun.zip.disableMemoryMapping=true -Xmx1G -Xms100m -Xlog:disable -javaagent:c:\Users\Roman\.vscode\extensions\redhat.java-1.14.0-win32-x64\lombok\lombok-1.18.24.jar -XX:+HeapDumpOnOutOfMemoryError -XX:HeapDumpPath=c:\Users\Roman\AppData\Roaming\Code\User\workspaceStorage\1052b6cd02e6a304d52dd17692175711\redhat.java c:\Users\Roman\.vscode\extensions\redhat.java-1.14.0-win32-x64\server\plugins\org.eclipse.equinox.launcher_1.6.400.v20210924-0641.jar -configuration c:\Users\Roman\AppData\Roaming\Code\User\globalStorage\redhat.java\1.14.0\config_win -data c:\Users\Roman\AppData\Roaming\Code\User\workspaceStorage\1052b6cd02e6a304d52dd17692175711\redhat.java\jdt_ws

Host: AMD Ryzen 5 4600H with Radeon Graphics         , 12 cores, 15G,  Windows 11 , 64 bit Build 22621 (10.0.22621.1194)
Time: Sat Feb 18 11:32:13 2023 Mitteleuropäische Zeit elapsed time: 21.443910 seconds (0d 0h 0m 21s)

---------------  T H R E A D  ---------------

Current thread (0x000001fb1f71db10):  GCTaskThread "GC Thread#1" [stack: 0x00000075feb00000,0x00000075fec00000] [id=7180]

Stack: [0x00000075feb00000,0x00000075fec00000],  sp=0x00000075febffbd8,  free space=1022k
Native frames: (J=compiled Java code, j=interpreted, Vv=VM code, C=native code)
V  [jvm.dll+0xc8e8]


siginfo: EXCEPTION_ACCESS_VIOLATION (0xc0000005), reading address 0x0000000000000010


Register to memory mapping:

RIP=0x00007ffc8f73c8e8 jvm.dll
RAX=0x0000000000000001 is an unknown value
RBX=0x000000c30000007c is an unknown value
RCX=0x0000000000000003 is an unknown value
RDX=0x00000000eac87130 points into unknown readable memory: 0x000000c30000007c | 7c 00 00 00 c3 00 00 00
RSP=0x00000075febffbd8 points into unknown readable memory: 0x00007ffc8fde3486 | 86 34 de 8f fc 7f 00 00
RBP=0x00000075febffc58 points into unknown readable memory: 0x00000075fdcff058 | 58 f0 cf fd 75 00 00 00
RSI=0x00000075fdcff0b0 points into unknown readable memory: 0x000000000000000a | 0a 00 00 00 00 00 00 00
RDI=0x00000000c8ca4698 is pointing into object: [[C 
{0x00000000c8c86e80} - klass: {type array char}[]
 - length: 68776
R8 =0x0000000000000008 is an unknown value
R9 =0x000001fb0714c000 points into unknown readable memory: 0x00007ffc900dcfb8 | b8 cf 0d 90 fc 7f 00 00
R10=0x0000000000003658 is an unknown value
R11=0x000001fb0714c060 points into unknown readable memory: 0x0000000000000000 | 00 00 00 00 00 00 00 00
R12=0x0 is NULL
R13=0x000001fb1e82a580 points into unknown readable memory: 0x0000000000000002 | 02 00 00 00 00 00 00 00
R14=0x00000000eac87130 points into unknown readable memory: 0x000000c30000007c | 7c 00 00 00 c3 00 00 00
R15=0x000001fb0714c000 points into unknown readable memory: 0x00007ffc900dcfb8 | b8 cf 0d 90 fc 7f 00 00


Registers:
RAX=0x0000000000000001, RBX=0x000000c30000007c, RCX=0x0000000000000003, RDX=0x00000000eac87130
RSP=0x00000075febffbd8, RBP=0x00000075febffc58, RSI=0x00000075fdcff0b0, RDI=0x00000000c8ca4698
R8 =0x0000000000000008, R9 =0x000001fb0714c000, R10=0x0000000000003658, R11=0x000001fb0714c060
R12=0x0000000000000000, R13=0x000001fb1e82a580, R14=0x00000000eac87130, R15=0x000001fb0714c000
RIP=0x00007ffc8f73c8e8, EFLAGS=0x0000000000010202

Top of Stack: (sp=0x00000075febffbd8)
0x00000075febffbd8:   00007ffc8fde3486 0000000000000001
0x00000075febffbe8:   000000000000000d 0000000000000040
0x00000075febffbf8:   00007ffc8fdb314a 000001fb1f71db10
0x00000075febffc08:   00007ffd14911d52 00000000c8e8b330
0x00000075febffc18:   0000000000000400 00000000eb0f8000
0x00000075febffc28:   0000000000001000 00000000c8d00080
0x00000075febffc38:   00007ffc8fd76f83 0000000000000009
0x00000075febffc48:   0000000000000400 000001fb1e82a580
0x00000075febffc58:   00000075fdcff058 0000000000000006
0x00000075febffc68:   0000000000000005 00000075fdcff0b0
0x00000075febffc78:   000000c30000007c 0000000000000000
0x00000075febffc88:   00007ffc8fde33e9 00000075fdcff058
0x00000075febffc98:   0000000000000006 000000c30000007c
0x00000075febffca8:   0000000000000006 0000000000000006
0x00000075febffcb8:   00007ffc8fde700f 000001fb0714c000
0x00000075febffcc8:   000001fb0714c000 0000000000000000 

Instructions: (pc=0x00007ffc8f73c8e8)
0x00007ffc8f73c7e8:   48 83 c4 20 5e c3 cc cc 48 8b 01 c3 cc cc cc cc
0x00007ffc8f73c7f8:   cc cc cc cc cc cc cc cc 4c 8b 01 4c 8b c9 48 8b
0x00007ffc8f73c808:   0d 83 a3 b4 00 ba 44 60 08 00 e9 59 f2 ff ff cc
0x00007ffc8f73c818:   cc cc cc cc cc cc cc cc 48 89 5c 24 08 57 48 83
0x00007ffc8f73c828:   ec 20 48 8b 39 48 8b d9 48 85 3d 31 81 b9 00 75
0x00007ffc8f73c838:   0e 48 8b c7 48 8b 5c 24 30 48 83 c4 20 5f c3 48
0x00007ffc8f73c848:   8b cf e8 b1 5a 85 00 48 8b d0 48 85 c0 74 20 48
0x00007ffc8f73c858:   8b c7 f0 48 0f b1 13 74 16 48 85 05 00 81 b9 00
0x00007ffc8f73c868:   74 0d 48 8b c8 f0 48 0f b1 13 48 3b c1 75 ea 48
0x00007ffc8f73c878:   8b 5c 24 30 48 8b c2 48 83 c4 20 5f c3 cc cc cc
0x00007ffc8f73c888:   cc cc cc cc cc cc cc cc 4c 8b 01 4c 8b c9 48 8b
0x00007ffc8f73c898:   0d f3 a2 b4 00 ba 64 60 08 00 e9 c9 f1 ff ff cc
0x00007ffc8f73c8a8:   cc cc cc cc cc cc cc cc 8b 05 32 ea ae 00 c3 cc
0x00007ffc8f73c8b8:   cc cc cc cc cc cc cc cc 0f b6 05 38 ab b5 00 48
0x00007ffc8f73c8c8:   8b d1 84 c0 74 16 44 8b 41 08 8b 0d 10 ea ae 00
0x00007ffc8f73c8d8:   49 d3 e0 4c 03 05 fe e9 ae 00 eb 04 4c 8b 41 08
0x00007ffc8f73c8e8:   45 8b 50 08 45 85 d2 7e 0e 41 f6 c2 01 75 53 41
0x00007ffc8f73c8f8:   c1 fa 03 41 8b c2 c3 79 49 84 c0 b9 10 00 00 00
0x00007ffc8f73c908:   8b 05 16 f9 ae 00 41 b8 0c 00 00 00 41 0f 45 c8
0x00007ffc8f73c918:   ff c8 4c 63 c8 48 63 14 11 41 8b ca 83 e1 3f 48
0x00007ffc8f73c928:   d3 e2 41 8b ca 48 c1 f9 10 0f b6 c1 49 8d 0c 11
0x00007ffc8f73c938:   49 f7 d1 48 03 c1 49 c1 e9 03 48 c1 e8 03 41 23
0x00007ffc8f73c948:   c1 c3 49 8b 00 49 8b c8 48 ff a0 00 01 00 00 cc
0x00007ffc8f73c958:   cc cc cc cc cc cc cc cc 8b 44 24 30 45 03 c9 44
0x00007ffc8f73c968:   2b 4c 24 28 83 c0 0b 44 03 ca 45 03 c8 41 03 c1
0x00007ffc8f73c978:   c3 cc cc cc cc cc cc cc 4c 8b ca 48 8b d1 45 8b
0x00007ffc8f73c988:   41 08 45 85 c0 7e 0e 41 f6 c0 01 75 56 41 c1 f8
0x00007ffc8f73c998:   03 41 8b c0 c3 79 4c 80 3d 59 aa b5 00 00 b8 0c
0x00007ffc8f73c9a8:   00 00 00 b9 10 00 00 00 0f 45 c8 8b 05 6b f8 ae
0x00007ffc8f73c9b8:   00 ff c8 4c 63 c8 48 63 14 11 41 8b c8 83 e1 3f
0x00007ffc8f73c9c8:   48 d3 e2 41 8b c8 48 c1 f9 10 0f b6 c1 49 8d 0c
0x00007ffc8f73c9d8:   11 49 f7 d1 48 03 c1 49 c1 e9 03 48 c1 e8 03 41 


Stack slot to memory mapping:
stack at sp + 0 slots: 0x00007ffc8fde3486 jvm.dll
stack at sp + 1 slots: 0x0000000000000001 is an unknown value
stack at sp + 2 slots: 0x000000000000000d is an unknown value
stack at sp + 3 slots: 0x0000000000000040 is an unknown value
stack at sp + 4 slots: 0x00007ffc8fdb314a jvm.dll
stack at sp + 5 slots: 0x000001fb1f71db10 points into unknown readable memory: 0x00007ffc9011de50 | 50 de 11 90 fc 7f 00 00
stack at sp + 6 slots: 0x00007ffd14911d52 ntdll.dll
stack at sp + 7 slots: 0x00000000c8e8b330 is an oop: [C 
{0x00000000c8e8b330} - klass: {type array char}
 - length: 43


---------------  P R O C E S S  ---------------

Threads class SMR info:
_java_thread_list=0x000001fb1ff46010, length=42, elements={
0x000001fb0708e030, 0x000001fb1caa8030, 0x000001fb1caa9290, 0x000001fb1af0ce60,
0x000001fb1af0da10, 0x000001fb1cac9b40, 0x000001fb1cacebc0, 0x000001fb1cad3bf0,
0x000001fb1cad45e0, 0x000001fb1cad7f20, 0x000001fb1cbdbf90, 0x000001fb1ce2e710,
0x000001fb1e730c30, 0x000001fb1f5cb2d0, 0x000001fb1e7d3010, 0x000001fb1f790e30,
0x000001fb1e7c8350, 0x000001fb1f87b540, 0x000001fb1f87c3b0, 0x000001fb1f87bee0,
0x000001fb1f87ba10, 0x000001fb1f87c880, 0x000001fb22d58530, 0x000001fb22d58ed0,
0x000001fb22d58a00, 0x000001fb22d5a210, 0x000001fb235ce390, 0x000001fb235ca500,
0x000001fb235ca030, 0x000001fb235cdec0, 0x000001fb235caea0, 0x000001fb235ca9d0,
0x000001fb235c9b60, 0x000001fb235cb840, 0x000001fb235c8820, 0x000001fb235c8350,
0x000001fb235cd520, 0x000001fb235cd9f0, 0x000001fb235ced30, 0x000001fb235cf200,
0x000001fb2dbc2d60, 0x000001fb2dbc3230
}

Java Threads: ( => current thread )
  0x000001fb0708e030 JavaThread "main" [_thread_blocked, id=15228, stack(0x00000075fda00000,0x00000075fdb00000)]
  0x000001fb1caa8030 JavaThread "Reference Handler" daemon [_thread_blocked, id=13456, stack(0x00000075fdd00000,0x00000075fde00000)]
  0x000001fb1caa9290 JavaThread "Finalizer" daemon [_thread_blocked, id=12436, stack(0x00000075fde00000,0x00000075fdf00000)]
  0x000001fb1af0ce60 JavaThread "Signal Dispatcher" daemon [_thread_blocked, id=14940, stack(0x00000075fdf00000,0x00000075fe000000)]
  0x000001fb1af0da10 JavaThread "Attach Listener" daemon [_thread_blocked, id=8196, stack(0x00000075fe000000,0x00000075fe100000)]
  0x000001fb1cac9b40 JavaThread "Service Thread" daemon [_thread_blocked, id=1604, stack(0x00000075fe100000,0x00000075fe200000)]
  0x000001fb1cacebc0 JavaThread "Monitor Deflation Thread" daemon [_thread_blocked, id=3724, stack(0x00000075fe200000,0x00000075fe300000)]
  0x000001fb1cad3bf0 JavaThread "C2 CompilerThread0" daemon [_thread_blocked, id=3864, stack(0x00000075fe300000,0x00000075fe400000)]
  0x000001fb1cad45e0 JavaThread "C1 CompilerThread0" daemon [_thread_blocked, id=3632, stack(0x00000075fe400000,0x00000075fe500000)]
  0x000001fb1cad7f20 JavaThread "Sweeper thread" daemon [_thread_blocked, id=14648, stack(0x00000075fe500000,0x00000075fe600000)]
  0x000001fb1cbdbf90 JavaThread "Common-Cleaner" daemon [_thread_blocked, id=3520, stack(0x00000075fe600000,0x00000075fe700000)]
  0x000001fb1ce2e710 JavaThread "Notification Thread" daemon [_thread_blocked, id=4416, stack(0x00000075fe700000,0x00000075fe800000)]
  0x000001fb1e730c30 JavaThread "Active Thread: Equinox Container: 42f5330b-1276-4a5b-8ad0-c1911e3bcfd0" [_thread_blocked, id=14400, stack(0x00000075ff100000,0x00000075ff200000)]
  0x000001fb1f5cb2d0 JavaThread "Framework Event Dispatcher: Equinox Container: 42f5330b-1276-4a5b-8ad0-c1911e3bcfd0" daemon [_thread_blocked, id=14908, stack(0x00000075ff200000,0x00000075ff300000)]
  0x000001fb1e7d3010 JavaThread "Start Level: Equinox Container: 42f5330b-1276-4a5b-8ad0-c1911e3bcfd0" daemon [_thread_blocked, id=4424, stack(0x00000075ff300000,0x00000075ff400000)]
  0x000001fb1f790e30 JavaThread "SCR Component Actor" daemon [_thread_blocked, id=9420, stack(0x00000075ff400000,0x00000075ff500000)]
  0x000001fb1e7c8350 JavaThread "Worker-JM" [_thread_blocked, id=2540, stack(0x00000075ff800000,0x00000075ff900000)]
  0x000001fb1f87b540 JavaThread "Worker-0" [_thread_blocked, id=10324, stack(0x00000075ffa00000,0x00000075ffb00000)]
  0x000001fb1f87c3b0 JavaThread "Worker-1" [_thread_blocked, id=14820, stack(0x00000075ffb00000,0x00000075ffc00000)]
  0x000001fb1f87bee0 JavaThread "Java indexing" daemon [_thread_blocked, id=5676, stack(0x00000075ffc00000,0x00000075ffd00000)]
  0x000001fb1f87ba10 JavaThread "JNA Cleaner" daemon [_thread_blocked, id=6520, stack(0x00000075ffd00000,0x00000075ffe00000)]
  0x000001fb1f87c880 JavaThread "pool-2-thread-1" [_thread_blocked, id=9872, stack(0x00000075ffe00000,0x00000075fff00000)]
  0x000001fb22d58530 JavaThread "pool-1-thread-1" [_thread_in_native, id=1348, stack(0x00000075fff00000,0x0000007600000000)]
  0x000001fb22d58ed0 JavaThread "Worker-2" [_thread_blocked, id=9232, stack(0x0000007580000000,0x0000007580100000)]
  0x000001fb22d58a00 JavaThread "Worker-3" [_thread_blocked, id=3976, stack(0x0000007580100000,0x0000007580200000)]
  0x000001fb22d5a210 JavaThread "ForkJoinPool.commonPool-worker-1" daemon [_thread_blocked, id=5188, stack(0x0000007580200000,0x0000007580300000)]
  0x000001fb235ce390 JavaThread "ForkJoinPool.commonPool-worker-2" daemon [_thread_blocked, id=16092, stack(0x0000007580300000,0x0000007580400000)]
  0x000001fb235ca500 JavaThread "ForkJoinPool.commonPool-worker-3" daemon [_thread_blocked, id=1968, stack(0x0000007580400000,0x0000007580500000)]
  0x000001fb235ca030 JavaThread "ForkJoinPool.commonPool-worker-4" daemon [_thread_blocked, id=2980, stack(0x0000007580500000,0x0000007580600000)]
  0x000001fb235cdec0 JavaThread "ForkJoinPool.commonPool-worker-5" daemon [_thread_blocked, id=7468, stack(0x0000007580600000,0x0000007580700000)]
  0x000001fb235caea0 JavaThread "Bundle File Closer" daemon [_thread_blocked, id=13264, stack(0x0000007580700000,0x0000007580800000)]
  0x000001fb235ca9d0 JavaThread "ForkJoinPool.commonPool-worker-6" daemon [_thread_blocked, id=12360, stack(0x0000007580800000,0x0000007580900000)]
  0x000001fb235c9b60 JavaThread "Worker-4" [_thread_blocked, id=15000, stack(0x0000007580900000,0x0000007580a00000)]
  0x000001fb235cb840 JavaThread "Worker-5" [_thread_blocked, id=10904, stack(0x0000007580a00000,0x0000007580b00000)]
  0x000001fb235c8820 JavaThread "Worker-6" [_thread_blocked, id=13276, stack(0x0000007580b00000,0x0000007580c00000)]
  0x000001fb235c8350 JavaThread "ForkJoinPool.commonPool-worker-7" daemon [_thread_blocked, id=11160, stack(0x0000007580c00000,0x0000007580d00000)]
  0x000001fb235cd520 JavaThread "ForkJoinPool.commonPool-worker-9" daemon [_thread_blocked, id=11296, stack(0x0000007580d00000,0x0000007580e00000)]
  0x000001fb235cd9f0 JavaThread "ForkJoinPool.commonPool-worker-10" daemon [_thread_blocked, id=1964, stack(0x0000007580e00000,0x0000007580f00000)]
  0x000001fb235ced30 JavaThread "ForkJoinPool.commonPool-worker-8" daemon [_thread_blocked, id=10524, stack(0x0000007580f00000,0x0000007581000000)]
  0x000001fb235cf200 JavaThread "ForkJoinPool.commonPool-worker-11" daemon [_thread_blocked, id=11384, stack(0x0000007581000000,0x0000007581100000)]
  0x000001fb2dbc2d60 JavaThread "pool-1-thread-2" [_thread_blocked, id=11600, stack(0x0000007581500000,0x0000007581600000)]
  0x000001fb2dbc3230 JavaThread "Keep-Alive-Timer" daemon [_thread_blocked, id=3464, stack(0x0000007581700000,0x0000007581800000)]

Other Threads:
  0x000001fb1ca911b0 VMThread "VM Thread" [stack: 0x00000075fdc00000,0x00000075fdd00000] [id=4580]
  0x000001fb1ce2ebe0 WatcherThread [stack: 0x00000075fe800000,0x00000075fe900000] [id=4420]
  0x000001fb070a4d30 GCTaskThread "GC Thread#0" [stack: 0x00000075fdb00000,0x00000075fdc00000] [id=15452]
=>0x000001fb1f71db10 GCTaskThread "GC Thread#1" [stack: 0x00000075feb00000,0x00000075fec00000] [id=7180]
  0x000001fb1f71c820 GCTaskThread "GC Thread#2" [stack: 0x00000075fec00000,0x00000075fed00000] [id=9752]
  0x000001fb1e30cf40 GCTaskThread "GC Thread#3" [stack: 0x00000075fed00000,0x00000075fee00000] [id=9580]
  0x000001fb1e84a600 GCTaskThread "GC Thread#4" [stack: 0x00000075fee00000,0x00000075fef00000] [id=7252]
  0x000001fb1e84a8b0 GCTaskThread "GC Thread#5" [stack: 0x00000075fef00000,0x00000075ff000000] [id=11880]
  0x000001fb1f475030 GCTaskThread "GC Thread#6" [stack: 0x00000075ff000000,0x00000075ff100000] [id=2836]
  0x000001fb1e66fc70 GCTaskThread "GC Thread#7" [stack: 0x00000075ff500000,0x00000075ff600000] [id=3508]
  0x000001fb1f9cda60 GCTaskThread "GC Thread#8" [stack: 0x00000075ff600000,0x00000075ff700000] [id=6916]
  0x000001fb1f8e0eb0 GCTaskThread "GC Thread#9" [stack: 0x00000075ff900000,0x00000075ffa00000] [id=8536]

Threads with active compile tasks:
C2 CompilerThread0    21475 14797   !   4       org.eclipse.osgi.util.NLS::internalBind (412 bytes)

VM state: at safepoint (normal execution)

VM Mutex/Monitor currently owned by a thread:  ([mutex/lock_event])
[0x000001fb0708b3e0] Threads_lock - owner thread: 0x000001fb1ca911b0
[0x000001fb0708b470] Heap_lock - owner thread: 0x000001fb235ca500

Heap address: 0x00000000c0000000, size: 1024 MB, Compressed Oops mode: 32-bit

CDS archive(s) not mapped
Compressed class space mapped at: 0x0000000100000000-0x0000000140000000, reserved size: 1073741824
Narrow klass base: 0x0000000000000000, Narrow klass shift: 3, Narrow klass range: 0x140000000

GC Precious Log:
 CPUs: 12 total, 12 available
 Memory: 15741M
 Large Page Support: Disabled
 NUMA Support: Disabled
 Compressed Oops: Enabled (32-bit)
 Alignments: Space 512K, Generation 512K, Heap 2M
 Heap Min Capacity: 100M
 Heap Initial Capacity: 100M
 Heap Max Capacity: 1G
 Pre-touch: Disabled
 Parallel Workers: 10

Heap:
 PSYoungGen      total 5120K, used 4256K [0x00000000eab00000, 0x00000000eb280000, 0x0000000100000000)
  eden space 2048K, 100% used [0x00000000eab00000,0x00000000ead00000,0x00000000ead00000)
  from space 3072K, 71% used [0x00000000ead00000,0x00000000eaf28000,0x00000000eb000000)
  to   space 2560K, 85% used [0x00000000eb000000,0x00000000eb220000,0x00000000eb280000)
 ParOldGen       total 147968K, used 146884K [0x00000000c0000000, 0x00000000c9080000, 0x00000000eab00000)
  object space 147968K, 99% used [0x00000000c0000000,0x00000000c8f71330,0x00000000c9080000)
 Metaspace       used 80036K, committed 81280K, reserved 1122304K
  class space    used 8283K, committed 8832K, reserved 1048576K

Card table byte_map: [0x000001fb06a30000,0x000001fb06c40000] _byte_map_base: 0x000001fb06430000

Marking Bits: (ParMarkBitMap*) 0x00007ffc902b0dd0
 Begin Bits: [0x000001fb18d10000, 0x000001fb19d10000)
 End Bits:   [0x000001fb19d10000, 0x000001fb1ad10000)

Polling page: 0x000001fb05020000

Metaspace:

Usage:
  Non-class:     70.07 MB used.
      Class:      8.09 MB used.
       Both:     78.16 MB used.

Virtual space:
  Non-class space:       72.00 MB reserved,      70.75 MB ( 98%) committed,  9 nodes.
      Class space:        1.00 GB reserved,       8.62 MB ( <1%) committed,  1 nodes.
             Both:        1.07 GB reserved,      79.38 MB (  7%) committed. 

Chunk freelists:
   Non-Class:  864.00 KB
       Class:  3.35 MB
        Both:  4.20 MB

MaxMetaspaceSize: unlimited
CompressedClassSpaceSize: 1.00 GB
Initial GC threshold: 21.00 MB
Current GC threshold: 132.00 MB
CDS: off
MetaspaceReclaimPolicy: balanced
 - commit_granule_bytes: 65536.
 - commit_granule_words: 8192.
 - virtual_space_node_default_size: 1048576.
 - enlarge_chunks_in_place: 1.
 - new_chunks_are_fully_committed: 0.
 - uncommit_free_chunks: 1.
 - use_allocation_guard: 0.
 - handle_deallocations: 1.


Internal statistics:

num_allocs_failed_limit: 6.
num_arena_births: 848.
num_arena_deaths: 14.
num_vsnodes_births: 10.
num_vsnodes_deaths: 0.
num_space_committed: 1270.
num_space_uncommitted: 0.
num_chunks_returned_to_freelist: 20.
num_chunks_taken_from_freelist: 3992.
num_chunk_merges: 10.
num_chunk_splits: 2516.
num_chunks_enlarged: 1523.
num_purges: 2.
num_inconsistent_stats: 0.

CodeHeap 'non-profiled nmethods': size=120000Kb used=8831Kb max_used=8831Kb free=111168Kb
 bounds [0x000001fb117e0000, 0x000001fb12080000, 0x000001fb18d10000]
CodeHeap 'profiled nmethods': size=120000Kb used=24687Kb max_used=24687Kb free=95312Kb
 bounds [0x000001fb0a2b0000, 0x000001fb0bad0000, 0x000001fb117e0000]
CodeHeap 'non-nmethods': size=5760Kb used=1398Kb max_used=1471Kb free=4362Kb
 bounds [0x000001fb09d10000, 0x000001fb09f80000, 0x000001fb0a2b0000]
 total_blobs=12579 nmethods=11837 adapters=655
 compilation: enabled
              stopped_count=0, restarted_count=0
 full_count=0

Compilation events (20 events):
Event: 21.159 Thread 0x000001fb1cad3bf0 nmethod 14782 0x000001fb12073790 code [0x000001fb12073960, 0x000001fb12073e58]
Event: 21.159 Thread 0x000001fb1cad3bf0 14785       4       org.eclipse.jdt.internal.compiler.lookup.BinaryTypeBinding$1::createBinding (31 bytes)
Event: 21.164 Thread 0x000001fb2101f060 nmethod 14743 0x000001fb12074410 code [0x000001fb12074760, 0x000001fb12077ab0]
Event: 21.164 Thread 0x000001fb2101f060 14778       4       org.eclipse.jdt.internal.core.SearchableEnvironment::findType (71 bytes)
Event: 21.172 Thread 0x000001fb24a93bb0 nmethod 14784 0x000001fb1207a110 code [0x000001fb1207a320, 0x000001fb1207b468]
Event: 21.172 Thread 0x000001fb24a93bb0 14791       4       org.eclipse.jdt.internal.compiler.lookup.Scope::referenceCompilationUnit (8 bytes)
Event: 21.172 Thread 0x000001fb24a93bb0 nmethod 14791 0x000001fb1207be90 code [0x000001fb1207c000, 0x000001fb1207c098]
Event: 21.174 Thread 0x000001fb1cad3bf0 nmethod 14785 0x000001fb1207c190 code [0x000001fb1207c3a0, 0x000001fb1207d4e8]
Event: 21.174 Thread 0x000001fb2101f060 nmethod 14778 0x000001fb1207df10 code [0x000001fb1207e100, 0x000001fb1207ee38]
Event: 21.404 Thread 0x000001fb1cad3bf0 14793       4       java.util.Arrays::copyOf (19 bytes)
Event: 21.404 Thread 0x000001fb1cad45e0 14794   !   3       sun.util.locale.provider.JRELocaleProviderAdapter::getCalendarProvider (51 bytes)
Event: 21.405 Thread 0x000001fb1cad45e0 nmethod 14794 0x000001fb0bacc810 code [0x000001fb0bacca60, 0x000001fb0bacd4e8]
Event: 21.405 Thread 0x000001fb1cad3bf0 nmethod 14793 0x000001fb1207f610 code [0x000001fb1207f7a0, 0x000001fb1207fa58]
Event: 21.408 Thread 0x000001fb1cad45e0 14795       1       org.eclipse.jdt.ls.core.internal.corrections.InnovationContext::getSelectionLength (5 bytes)
Event: 21.408 Thread 0x000001fb1cad45e0 nmethod 14795 0x000001fb1207fb90 code [0x000001fb1207fd20, 0x000001fb1207fdf8]
Event: 21.411 Thread 0x000001fb1cad45e0 14796       3       org.eclipse.jdt.ls.core.internal.corext.refactoring.code.LocalTypeAnalyzer::visit (39 bytes)
Event: 21.411 Thread 0x000001fb1cad45e0 nmethod 14796 0x000001fb0bacd890 code [0x000001fb0bacdaa0, 0x000001fb0bace098]
Event: 21.413 Thread 0x000001fb1cad3bf0 14797   !   4       org.eclipse.osgi.util.NLS::internalBind (412 bytes)
Event: 21.414 Thread 0x000001fb1cad45e0 14798       3       org.eclipse.core.internal.resources.ResourceStatus::<init> (18 bytes)
Event: 21.414 Thread 0x000001fb1cad45e0 nmethod 14798 0x000001fb0bace290 code [0x000001fb0bace440, 0x000001fb0bace5c8]

GC Heap History (20 events):
Event: 20.975 GC heap after
{Heap after GC invocations=250 (full 11):
 PSYoungGen      total 3072K, used 996K [0x00000000eab00000, 0x00000000eb400000, 0x0000000100000000)
  eden space 2048K, 0% used [0x00000000eab00000,0x00000000eab00000,0x00000000ead00000)
  from space 1024K, 97% used [0x00000000eaf80000,0x00000000eb079210,0x00000000eb080000)
  to   space 2560K, 0% used [0x00000000ead00000,0x00000000ead00000,0x00000000eaf80000)
 ParOldGen       total 147968K, used 135996K [0x00000000c0000000, 0x00000000c9080000, 0x00000000eab00000)
  object space 147968K, 91% used [0x00000000c0000000,0x00000000c84cf230,0x00000000c9080000)
 Metaspace       used 79916K, committed 81152K, reserved 1122304K
  class space    used 8276K, committed 8832K, reserved 1048576K
}
Event: 20.981 GC heap before
{Heap before GC invocations=251 (full 11):
 PSYoungGen      total 3072K, used 3044K [0x00000000eab00000, 0x00000000eb400000, 0x0000000100000000)
  eden space 2048K, 100% used [0x00000000eab00000,0x00000000ead00000,0x00000000ead00000)
  from space 1024K, 97% used [0x00000000eaf80000,0x00000000eb079210,0x00000000eb080000)
  to   space 2560K, 0% used [0x00000000ead00000,0x00000000ead00000,0x00000000eaf80000)
 ParOldGen       total 147968K, used 135996K [0x00000000c0000000, 0x00000000c9080000, 0x00000000eab00000)
  object space 147968K, 91% used [0x00000000c0000000,0x00000000c84cf230,0x00000000c9080000)
 Metaspace       used 79918K, committed 81152K, reserved 1122304K
  class space    used 8276K, committed 8832K, reserved 1048576K
}
Event: 20.983 GC heap after
{Heap after GC invocations=251 (full 11):
 PSYoungGen      total 3072K, used 784K [0x00000000eab00000, 0x00000000eb080000, 0x0000000100000000)
  eden space 2048K, 0% used [0x00000000eab00000,0x00000000eab00000,0x00000000ead00000)
  from space 1024K, 76% used [0x00000000ead00000,0x00000000eadc4010,0x00000000eae00000)
  to   space 1536K, 0% used [0x00000000eaf00000,0x00000000eaf00000,0x00000000eb080000)
 ParOldGen       total 147968K, used 137032K [0x00000000c0000000, 0x00000000c9080000, 0x00000000eab00000)
  object space 147968K, 92% used [0x00000000c0000000,0x00000000c85d2010,0x00000000c9080000)
 Metaspace       used 79918K, committed 81152K, reserved 1122304K
  class space    used 8276K, committed 8832K, reserved 1048576K
}
Event: 20.992 GC heap before
{Heap before GC invocations=252 (full 11):
 PSYoungGen      total 3072K, used 2832K [0x00000000eab00000, 0x00000000eb080000, 0x0000000100000000)
  eden space 2048K, 100% used [0x00000000eab00000,0x00000000ead00000,0x00000000ead00000)
  from space 1024K, 76% used [0x00000000ead00000,0x00000000eadc4010,0x00000000eae00000)
  to   space 1536K, 0% used [0x00000000eaf00000,0x00000000eaf00000,0x00000000eb080000)
 ParOldGen       total 147968K, used 137032K [0x00000000c0000000, 0x00000000c9080000, 0x00000000eab00000)
  object space 147968K, 92% used [0x00000000c0000000,0x00000000c85d2010,0x00000000c9080000)
 Metaspace       used 79922K, committed 81152K, reserved 1122304K
  class space    used 8276K, committed 8832K, reserved 1048576K
}
Event: 20.993 GC heap after
{Heap after GC invocations=252 (full 11):
 PSYoungGen      total 3584K, used 922K [0x00000000eab00000, 0x00000000eb000000, 0x0000000100000000)
  eden space 2560K, 0% used [0x00000000eab00000,0x00000000eab00000,0x00000000ead80000)
  from space 1024K, 90% used [0x00000000eaf00000,0x00000000eafe6900,0x00000000eb000000)
  to   space 1024K, 0% used [0x00000000eae00000,0x00000000eae00000,0x00000000eaf00000)
 ParOldGen       total 147968K, used 137660K [0x00000000c0000000, 0x00000000c9080000, 0x00000000eab00000)
  object space 147968K, 93% used [0x00000000c0000000,0x00000000c866f200,0x00000000c9080000)
 Metaspace       used 79922K, committed 81152K, reserved 1122304K
  class space    used 8276K, committed 8832K, reserved 1048576K
}
Event: 21.002 GC heap before
{Heap before GC invocations=253 (full 11):
 PSYoungGen      total 3584K, used 3482K [0x00000000eab00000, 0x00000000eb000000, 0x0000000100000000)
  eden space 2560K, 100% used [0x00000000eab00000,0x00000000ead80000,0x00000000ead80000)
  from space 1024K, 90% used [0x00000000eaf00000,0x00000000eafe6900,0x00000000eb000000)
  to   space 1024K, 0% used [0x00000000eae00000,0x00000000eae00000,0x00000000eaf00000)
 ParOldGen       total 147968K, used 137660K [0x00000000c0000000, 0x00000000c9080000, 0x00000000eab00000)
  object space 147968K, 93% used [0x00000000c0000000,0x00000000c866f200,0x00000000c9080000)
 Metaspace       used 79929K, committed 81216K, reserved 1122304K
  class space    used 8276K, committed 8832K, reserved 1048576K
}
Event: 21.004 GC heap after
{Heap after GC invocations=253 (full 11):
 PSYoungGen      total 4096K, used 1008K [0x00000000eab00000, 0x00000000eb100000, 0x0000000100000000)
  eden space 3072K, 0% used [0x00000000eab00000,0x00000000eab00000,0x00000000eae00000)
  from space 1024K, 98% used [0x00000000eae00000,0x00000000eaefc010,0x00000000eaf00000)
  to   space 1536K, 0% used [0x00000000eaf80000,0x00000000eaf80000,0x00000000eb100000)
 ParOldGen       total 147968K, used 138453K [0x00000000c0000000, 0x00000000c9080000, 0x00000000eab00000)
  object space 147968K, 93% used [0x00000000c0000000,0x00000000c8735640,0x00000000c9080000)
 Metaspace       used 79929K, committed 81216K, reserved 1122304K
  class space    used 8276K, committed 8832K, reserved 1048576K
}
Event: 21.092 GC heap before
{Heap before GC invocations=254 (full 11):
 PSYoungGen      total 4096K, used 4079K [0x00000000eab00000, 0x00000000eb100000, 0x0000000100000000)
  eden space 3072K, 99% used [0x00000000eab00000,0x00000000eadfffe8,0x00000000eae00000)
  from space 1024K, 98% used [0x00000000eae00000,0x00000000eaefc010,0x00000000eaf00000)
  to   space 1536K, 0% used [0x00000000eaf80000,0x00000000eaf80000,0x00000000eb100000)
 ParOldGen       total 147968K, used 138453K [0x00000000c0000000, 0x00000000c9080000, 0x00000000eab00000)
  object space 147968K, 93% used [0x00000000c0000000,0x00000000c8735640,0x00000000c9080000)
 Metaspace       used 79954K, committed 81216K, reserved 1122304K
  class space    used 8283K, committed 8832K, reserved 1048576K
}
Event: 21.093 GC heap after
{Heap after GC invocations=254 (full 11):
 PSYoungGen      total 4096K, used 842K [0x00000000eab00000, 0x00000000eb080000, 0x0000000100000000)
  eden space 3072K, 0% used [0x00000000eab00000,0x00000000eab00000,0x00000000eae00000)
  from space 1024K, 82% used [0x00000000eaf80000,0x00000000eb052910,0x00000000eb080000)
  to   space 1024K, 0% used [0x00000000eae00000,0x00000000eae00000,0x00000000eaf00000)
 ParOldGen       total 147968K, used 139339K [0x00000000c0000000, 0x00000000c9080000, 0x00000000eab00000)
  object space 147968K, 94% used [0x00000000c0000000,0x00000000c8812fc0,0x00000000c9080000)
 Metaspace       used 79954K, committed 81216K, reserved 1122304K
  class space    used 8283K, committed 8832K, reserved 1048576K
}
Event: 21.106 GC heap before
{Heap before GC invocations=255 (full 11):
 PSYoungGen      total 4096K, used 3914K [0x00000000eab00000, 0x00000000eb080000, 0x0000000100000000)
  eden space 3072K, 100% used [0x00000000eab00000,0x00000000eae00000,0x00000000eae00000)
  from space 1024K, 82% used [0x00000000eaf80000,0x00000000eb052910,0x00000000eb080000)
  to   space 1024K, 0% used [0x00000000eae00000,0x00000000eae00000,0x00000000eaf00000)
 ParOldGen       total 147968K, used 139339K [0x00000000c0000000, 0x00000000c9080000, 0x00000000eab00000)
  object space 147968K, 94% used [0x00000000c0000000,0x00000000c8812fc0,0x00000000c9080000)
 Metaspace       used 79960K, committed 81216K, reserved 1122304K
  class space    used 8283K, committed 8832K, reserved 1048576K
}
Event: 21.107 GC heap after
{Heap after GC invocations=255 (full 11):
 PSYoungGen      total 4096K, used 1024K [0x00000000eab00000, 0x00000000eb200000, 0x0000000100000000)
  eden space 3072K, 0% used [0x00000000eab00000,0x00000000eab00000,0x00000000eae00000)
  from space 1024K, 100% used [0x00000000eae00000,0x00000000eaf00000,0x00000000eaf00000)
  to   space 2048K, 0% used [0x00000000eb000000,0x00000000eb000000,0x00000000eb200000)
 ParOldGen       total 147968K, used 140095K [0x00000000c0000000, 0x00000000c9080000, 0x00000000eab00000)
  object space 147968K, 94% used [0x00000000c0000000,0x00000000c88cfd68,0x00000000c9080000)
 Metaspace       used 79960K, committed 81216K, reserved 1122304K
  class space    used 8283K, committed 8832K, reserved 1048576K
}
Event: 21.120 GC heap before
{Heap before GC invocations=256 (full 11):
 PSYoungGen      total 4096K, used 4096K [0x00000000eab00000, 0x00000000eb200000, 0x0000000100000000)
  eden space 3072K, 100% used [0x00000000eab00000,0x00000000eae00000,0x00000000eae00000)
  from space 1024K, 100% used [0x00000000eae00000,0x00000000eaf00000,0x00000000eaf00000)
  to   space 2048K, 0% used [0x00000000eb000000,0x00000000eb000000,0x00000000eb200000)
 ParOldGen       total 147968K, used 140095K [0x00000000c0000000, 0x00000000c9080000, 0x00000000eab00000)
  object space 147968K, 94% used [0x00000000c0000000,0x00000000c88cfd68,0x00000000c9080000)
 Metaspace       used 80014K, committed 81280K, reserved 1122304K
  class space    used 8283K, committed 8832K, reserved 1048576K
}
Event: 21.122 GC heap after
{Heap after GC invocations=256 (full 11):
 PSYoungGen      total 4608K, used 1216K [0x00000000eab00000, 0x00000000eb180000, 0x0000000100000000)
  eden space 3072K, 0% used [0x00000000eab00000,0x00000000eab00000,0x00000000eae00000)
  from space 1536K, 79% used [0x00000000eb000000,0x00000000eb130020,0x00000000eb180000)
  to   space 1536K, 0% used [0x00000000eae80000,0x00000000eae80000,0x00000000eb000000)
 ParOldGen       total 147968K, used 141149K [0x00000000c0000000, 0x00000000c9080000, 0x00000000eab00000)
  object space 147968K, 95% used [0x00000000c0000000,0x00000000c89d7470,0x00000000c9080000)
 Metaspace       used 80014K, committed 81280K, reserved 1122304K
  class space    used 8283K, committed 8832K, reserved 1048576K
}
Event: 21.136 GC heap before
{Heap before GC invocations=257 (full 11):
 PSYoungGen      total 4608K, used 4288K [0x00000000eab00000, 0x00000000eb180000, 0x0000000100000000)
  eden space 3072K, 100% used [0x00000000eab00000,0x00000000eae00000,0x00000000eae00000)
  from space 1536K, 79% used [0x00000000eb000000,0x00000000eb130020,0x00000000eb180000)
  to   space 1536K, 0% used [0x00000000eae80000,0x00000000eae80000,0x00000000eb000000)
 ParOldGen       total 147968K, used 141149K [0x00000000c0000000, 0x00000000c9080000, 0x00000000eab00000)
  object space 147968K, 95% used [0x00000000c0000000,0x00000000c89d7470,0x00000000c9080000)
 Metaspace       used 80032K, committed 81280K, reserved 1122304K
  class space    used 8283K, committed 8832K, reserved 1048576K
}
Event: 21.137 GC heap after
{Heap after GC invocations=257 (full 11):
 PSYoungGen      total 4608K, used 1248K [0x00000000eab00000, 0x00000000eb100000, 0x0000000100000000)
  eden space 3072K, 0% used [0x00000000eab00000,0x00000000eab00000,0x00000000eae00000)
  from space 1536K, 81% used [0x00000000eae80000,0x00000000eafb8000,0x00000000eb000000)
  to   space 1024K, 0% used [0x00000000eb000000,0x00000000eb000000,0x00000000eb100000)
 ParOldGen       total 147968K, used 142268K [0x00000000c0000000, 0x00000000c9080000, 0x00000000eab00000)
  object space 147968K, 96% used [0x00000000c0000000,0x00000000c8aef0f0,0x00000000c9080000)
 Metaspace       used 80032K, committed 81280K, reserved 1122304K
  class space    used 8283K, committed 8832K, reserved 1048576K
}
Event: 21.417 GC heap before
{Heap before GC invocations=258 (full 11):
 PSYoungGen      total 4608K, used 4320K [0x00000000eab00000, 0x00000000eb100000, 0x0000000100000000)
  eden space 3072K, 100% used [0x00000000eab00000,0x00000000eae00000,0x00000000eae00000)
  from space 1536K, 81% used [0x00000000eae80000,0x00000000eafb8000,0x00000000eb000000)
  to   space 1024K, 0% used [0x00000000eb000000,0x00000000eb000000,0x00000000eb100000)
 ParOldGen       total 147968K, used 142268K [0x00000000c0000000, 0x00000000c9080000, 0x00000000eab00000)
  object space 147968K, 96% used [0x00000000c0000000,0x00000000c8aef0f0,0x00000000c9080000)
 Metaspace       used 80036K, committed 81280K, reserved 1122304K
  class space    used 8283K, committed 8832K, reserved 1048576K
}
Event: 21.418 GC heap after
{Heap after GC invocations=258 (full 11):
 PSYoungGen      total 3072K, used 998K [0x00000000eab00000, 0x00000000eb400000, 0x0000000100000000)
  eden space 2048K, 0% used [0x00000000eab00000,0x00000000eab00000,0x00000000ead00000)
  from space 1024K, 97% used [0x00000000eb000000,0x00000000eb0f9bb0,0x00000000eb100000)
  to   space 3072K, 0% used [0x00000000ead00000,0x00000000ead00000,0x00000000eb000000)
 ParOldGen       total 147968K, used 143775K [0x00000000c0000000, 0x00000000c9080000, 0x00000000eab00000)
  object space 147968K, 97% used [0x00000000c0000000,0x00000000c8c67f80,0x00000000c9080000)
 Metaspace       used 80036K, committed 81280K, reserved 1122304K
  class space    used 8283K, committed 8832K, reserved 1048576K
}
Event: 21.421 GC heap before
{Heap before GC invocations=259 (full 11):
 PSYoungGen      total 3072K, used 3046K [0x00000000eab00000, 0x00000000eb400000, 0x0000000100000000)
  eden space 2048K, 100% used [0x00000000eab00000,0x00000000ead00000,0x00000000ead00000)
  from space 1024K, 97% used [0x00000000eb000000,0x00000000eb0f9bb0,0x00000000eb100000)
  to   space 3072K, 0% used [0x00000000ead00000,0x00000000ead00000,0x00000000eb000000)
 ParOldGen       total 147968K, used 143775K [0x00000000c0000000, 0x00000000c9080000, 0x00000000eab00000)
  object space 147968K, 97% used [0x00000000c0000000,0x00000000c8c67f80,0x00000000c9080000)
 Metaspace       used 80036K, committed 81280K, reserved 1122304K
  class space    used 8283K, committed 8832K, reserved 1048576K
}
Event: 21.424 GC heap after
{Heap after GC invocations=259 (full 11):
 PSYoungGen      total 5120K, used 2208K [0x00000000eab00000, 0x00000000eb280000, 0x0000000100000000)
  eden space 2048K, 0% used [0x00000000eab00000,0x00000000eab00000,0x00000000ead00000)
  from space 3072K, 71% used [0x00000000ead00000,0x00000000eaf28000,0x00000000eb000000)
  to   space 2560K, 0% used [0x00000000eb000000,0x00000000eb000000,0x00000000eb280000)
 ParOldGen       total 147968K, used 144820K [0x00000000c0000000, 0x00000000c9080000, 0x00000000eab00000)
  object space 147968K, 97% used [0x00000000c0000000,0x00000000c8d6d330,0x00000000c9080000)
 Metaspace       used 80036K, committed 81280K, reserved 1122304K
  class space    used 8283K, committed 8832K, reserved 1048576K
}
Event: 21.428 GC heap before
{Heap before GC invocations=260 (full 11):
 PSYoungGen      total 5120K, used 4256K [0x00000000eab00000, 0x00000000eb280000, 0x0000000100000000)
  eden space 2048K, 100% used [0x00000000eab00000,0x00000000ead00000,0x00000000ead00000)
  from space 3072K, 71% used [0x00000000ead00000,0x00000000eaf28000,0x00000000eb000000)
  to   space 2560K, 0% used [0x00000000eb000000,0x00000000eb000000,0x00000000eb280000)
 ParOldGen       total 147968K, used 144820K [0x00000000c0000000, 0x00000000c9080000, 0x00000000eab00000)
  object space 147968K, 97% used [0x00000000c0000000,0x00000000c8d6d330,0x00000000c9080000)
 Metaspace       used 80036K, committed 81280K, reserved 1122304K
  class space    used 8283K, committed 8832K, reserved 1048576K
}

Dll operation events (11 events):
Event: 0.008 Loaded shared library c:\Users\Roman\.vscode\extensions\redhat.java-1.14.0-win32-x64\jre\17.0.5-win32-x86_64\bin\java.dll
Event: 0.136 Loaded shared library c:\Users\Roman\.vscode\extensions\redhat.java-1.14.0-win32-x64\jre\17.0.5-win32-x86_64\bin\zip.dll
Event: 0.139 Loaded shared library C:\Users\Roman\.vscode\extensions\redhat.java-1.14.0-win32-x64\jre\17.0.5-win32-x86_64\bin\instrument.dll
Event: 0.151 Loaded shared library C:\Users\Roman\.vscode\extensions\redhat.java-1.14.0-win32-x64\jre\17.0.5-win32-x86_64\bin\net.dll
Event: 0.153 Loaded shared library C:\Users\Roman\.vscode\extensions\redhat.java-1.14.0-win32-x64\jre\17.0.5-win32-x86_64\bin\nio.dll
Event: 0.160 Loaded shared library C:\Users\Roman\.vscode\extensions\redhat.java-1.14.0-win32-x64\jre\17.0.5-win32-x86_64\bin\zip.dll
Event: 0.173 Loaded shared library C:\Users\Roman\.vscode\extensions\redhat.java-1.14.0-win32-x64\jre\17.0.5-win32-x86_64\bin\jimage.dll
Event: 0.212 Loaded shared library c:\Users\Roman\.vscode\extensions\redhat.java-1.14.0-win32-x64\jre\17.0.5-win32-x86_64\bin\verify.dll
Event: 0.973 Loaded shared library C:\Users\Roman\AppData\Roaming\Code\User\globalStorage\redhat.java\1.14.0\config_win\org.eclipse.equinox.launcher\org.eclipse.equinox.launcher.win32.win32.x86_64_1.2.700.v20221108-1024\eclipse_11801.dll
Event: 2.576 Loaded shared library C:\Users\Roman\AppData\Local\Temp\jna-79143389\jna606505828730904085.dll
Event: 12.421 Loaded shared library C:\Users\Roman\.vscode\extensions\redhat.java-1.14.0-win32-x64\jre\17.0.5-win32-x86_64\bin\sunmscapi.dll

Deoptimization events (20 events):
Event: 20.903 Thread 0x000001fb235ca500 Uncommon trap: trap_request=0xffffff45 fr.pc=0x000001fb11bee8c4 relative=0x0000000000000fa4
Event: 20.903 Thread 0x000001fb235ca500 Uncommon trap: reason=unstable_if action=reinterpret pc=0x000001fb11bee8c4 method=org.eclipse.jdt.core.dom.TypeBinding.isNullType()Z @ 7 c2
Event: 20.903 Thread 0x000001fb235ca500 DEOPT PACKING pc=0x000001fb11bee8c4 sp=0x00000075804fe490
Event: 20.903 Thread 0x000001fb235ca500 DEOPT UNPACKING pc=0x000001fb09d620a3 sp=0x00000075804fe388 mode 2
Event: 20.941 Thread 0x000001fb235ca500 Uncommon trap: trap_request=0xffffff66 fr.pc=0x000001fb11907644 relative=0x00000000000001a4
Event: 20.941 Thread 0x000001fb235ca500 Uncommon trap: reason=speculate_class_check action=maybe_recompile pc=0x000001fb11907644 method=java.util.stream.AbstractPipeline.spliterator()Ljava/util/Spliterator; @ 112 c2
Event: 20.941 Thread 0x000001fb235ca500 DEOPT PACKING pc=0x000001fb11907644 sp=0x00000075804fd910
Event: 20.941 Thread 0x000001fb235ca500 DEOPT UNPACKING pc=0x000001fb09d620a3 sp=0x00000075804fd8a0 mode 2
Event: 20.947 Thread 0x000001fb235ca500 Uncommon trap: trap_request=0xffffff66 fr.pc=0x000001fb11907644 relative=0x00000000000001a4
Event: 20.947 Thread 0x000001fb235ca500 Uncommon trap: reason=speculate_class_check action=maybe_recompile pc=0x000001fb11907644 method=java.util.stream.AbstractPipeline.spliterator()Ljava/util/Spliterator; @ 112 c2
Event: 20.947 Thread 0x000001fb235ca500 DEOPT PACKING pc=0x000001fb11907644 sp=0x00000075804fd8a0
Event: 20.947 Thread 0x000001fb235ca500 DEOPT UNPACKING pc=0x000001fb09d620a3 sp=0x00000075804fd830 mode 2
Event: 21.414 Thread 0x000001fb235ca500 DEOPT PACKING pc=0x000001fb0b78ab90 sp=0x00000075804fd900
Event: 21.414 Thread 0x000001fb235ca500 DEOPT UNPACKING pc=0x000001fb09d62843 sp=0x00000075804fcda0 mode 0
Event: 21.415 Thread 0x000001fb235ca500 DEOPT PACKING pc=0x000001fb0b78ab90 sp=0x00000075804fd900
Event: 21.415 Thread 0x000001fb235ca500 DEOPT UNPACKING pc=0x000001fb09d62843 sp=0x00000075804fcda0 mode 0
Event: 21.415 Thread 0x000001fb235ca500 DEOPT PACKING pc=0x000001fb0b78ab90 sp=0x00000075804fd900
Event: 21.415 Thread 0x000001fb235ca500 DEOPT UNPACKING pc=0x000001fb09d62843 sp=0x00000075804fcda0 mode 0
Event: 21.415 Thread 0x000001fb235ca500 DEOPT PACKING pc=0x000001fb0b78ab90 sp=0x00000075804fd900
Event: 21.415 Thread 0x000001fb235ca500 DEOPT UNPACKING pc=0x000001fb09d62843 sp=0x00000075804fcda0 mode 0

Classes unloaded (7 events):
Event: 1.593 Thread 0x000001fb1ca911b0 Unloading class 0x0000000100216400 'java/lang/invoke/LambdaForm$MH+0x0000000100216400'
Event: 1.593 Thread 0x000001fb1ca911b0 Unloading class 0x0000000100216000 'java/lang/invoke/LambdaForm$MH+0x0000000100216000'
Event: 1.593 Thread 0x000001fb1ca911b0 Unloading class 0x0000000100215c00 'java/lang/invoke/LambdaForm$MH+0x0000000100215c00'
Event: 1.593 Thread 0x000001fb1ca911b0 Unloading class 0x0000000100215800 'java/lang/invoke/LambdaForm$MH+0x0000000100215800'
Event: 1.593 Thread 0x000001fb1ca911b0 Unloading class 0x0000000100215000 'java/lang/invoke/LambdaForm$BMH+0x0000000100215000'
Event: 1.593 Thread 0x000001fb1ca911b0 Unloading class 0x0000000100214c00 'java/lang/invoke/LambdaForm$DMH+0x0000000100214c00'
Event: 1.593 Thread 0x000001fb1ca911b0 Unloading class 0x0000000100212000 'java/lang/invoke/LambdaForm$DMH+0x0000000100212000'

Classes redefined (0 events):
No events

Internal exceptions (20 events):
Event: 21.127 Thread 0x000001fb235c8820 Implicit null exception at 0x000001fb0ba7a376 to 0x000001fb0ba7a9fd
Event: 21.127 Thread 0x000001fb235c8820 Exception <a 'java/lang/NullPointerException'{0x00000000eac0fa10}> (0x00000000eac0fa10) 
thrown [s\src\hotspot\share\runtime\sharedRuntime.cpp, line 628]
Event: 21.127 Thread 0x000001fb235c8820 Implicit null exception at 0x000001fb0ba7a376 to 0x000001fb0ba7a9fd
Event: 21.127 Thread 0x000001fb235c8820 Exception <a 'java/lang/NullPointerException'{0x00000000eac11cd8}> (0x00000000eac11cd8) 
thrown [s\src\hotspot\share\runtime\sharedRuntime.cpp, line 628]
Event: 21.127 Thread 0x000001fb235c8820 Implicit null exception at 0x000001fb0ba7a376 to 0x000001fb0ba7a9fd
Event: 21.127 Thread 0x000001fb235c8820 Exception <a 'java/lang/NullPointerException'{0x00000000eac32620}> (0x00000000eac32620) 
thrown [s\src\hotspot\share\runtime\sharedRuntime.cpp, line 628]
Event: 21.127 Thread 0x000001fb235c8820 Implicit null exception at 0x000001fb0ba7a376 to 0x000001fb0ba7a9fd
Event: 21.127 Thread 0x000001fb235c8820 Exception <a 'java/lang/NullPointerException'{0x00000000eac355f8}> (0x00000000eac355f8) 
thrown [s\src\hotspot\share\runtime\sharedRuntime.cpp, line 628]
Event: 21.127 Thread 0x000001fb235c8820 Implicit null exception at 0x000001fb0ba7a376 to 0x000001fb0ba7a9fd
Event: 21.127 Thread 0x000001fb235c8820 Exception <a 'java/lang/NullPointerException'{0x00000000eac38b28}> (0x00000000eac38b28) 
thrown [s\src\hotspot\share\runtime\sharedRuntime.cpp, line 628]
Event: 21.127 Thread 0x000001fb235c8820 Implicit null exception at 0x000001fb0ba7a376 to 0x000001fb0ba7a9fd
Event: 21.127 Thread 0x000001fb235c8820 Exception <a 'java/lang/NullPointerException'{0x00000000eac3b920}> (0x00000000eac3b920) 
thrown [s\src\hotspot\share\runtime\sharedRuntime.cpp, line 628]
Event: 21.127 Thread 0x000001fb235c8820 Implicit null exception at 0x000001fb0ba7a376 to 0x000001fb0ba7a9fd
Event: 21.127 Thread 0x000001fb235c8820 Exception <a 'java/lang/NullPointerException'{0x00000000eac3d1b8}> (0x00000000eac3d1b8) 
thrown [s\src\hotspot\share\runtime\sharedRuntime.cpp, line 628]
Event: 21.128 Thread 0x000001fb235c8820 Implicit null exception at 0x000001fb0ba7a376 to 0x000001fb0ba7a9fd
Event: 21.128 Thread 0x000001fb235c8820 Exception <a 'java/lang/NullPointerException'{0x00000000eac52ff0}> (0x00000000eac52ff0) 
thrown [s\src\hotspot\share\runtime\sharedRuntime.cpp, line 628]
Event: 21.128 Thread 0x000001fb235c8820 Implicit null exception at 0x000001fb0ba7a376 to 0x000001fb0ba7a9fd
Event: 21.128 Thread 0x000001fb235c8820 Exception <a 'java/lang/NullPointerException'{0x00000000eac58938}> (0x00000000eac58938) 
thrown [s\src\hotspot\share\runtime\sharedRuntime.cpp, line 628]
Event: 21.128 Thread 0x000001fb235c8820 Implicit null exception at 0x000001fb0ba7a376 to 0x000001fb0ba7a9fd
Event: 21.128 Thread 0x000001fb235c8820 Exception <a 'java/lang/NullPointerException'{0x00000000eac5b910}> (0x00000000eac5b910) 
thrown [s\src\hotspot\share\runtime\sharedRuntime.cpp, line 628]

VM Operations (20 events):
Event: 20.976 Executing VM operation: ParallelGCFailedAllocation done
Event: 20.981 Executing VM operation: ParallelGCFailedAllocation
Event: 20.983 Executing VM operation: ParallelGCFailedAllocation done
Event: 20.991 Executing VM operation: ParallelGCFailedAllocation
Event: 20.993 Executing VM operation: ParallelGCFailedAllocation done
Event: 21.002 Executing VM operation: ParallelGCFailedAllocation
Event: 21.004 Executing VM operation: ParallelGCFailedAllocation done
Event: 21.092 Executing VM operation: ParallelGCFailedAllocation
Event: 21.093 Executing VM operation: ParallelGCFailedAllocation done
Event: 21.106 Executing VM operation: ParallelGCFailedAllocation
Event: 21.107 Executing VM operation: ParallelGCFailedAllocation done
Event: 21.120 Executing VM operation: ParallelGCFailedAllocation
Event: 21.122 Executing VM operation: ParallelGCFailedAllocation done
Event: 21.135 Executing VM operation: ParallelGCFailedAllocation
Event: 21.137 Executing VM operation: ParallelGCFailedAllocation done
Event: 21.416 Executing VM operation: ParallelGCFailedAllocation
Event: 21.418 Executing VM operation: ParallelGCFailedAllocation done
Event: 21.421 Executing VM operation: ParallelGCFailedAllocation
Event: 21.425 Executing VM operation: ParallelGCFailedAllocation done
Event: 21.428 Executing VM operation: ParallelGCFailedAllocation

Events (20 events):
Event: 20.104 Thread 0x000001fb1cad7f20 flushing nmethod 0x000001fb11e86710
Event: 20.104 Thread 0x000001fb1cad7f20 flushing nmethod 0x000001fb11ed7e90
Event: 20.104 Thread 0x000001fb1cad7f20 flushing nmethod 0x000001fb11f42610
Event: 20.108 Thread 0x000001fb1cad7f20 flushing nmethod 0x000001fb0a83b890
Event: 20.109 Thread 0x000001fb1cad7f20 flushing nmethod 0x000001fb0a9ad090
Event: 20.110 Thread 0x000001fb1cad7f20 flushing nmethod 0x000001fb0ac23b10
Event: 20.114 Thread 0x000001fb1cad7f20 flushing nmethod 0x000001fb0b43ef10
Event: 20.115 Thread 0x000001fb1cad7f20 flushing nmethod 0x000001fb0b621490
Event: 20.115 Thread 0x000001fb1cad7f20 flushing nmethod 0x000001fb0b63c990
Event: 20.116 Thread 0x000001fb1cad7f20 flushing nmethod 0x000001fb0b839590
Event: 20.343 Thread 0x000001fb2101f570 Thread exited: 0x000001fb2101f570
Event: 20.344 Thread 0x000001fb2101f060 Thread exited: 0x000001fb2101f060
Event: 20.393 Thread 0x000001fb210204a0 Thread added: 0x000001fb210204a0
Event: 20.572 Thread 0x000001fb210204a0 Thread exited: 0x000001fb210204a0
Event: 20.645 Thread 0x000001fb2101f060 Thread added: 0x000001fb2101f060
Event: 20.693 Thread 0x000001fb2101f570 Thread added: 0x000001fb2101f570
Event: 20.900 Thread 0x000001fb2101f570 Thread exited: 0x000001fb2101f570
Event: 20.998 Thread 0x000001fb24a93bb0 Thread added: 0x000001fb24a93bb0
Event: 21.404 Thread 0x000001fb2101f060 Thread exited: 0x000001fb2101f060
Event: 21.404 Thread 0x000001fb24a93bb0 Thread exited: 0x000001fb24a93bb0


Dynamic libraries:
0x00007ff610d10000 - 0x00007ff610d1e000 	c:\Users\Roman\.vscode\extensions\redhat.java-1.14.0-win32-x64\jre\17.0.5-win32-x86_64\bin\java.exe
0x00007ffd148f0000 - 0x00007ffd14b04000 	C:\WINDOWS\SYSTEM32\ntdll.dll
0x00007ffd133e0000 - 0x00007ffd134a3000 	C:\WINDOWS\System32\KERNEL32.DLL
0x00007ffd11f20000 - 0x00007ffd122bc000 	C:\WINDOWS\System32\KERNELBASE.dll
0x00007ffd123e0000 - 0x00007ffd124f1000 	C:\WINDOWS\System32\ucrtbase.dll
0x00007ffce79d0000 - 0x00007ffce79e7000 	c:\Users\Roman\.vscode\extensions\redhat.java-1.14.0-win32-x64\jre\17.0.5-win32-x86_64\bin\jli.dll
0x00007ffce79f0000 - 0x00007ffce7a09000 	c:\Users\Roman\.vscode\extensions\redhat.java-1.14.0-win32-x64\jre\17.0.5-win32-x86_64\bin\VCRUNTIME140.dll
0x00007ffd12bb0000 - 0x00007ffd12d5d000 	C:\WINDOWS\System32\USER32.dll
0x00007ffd10f20000 - 0x00007ffd111ae000 	C:\WINDOWS\WinSxS\amd64_microsoft.windows.common-controls_6595b64144ccf1df_6.0.22621.608_none_a9444ca7c10bb01d\COMCTL32.dll
0x00007ffd125a0000 - 0x00007ffd125c6000 	C:\WINDOWS\System32\win32u.dll
0x00007ffd139a0000 - 0x00007ffd139c9000 	C:\WINDOWS\System32\GDI32.dll
0x00007ffd122c0000 - 0x00007ffd123d2000 	C:\WINDOWS\System32\gdi32full.dll
0x00007ffd12500000 - 0x00007ffd1259a000 	C:\WINDOWS\System32\msvcp_win.dll
0x00007ffd14800000 - 0x00007ffd148a7000 	C:\WINDOWS\System32\msvcrt.dll
0x00007ffd134e0000 - 0x00007ffd13512000 	C:\WINDOWS\System32\IMM32.DLL
0x00007ffce90d0000 - 0x00007ffce90dc000 	c:\Users\Roman\.vscode\extensions\redhat.java-1.14.0-win32-x64\jre\17.0.5-win32-x86_64\bin\vcruntime140_1.dll
0x00007ffc90380000 - 0x00007ffc90411000 	c:\Users\Roman\.vscode\extensions\redhat.java-1.14.0-win32-x64\jre\17.0.5-win32-x86_64\bin\msvcp140.dll
0x00007ffc8f730000 - 0x00007ffc90374000 	c:\Users\Roman\.vscode\extensions\redhat.java-1.14.0-win32-x64\jre\17.0.5-win32-x86_64\bin\server\jvm.dll
0x00007ffd12b00000 - 0x00007ffd12bae000 	C:\WINDOWS\System32\ADVAPI32.dll
0x00007ffd12700000 - 0x00007ffd127a4000 	C:\WINDOWS\System32\sechost.dll
0x00007ffd129e0000 - 0x00007ffd12af5000 	C:\WINDOWS\System32\RPCRT4.dll
0x00007ffcfa010000 - 0x00007ffcfa019000 	C:\WINDOWS\SYSTEM32\WSOCK32.dll
0x00007ffd08610000 - 0x00007ffd0861a000 	C:\WINDOWS\SYSTEM32\VERSION.dll
0x00007ffd0eda0000 - 0x00007ffd0edd4000 	C:\WINDOWS\SYSTEM32\WINMM.dll
0x00007ffd12e70000 - 0x00007ffd12ee1000 	C:\WINDOWS\System32\WS2_32.dll
0x00007ffd104c0000 - 0x00007ffd104d8000 	C:\WINDOWS\SYSTEM32\kernel.appcore.dll
0x00007ffce79c0000 - 0x00007ffce79ca000 	c:\Users\Roman\.vscode\extensions\redhat.java-1.14.0-win32-x64\jre\17.0.5-win32-x86_64\bin\jimage.dll
0x00007ffd115b0000 - 0x00007ffd117de000 	C:\WINDOWS\SYSTEM32\DBGHELP.DLL
0x00007ffd13030000 - 0x00007ffd133ba000 	C:\WINDOWS\System32\combase.dll
0x00007ffd12f50000 - 0x00007ffd13027000 	C:\WINDOWS\System32\OLEAUT32.dll
0x00007ffd11470000 - 0x00007ffd114a2000 	C:\WINDOWS\SYSTEM32\dbgcore.DLL
0x00007ffd11ea0000 - 0x00007ffd11f1b000 	C:\WINDOWS\System32\bcryptPrimitives.dll
0x00007ffce79b0000 - 0x00007ffce79be000 	c:\Users\Roman\.vscode\extensions\redhat.java-1.14.0-win32-x64\jre\17.0.5-win32-x86_64\bin\instrument.dll
0x00007ffc960a0000 - 0x00007ffc960c5000 	c:\Users\Roman\.vscode\extensions\redhat.java-1.14.0-win32-x64\jre\17.0.5-win32-x86_64\bin\java.dll
0x00007ffc8f710000 - 0x00007ffc8f728000 	c:\Users\Roman\.vscode\extensions\redhat.java-1.14.0-win32-x64\jre\17.0.5-win32-x86_64\bin\zip.dll
0x00007ffd13de0000 - 0x00007ffd145cf000 	C:\WINDOWS\System32\SHELL32.dll
0x00007ffd0f2e0000 - 0x00007ffd0fba8000 	C:\WINDOWS\SYSTEM32\windows.storage.dll
0x00007ffd0f1a0000 - 0x00007ffd0f2de000 	C:\WINDOWS\SYSTEM32\wintypes.dll
0x00007ffd12d60000 - 0x00007ffd12e51000 	C:\WINDOWS\System32\SHCORE.dll
0x00007ffd147a0000 - 0x00007ffd147fe000 	C:\WINDOWS\System32\shlwapi.dll
0x00007ffd11c60000 - 0x00007ffd11c81000 	C:\WINDOWS\SYSTEM32\profapi.dll
0x00007ffc8f6f0000 - 0x00007ffc8f709000 	C:\Users\Roman\.vscode\extensions\redhat.java-1.14.0-win32-x64\jre\17.0.5-win32-x86_64\bin\net.dll
0x00007ffd0b100000 - 0x00007ffd0b22f000 	C:\WINDOWS\SYSTEM32\WINHTTP.dll
0x00007ffd10970000 - 0x00007ffd109d9000 	C:\WINDOWS\system32\mswsock.dll
0x00007ffc8f6d0000 - 0x00007ffc8f6e5000 	C:\Users\Roman\.vscode\extensions\redhat.java-1.14.0-win32-x64\jre\17.0.5-win32-x86_64\bin\nio.dll
0x00007ffce79a0000 - 0x00007ffce79b0000 	c:\Users\Roman\.vscode\extensions\redhat.java-1.14.0-win32-x64\jre\17.0.5-win32-x86_64\bin\verify.dll
0x00007ffc8f580000 - 0x00007ffc8f5be000 	C:\Users\Roman\AppData\Roaming\Code\User\globalStorage\redhat.java\1.14.0\config_win\org.eclipse.equinox.launcher\org.eclipse.equinox.launcher.win32.win32.x86_64_1.2.700.v20221108-1024\eclipse_11801.dll
0x00007ffd127b0000 - 0x00007ffd1294c000 	C:\WINDOWS\System32\ole32.dll
0x00007ffd118d0000 - 0x00007ffd118eb000 	C:\WINDOWS\SYSTEM32\CRYPTSP.dll
0x00007ffd10780000 - 0x00007ffd107b5000 	C:\WINDOWS\system32\rsaenh.dll
0x00007ffd10d60000 - 0x00007ffd10d88000 	C:\WINDOWS\SYSTEM32\USERENV.dll
0x00007ffd114b0000 - 0x00007ffd114d8000 	C:\WINDOWS\SYSTEM32\bcrypt.dll
0x00007ffd10d90000 - 0x00007ffd10d9c000 	C:\WINDOWS\SYSTEM32\CRYPTBASE.dll
0x00007ffd0ffd0000 - 0x00007ffd0fffd000 	C:\WINDOWS\SYSTEM32\IPHLPAPI.DLL
0x00007ffd13ad0000 - 0x00007ffd13ad9000 	C:\WINDOWS\System32\NSI.dll
0x00007ffd0aed0000 - 0x00007ffd0aee9000 	C:\WINDOWS\SYSTEM32\dhcpcsvc6.DLL
0x00007ffd0aeb0000 - 0x00007ffd0aecf000 	C:\WINDOWS\SYSTEM32\dhcpcsvc.DLL
0x00007ffd10040000 - 0x00007ffd10133000 	C:\WINDOWS\SYSTEM32\DNSAPI.dll
0x00007ffcd41e0000 - 0x00007ffcd4220000 	C:\Users\Roman\AppData\Local\Temp\jna-79143389\jna606505828730904085.dll
0x00007ffd134d0000 - 0x00007ffd134d8000 	C:\WINDOWS\System32\PSAPI.DLL
0x00007ffd09790000 - 0x00007ffd0979e000 	C:\Users\Roman\.vscode\extensions\redhat.java-1.14.0-win32-x64\jre\17.0.5-win32-x86_64\bin\sunmscapi.dll
0x00007ffd11d30000 - 0x00007ffd11e96000 	C:\WINDOWS\System32\CRYPT32.dll
0x00007ffd10ef0000 - 0x00007ffd10f1d000 	C:\WINDOWS\SYSTEM32\ncrypt.dll
0x00007ffd10eb0000 - 0x00007ffd10ee7000 	C:\WINDOWS\SYSTEM32\NTASN1.dll
0x00007ffd00c30000 - 0x00007ffd00c3a000 	C:\Windows\System32\rasadhlp.dll
0x00007ffd089c0000 - 0x00007ffd08a43000 	C:\WINDOWS\System32\fwpuclnt.dll

dbghelp: loaded successfully - version: 4.0.5 - missing functions: none
symbol engine: initialized successfully - sym options: 0x614 - pdb path: .;c:\Users\Roman\.vscode\extensions\redhat.java-1.14.0-win32-x64\jre\17.0.5-win32-x86_64\bin;C:\WINDOWS\SYSTEM32;C:\WINDOWS\WinSxS\amd64_microsoft.windows.common-controls_6595b64144ccf1df_6.0.22621.608_none_a9444ca7c10bb01d;c:\Users\Roman\.vscode\extensions\redhat.java-1.14.0-win32-x64\jre\17.0.5-win32-x86_64\bin\server;C:\Users\Roman\AppData\Roaming\Code\User\globalStorage\redhat.java\1.14.0\config_win\org.eclipse.equinox.launcher\org.eclipse.equinox.launcher.win32.win32.x86_64_1.2.700.v20221108-1024;C:\Users\Roman\AppData\Local\Temp\jna-79143389

VM Arguments:
jvm_args: --add-modules=ALL-SYSTEM --add-opens=java.base/java.util=ALL-UNNAMED --add-opens=java.base/java.lang=ALL-UNNAMED --add-opens=java.base/sun.nio.fs=ALL-UNNAMED -Declipse.application=org.eclipse.jdt.ls.core.id1 -Dosgi.bundles.defaultStartLevel=4 -Declipse.product=org.eclipse.jdt.ls.core.product -Djava.import.generatesMetadataFilesAtProjectRoot=false -Dfile.encoding=utf8 -XX:+UseParallelGC -XX:GCTimeRatio=4 -XX:AdaptiveSizePolicyWeight=90 -Dsun.zip.disableMemoryMapping=true -Xmx1G -Xms100m -Xlog:disable -javaagent:c:\Users\Roman\.vscode\extensions\redhat.java-1.14.0-win32-x64\lombok\lombok-1.18.24.jar -XX:+HeapDumpOnOutOfMemoryError -XX:HeapDumpPath=c:\Users\Roman\AppData\Roaming\Code\User\workspaceStorage\1052b6cd02e6a304d52dd17692175711\redhat.java 
java_command: c:\Users\Roman\.vscode\extensions\redhat.java-1.14.0-win32-x64\server\plugins\org.eclipse.equinox.launcher_1.6.400.v20210924-0641.jar -configuration c:\Users\Roman\AppData\Roaming\Code\User\globalStorage\redhat.java\1.14.0\config_win -data c:\Users\Roman\AppData\Roaming\Code\User\workspaceStorage\1052b6cd02e6a304d52dd17692175711\redhat.java\jdt_ws
java_class_path (initial): c:\Users\Roman\.vscode\extensions\redhat.java-1.14.0-win32-x64\server\plugins\org.eclipse.equinox.launcher_1.6.400.v20210924-0641.jar
Launcher Type: SUN_STANDARD

[Global flags]
    uintx AdaptiveSizePolicyWeight                 = 90                                        {product} {command line}
     intx CICompilerCount                          = 4                                         {product} {ergonomic}
    uintx GCTimeRatio                              = 4                                         {product} {command line}
     bool HeapDumpOnOutOfMemoryError               = true                                   {manageable} {command line}
    ccstr HeapDumpPath                             = c:\Users\Roman\AppData\Roaming\Code\User\workspaceStorage\1052b6cd02e6a304d52dd17692175711\redhat.java         {manageable} {command line}
   size_t InitialHeapSize                          = 104857600                                 {product} {command line}
   size_t MaxHeapSize                              = 1073741824                                {product} {command line}
   size_t MaxNewSize                               = 357564416                                 {product} {ergonomic}
   size_t MinHeapDeltaBytes                        = 524288                                    {product} {ergonomic}
   size_t MinHeapSize                              = 104857600                                 {product} {command line}
   size_t NewSize                                  = 34603008                                  {product} {ergonomic}
    uintx NonNMethodCodeHeapSize                   = 5839372                                {pd product} {ergonomic}
    uintx NonProfiledCodeHeapSize                  = 122909434                              {pd product} {ergonomic}
   size_t OldSize                                  = 70254592                                  {product} {ergonomic}
    uintx ProfiledCodeHeapSize                     = 122909434                              {pd product} {ergonomic}
    uintx ReservedCodeCacheSize                    = 251658240                              {pd product} {ergonomic}
     bool SegmentedCodeCache                       = true                                      {product} {ergonomic}
   size_t SoftMaxHeapSize                          = 1073741824                             {manageable} {ergonomic}
     bool UseCompressedClassPointers               = true                           {product lp64_product} {ergonomic}
     bool UseCompressedOops                        = true                           {product lp64_product} {ergonomic}
     bool UseLargePagesIndividualAllocation        = false                                  {pd product} {ergonomic}
     bool UseParallelGC                            = true                                      {product} {command line}

Logging:
Log output configuration:
 #0: stdout all=off uptime,level,tags
 #1: stderr all=off uptime,level,tags

Environment Variables:
JAVA_HOME=C:\Program Files\Java\jdk-17
PATH=C:\Program Files\Common Files\Oracle\Java\javapath;C:\Program Files (x86)\Common Files\Oracle\Java\javapath;C:\WINDOWS\system32;C:\WINDOWS;C:\WINDOWS\System32\Wbem;C:\WINDOWS\System32\WindowsPowerShell\v1.0\;C:\WINDOWS\System32\OpenSSH\;C:\Program Files\Java\apache-maven-3.6.3\bin;C:\Program Files\Maven\apache-maven-3.9.0\bin;C:\Program Files\Java\jdk-17\bin;C:\Program Files\Git\cmd;C:\Program Files\gradle-6.3\gradle-6.3\bin;C:\Program Files\Go\bin;C:\ProgramData\chocolatey\bin;C:\Program Files\Docker\Docker\resources\bin;C:\ProgramData\DockerDesktop\version-bin;C:\Program Files\JBOSS\wildfly-8.1.0.Final\bin;C:\Program Files\nodejs\;C:\Program Files\Protoc\bin;C:\Users\Roman\.jbang\bin;C:\Program Files\MySQL\MySQL Shell 8.0\bin\;C:\Users\Roman\AppData\Local\Microsoft\WindowsApps;C:\Users\Roman\AppData\Local\Programs\Microsoft VS Code\bin;C:\Users\Roman\go\bin;C:\Program Files\Java\jdk1.8.0_321\bin;C:\Program Files\Maven\apache-maven-3.6.3\bin;C:\Users\Roman\AppData\Local\GitHubDesktop\bin;C:\Users\Roman\AppData\Roaming\npm
USERNAME=Roman
OS=Windows_NT
PROCESSOR_IDENTIFIER=AMD64 Family 23 Model 96 Stepping 1, AuthenticAMD
TMP=C:\Users\Roman\AppData\Local\Temp
TEMP=C:\Users\Roman\AppData\Local\Temp



---------------  S Y S T E M  ---------------

OS:
 Windows 11 , 64 bit Build 22621 (10.0.22621.1194)
OS uptime: 0 days 0:06 hours
Hyper-V role detected

CPU: total 12 (initial active 12) (12 cores per cpu, 2 threads per core) family 23 model 96 stepping 1 microcode 0x0, cx8, cmov, fxsr, ht, mmx, 3dnowpref, sse, sse2, sse3, ssse3, sse4a, sse4.1, sse4.2, popcnt, lzcnt, tsc, tscinvbit, avx, avx2, aes, clmul, bmi1, bmi2, adx, sha, fma, vzeroupper, clflush, clflushopt, hv

Memory: 4k page, system-wide physical 15741M (7974M free)
TotalPageFile size 19581M (AvailPageFile size 9773M)
current process WorkingSet (physical memory assigned to process): 386M, peak: 439M
current process commit charge ("private bytes"): 419M, peak: 474M

vm_info: OpenJDK 64-Bit Server VM (17.0.5+8) for windows-amd64 JRE (17.0.5+8), built on Oct 19 2022 04:48:13 by "temurin" with MS VC++ 16.7 (VS2019)

END.
